#
# A fatal error has been detected by the Java Runtime Environment:
#
#  SIGSEGV (0xb) at pc=0x000000012b647bae, pid=82849, tid=775
#
# JRE version: Java(TM) SE Runtime Environment (8.0_91-b14) (build 1.8.0_91-b14)
# Java VM: Java HotSpot(TM) 64-Bit Server VM (25.91-b14 mixed mode bsd-amd64 compressed oops)
# Problematic frame:
# C  [liblwjgl_opengl.dylib+0xcbae]
#
# Failed to write core dump. Core dumps have been disabled. To enable core dumping, try "ulimit -c unlimited" before starting Java again
#
# If you would like to submit a bug report, please visit:
#   http://bugreport.java.com/bugreport/crash.jsp
# The crash happened outside the Java Virtual Machine in native code.
# See problematic frame for where to report the bug.
#

---------------  T H R E A D  ---------------

Current thread (0x00007ff491800000):  JavaThread "main" [_thread_in_native, id=775, stack(0x00007fff51a2f000,0x00007fff5222f000)]

siginfo: si_signo: 11 (SIGSEGV), si_code: 1 (SEGV_MAPERR), si_addr: 0x0000000000000078

Registers:
RAX=0x0000000000000000, RBX=0x00000001238bb188, RCX=0x000000010f3ec340, RDX=0x0000000000000007
RSP=0x00007fff5222a038, RBP=0x00007fff5222a088, RSI=0x00007fff5222a098, RDI=0x0000000000000007
R8 =0x000000010fbc8ee3, R9 =0x0000000000000000, R10=0x000000010fb7f9a8, R11=0x000000010f0b2357
R12=0x0000000000000000, R13=0x00000001238bb180, R14=0x00007fff5222a0a8, R15=0x00007ff491800000
RIP=0x000000012b647bae, EFLAGS=0x0000000000010212, ERR=0x0000000000000004
  TRAPNO=0x000000000000000e

Top of Stack: (sp=0x00007fff5222a038)
0x00007fff5222a038:   000000010fb7f9d4 000000010fb7f722
0x00007fff5222a048:   00007fff5222a048 00000001238bb180
0x00007fff5222a058:   00007fff5222a0a8 00000001238e5b10
0x00007fff5222a068:   0000000000000000 00000001238bb188
0x00007fff5222a078:   0000000000000000 00007fff5222a0a8
0x00007fff5222a088:   00007fff5222a0f0 000000010fb702bd
0x00007fff5222a098:   0000000795f38ec8 000000010fb79538
0x00007fff5222a0a8:   0000000000000007 00007fff5222a0b0
0x00007fff5222a0b8:   000000012376bd04 00007fff5222a138
0x00007fff5222a0c8:   000000012376c270 0000000000000000
0x00007fff5222a0d8:   000000012376bd98 00007fff5222a0a8
0x00007fff5222a0e8:   00007fff5222a138 00007fff5222a180
0x00007fff5222a0f8:   000000010fb702bd 0000000000000000
0x00007fff5222a108:   0000000000000000 0000000795f0ba00
0x00007fff5222a118:   0000000795ee3098 0000000795ee3060
0x00007fff5222a128:   0000000000000000 0000000795aa9528
0x00007fff5222a138:   00000007957d0a78 00007fff5222a140
0x00007fff5222a148:   000000012376bb41 00007fff5222a190
0x00007fff5222a158:   000000012376c270 0000000000000000
0x00007fff5222a168:   000000012376bb80 00007fff5222a138
0x00007fff5222a178:   00007fff5222a190 00007fff5222a1d8
0x00007fff5222a188:   000000010fb702bd 00000007957d0a78
0x00007fff5222a198:   00007fff5222a198 000000012376c0d7
0x00007fff5222a1a8:   00007fff5222a1e8 000000012376c270
0x00007fff5222a1b8:   0000000000000000 000000012376c0f0
0x00007fff5222a1c8:   00007fff5222a190 00007fff5222a1e8
0x00007fff5222a1d8:   00007fff5222a250 000000010fb687a7
0x00007fff5222a1e8:   00000007957c9fa0 0000000100001fa0
0x00007fff5222a1f8:   000000000000000a 00007ff491800000
0x00007fff5222a208:   0000000000000001 000000010fb6871f
0x00007fff5222a218:   000000012376c0f0 00007fff5222a2e8
0x00007fff5222a228:   00007fff5222a640 000000070000000a 

Instructions: (pc=0x000000012b647bae)
0x000000012b647b8e:   ff 60 60 66 66 66 66 66 66 2e 0f 1f 84 00 00 00
0x000000012b647b9e:   00 00 55 48 89 e5 48 8b 07 48 8b 40 18 89 d7 5d
0x000000012b647bae:   ff 60 78 66 66 66 66 66 66 2e 0f 1f 84 00 00 00
0x000000012b647bbe:   00 00 55 48 89 e5 48 8b 07 48 8b 40 18 48 8b 80 

Register to memory mapping:

RAX=0x0000000000000000 is an unknown value
RBX={method} {0x00000001238bb188} 'glBegin' '(I)V' in 'org/lwjgl/opengl/GL11'
RCX=0x000000010f3ec340: UseMembar+0 in /Library/Java/JavaVirtualMachines/jdk1.8.0_91.jdk/Contents/Home/jre/lib/server/libjvm.dylib at 0x000000010ebd4000
RDX=0x0000000000000007 is an unknown value
RSP=0x00007fff5222a038 is pointing into the stack for thread: 0x00007ff491800000
RBP=0x00007fff5222a088 is pointing into the stack for thread: 0x00007ff491800000
RSI=0x00007fff5222a098 is pointing into the stack for thread: 0x00007ff491800000
RDI=0x0000000000000007 is an unknown value
R8 =0x000000010fbc8ee3 is at code_begin+3 in 
[CodeBlob (0x000000010fbc8e90)]
Framesize: 0
BufferBlob (0x000000010fbc8e90) used for Signature Handler Temp Buffer
R9 =0x0000000000000000 is an unknown value
R10=0x000000010fb7f9a8 is at code_begin+808 in an Interpreter codelet
method entry point (kind = native)  [0x000000010fb7f680, 0x000000010fb7ff80]  2304 bytes
R11=0x000000010f0b2357: throw_unsatisfied_link_error+0 in /Library/Java/JavaVirtualMachines/jdk1.8.0_91.jdk/Contents/Home/jre/lib/server/libjvm.dylib at 0x000000010ebd4000
R12=0x0000000000000000 is an unknown value
R13=0x00000001238bb180 is pointing into metadata
R14=0x00007fff5222a0a8 is pointing into the stack for thread: 0x00007ff491800000
R15=0x00007ff491800000 is a thread


Stack: [0x00007fff51a2f000,0x00007fff5222f000],  sp=0x00007fff5222a038,  free space=8172k
Native frames: (J=compiled Java code, j=interpreted, Vv=VM code, C=native code)
C  [liblwjgl_opengl.dylib+0xcbae]
j  HelloWorld.init()V+252
j  HelloWorld.run()V+1
j  HelloWorld.main([Ljava/lang/String;)V+7
v  ~StubRoutines::call_stub
V  [libjvm.dylib+0x2ec1e6]
V  [libjvm.dylib+0x4ccdb4]
V  [libjvm.dylib+0x4cd2e8]
V  [libjvm.dylib+0x3445c8]
j  sun.reflect.NativeMethodAccessorImpl.invoke0(Ljava/lang/reflect/Method;Ljava/lang/Object;[Ljava/lang/Object;)Ljava/lang/Object;+0
j  sun.reflect.NativeMethodAccessorImpl.invoke(Ljava/lang/Object;[Ljava/lang/Object;)Ljava/lang/Object;+100
j  sun.reflect.DelegatingMethodAccessorImpl.invoke(Ljava/lang/Object;[Ljava/lang/Object;)Ljava/lang/Object;+6
j  java.lang.reflect.Method.invoke(Ljava/lang/Object;[Ljava/lang/Object;)Ljava/lang/Object;+56
j  com.intellij.rt.execution.application.AppMain.main([Ljava/lang/String;)V+170
v  ~StubRoutines::call_stub
V  [libjvm.dylib+0x2ec1e6]
V  [libjvm.dylib+0x322fbe]
V  [libjvm.dylib+0x31bd35]
C  [java+0x393e]  JavaMain+0x9b1
C  [java+0x559c]  -[JavaLaunchHelper launchJava:]+0x2a
C  [Foundation+0x7152a]  __NSThreadPerformPerform+0x146
C  [CoreFoundation+0xa43e1]  __CFRUNLOOP_IS_CALLING_OUT_TO_A_SOURCE0_PERFORM_FUNCTION__+0x11
C  [CoreFoundation+0x8565c]  __CFRunLoopDoSources0+0x22c
C  [CoreFoundation+0x84b46]  __CFRunLoopRun+0x3a6
C  [CoreFoundation+0x84544]  CFRunLoopRunSpecific+0x1a4
C  [java+0x6463]  CreateExecutionEnvironment+0x367
C  [java+0x21ac]  JLI_Launch+0x7a0
C  [java+0x84c0]  main+0x65
C  [java+0x1a04]  start+0x34
C  0x000000000000000b

Java frames: (J=compiled Java code, j=interpreted, Vv=VM code)
j  org.lwjgl.opengl.GL11.glBegin(I)V+0
j  HelloWorld.init()V+252
j  HelloWorld.run()V+1
j  HelloWorld.main([Ljava/lang/String;)V+7
v  ~StubRoutines::call_stub
j  sun.reflect.NativeMethodAccessorImpl.invoke0(Ljava/lang/reflect/Method;Ljava/lang/Object;[Ljava/lang/Object;)Ljava/lang/Object;+0
j  sun.reflect.NativeMethodAccessorImpl.invoke(Ljava/lang/Object;[Ljava/lang/Object;)Ljava/lang/Object;+100
j  sun.reflect.DelegatingMethodAccessorImpl.invoke(Ljava/lang/Object;[Ljava/lang/Object;)Ljava/lang/Object;+6
j  java.lang.reflect.Method.invoke(Ljava/lang/Object;[Ljava/lang/Object;)Ljava/lang/Object;+56
j  com.intellij.rt.execution.application.AppMain.main([Ljava/lang/String;)V+170
v  ~StubRoutines::call_stub

---------------  P R O C E S S  ---------------

Java Threads: ( => current thread )
  0x00007ff49011c000 JavaThread "Monitor Ctrl-Break" daemon [_thread_in_native, id=18947, stack(0x0000700007309000,0x0000700007409000)]
  0x00007ff491055800 JavaThread "Service Thread" daemon [_thread_blocked, id=17923, stack(0x0000700007103000,0x0000700007203000)]
  0x00007ff491831800 JavaThread "C1 CompilerThread2" daemon [_thread_blocked, id=17411, stack(0x0000700007000000,0x0000700007100000)]
  0x00007ff491054800 JavaThread "C2 CompilerThread1" daemon [_thread_in_native, id=16899, stack(0x0000700006efd000,0x0000700006ffd000)]
  0x00007ff491831000 JavaThread "C2 CompilerThread0" daemon [_thread_blocked, id=16387, stack(0x0000700006dfa000,0x0000700006efa000)]
  0x00007ff491053000 JavaThread "Signal Dispatcher" daemon [_thread_blocked, id=15883, stack(0x0000700006cf7000,0x0000700006df7000)]
  0x00007ff490012000 JavaThread "Finalizer" daemon [_thread_blocked, id=12291, stack(0x0000700006bf4000,0x0000700006cf4000)]
  0x00007ff49000f000 JavaThread "Reference Handler" daemon [_thread_blocked, id=11779, stack(0x0000700006af1000,0x0000700006bf1000)]
=>0x00007ff491800000 JavaThread "main" [_thread_in_native, id=775, stack(0x00007fff51a2f000,0x00007fff5222f000)]

Other Threads:
  0x00007ff49000a800 VMThread [stack: 0x00007000069ee000,0x0000700006aee000] [id=11267]
  0x00007ff491056000 WatcherThread [stack: 0x0000700007206000,0x0000700007306000] [id=18435]

VM state:not at safepoint (normal execution)

VM Mutex/Monitor currently owned by a thread: None

Heap:
 PSYoungGen      total 38400K, used 10809K [0x0000000795580000, 0x0000000798000000, 0x00000007c0000000)
  eden space 33280K, 32% used [0x0000000795580000,0x000000079600e6e8,0x0000000797600000)
  from space 5120K, 0% used [0x0000000797b00000,0x0000000797b00000,0x0000000798000000)
  to   space 5120K, 0% used [0x0000000797600000,0x0000000797600000,0x0000000797b00000)
 ParOldGen       total 87552K, used 0K [0x0000000740000000, 0x0000000745580000, 0x0000000795580000)
  object space 87552K, 0% used [0x0000000740000000,0x0000000740000000,0x0000000745580000)
 Metaspace       used 6270K, capacity 6480K, committed 6656K, reserved 1056768K
  class space    used 644K, capacity 740K, committed 768K, reserved 1048576K

Card table byte_map: [0x000000011eb68000,0x000000011ef69000] byte_map_base: 0x000000011b168000

Marking Bits: (ParMarkBitMap*) 0x000000010f4baeb0
 Begin Bits: [0x000000011ef69000, 0x0000000120f69000)
 End Bits:   [0x0000000120f69000, 0x0000000122f69000)

Polling page: 0x000000010da92000

CodeCache: size=245760Kb used=2511Kb max_used=2517Kb free=243248Kb
 bounds [0x000000010fb68000, 0x000000010fde8000, 0x000000011eb68000]
 total_blobs=1273 nmethods=552 adapters=635
 compilation: enabled

Compilation events (10 events):
Event: 7.775 Thread 0x00007ff491831800 nmethod 549 0x000000010fddbd90 code [0x000000010fddbee0, 0x000000010fddbff0]
Event: 7.775 Thread 0x00007ff491831800  550       3       java.nio.charset.CoderResult::isUnderflow (13 bytes)
Event: 7.775 Thread 0x00007ff491831800 nmethod 550 0x000000010fddba10 code [0x000000010fddbb80, 0x000000010fddbd30]
Event: 7.775 Thread 0x00007ff491831800  551       3       java.nio.ByteBuffer::array (35 bytes)
Event: 7.775 Thread 0x00007ff491054800  552   !   4       sun.misc.URLClassPath$JarLoader::getResource (85 bytes)
Event: 7.775 Thread 0x00007ff491831800 nmethod 551 0x000000010fddb410 code [0x000000010fddb5a0, 0x000000010fddb8b8]
Event: 7.775 Thread 0x00007ff491831800  553       3       java.lang.Character::isHighSurrogate (18 bytes)
Event: 7.775 Thread 0x00007ff491831800 nmethod 553 0x000000010fddb050 code [0x000000010fddb1c0, 0x000000010fddb390]
Event: 7.780 Thread 0x00007ff491831800  554       3       java.lang.ref.WeakReference::<init> (7 bytes)
Event: 7.780 Thread 0x00007ff491831800 nmethod 554 0x000000010fdda950 code [0x000000010fddaac0, 0x000000010fddad70]

GC Heap History (0 events):
No events

Deoptimization events (4 events):
Event: 0.173 Thread 0x00007ff491800000 Uncommon trap: reason=unstable_if action=reinterpret pc=0x000000010fc94b40 method=java.lang.String.indexOf(II)I @ 49
Event: 0.176 Thread 0x00007ff491800000 Uncommon trap: reason=unstable_if action=reinterpret pc=0x000000010fc91628 method=java.lang.String.hashCode()I @ 14
Event: 0.365 Thread 0x00007ff491800000 Uncommon trap: reason=unstable_if action=reinterpret pc=0x000000010fd1779c method=java.lang.String.indexOf([CII[CIII)I @ 134
Event: 7.743 Thread 0x00007ff491800000 Uncommon trap: reason=unstable_if action=reinterpret pc=0x000000010fd4e89c method=java.lang.String.replace(CC)Ljava/lang/String; @ 26

Internal exceptions (9 events):
Event: 0.049 Thread 0x00007ff491800000 Exception <a 'java/lang/NoSuchMethodError': Method sun.misc.Unsafe.defineClass(Ljava/lang/String;[BII)Ljava/lang/Class; name or signature does not match> (0x0000000795587cc0) thrown at [/Users/java_re/workspace/8-2-build-macosx-x86_64/jdk8u91/6644/hotspot
Event: 0.049 Thread 0x00007ff491800000 Exception <a 'java/lang/NoSuchMethodError': Method sun.misc.Unsafe.prefetchRead(Ljava/lang/Object;J)V name or signature does not match> (0x0000000795587fa8) thrown at [/Users/java_re/workspace/8-2-build-macosx-x86_64/jdk8u91/6644/hotspot/src/share/vm/prim
Event: 0.260 Thread 0x00007ff491800000 Exception <a 'java/lang/NoSuchMethodError': java.lang.Object.lambda$static$0(Ljava/lang/String;)Ljava/lang/Boolean;> (0x0000000795976fc0) thrown at [/Users/java_re/workspace/8-2-build-macosx-x86_64/jdk8u91/6644/hotspot/src/share/vm/interpreter/linkResolve
Event: 0.284 Thread 0x00007ff491800000 Exception <a 'java/lang/NoSuchFieldError': method resolution failed> (0x00000007959eee38) thrown at [/Users/java_re/workspace/8-2-build-macosx-x86_64/jdk8u91/6644/hotspot/src/share/vm/prims/methodHandles.cpp, line 1146]
Event: 0.297 Thread 0x00007ff491800000 Exception <a 'java/lang/NoSuchFieldError': method resolution failed> (0x00000007959fc420) thrown at [/Users/java_re/workspace/8-2-build-macosx-x86_64/jdk8u91/6644/hotspot/src/share/vm/prims/methodHandles.cpp, line 1146]
Event: 0.385 Thread 0x00007ff491800000 Exception <a 'java/security/PrivilegedActionException'> (0x0000000795ba4d68) thrown at [/Users/java_re/workspace/8-2-build-macosx-x86_64/jdk8u91/6644/hotspot/src/share/vm/prims/jvm.cpp, line 1386]
Event: 0.385 Thread 0x00007ff491800000 Exception <a 'java/security/PrivilegedActionException'> (0x0000000795ba5160) thrown at [/Users/java_re/workspace/8-2-build-macosx-x86_64/jdk8u91/6644/hotspot/src/share/vm/prims/jvm.cpp, line 1386]
Event: 0.386 Thread 0x00007ff491800000 Exception <a 'java/security/PrivilegedActionException'> (0x0000000795ba85e8) thrown at [/Users/java_re/workspace/8-2-build-macosx-x86_64/jdk8u91/6644/hotspot/src/share/vm/prims/jvm.cpp, line 1386]
Event: 0.386 Thread 0x00007ff491800000 Exception <a 'java/security/PrivilegedActionException'> (0x0000000795ba89e0) thrown at [/Users/java_re/workspace/8-2-build-macosx-x86_64/jdk8u91/6644/hotspot/src/share/vm/prims/jvm.cpp, line 1386]

Events (10 events):
Event: 7.777 loading class org/lwjgl/opengl/GL$4
Event: 7.777 loading class org/lwjgl/opengl/GL$4 done
Event: 7.778 loading class org/lwjgl/system/macosx/CoreFoundation
Event: 7.778 loading class org/lwjgl/system/macosx/CoreFoundation done
Event: 7.779 loading class org/lwjgl/opengl/GL$3
Event: 7.779 loading class org/lwjgl/opengl/GL$3 done
Event: 7.779 loading class org/lwjgl/opengl/GL$SharedLibraryGL
Event: 7.779 loading class org/lwjgl/opengl/GL$SharedLibraryGL done
Event: 7.780 loading class org/lwjgl/system/SharedLibrary$Delegate
Event: 7.780 loading class org/lwjgl/system/SharedLibrary$Delegate done


Dynamic libraries:
0x0000000012abd000 	/System/Library/Frameworks/Cocoa.framework/Versions/A/Cocoa
0x0000000012abd000 	/System/Library/Frameworks/Security.framework/Versions/A/Security
0x0000000012abd000 	/System/Library/Frameworks/ApplicationServices.framework/Versions/A/ApplicationServices
0x0000000012abd000 	/usr/lib/libz.1.dylib
0x0000000012abd000 	/usr/lib/libSystem.B.dylib
0x0000000012abd000 	/usr/lib/libobjc.A.dylib
0x0000000012abd000 	/System/Library/Frameworks/CoreFoundation.framework/Versions/A/CoreFoundation
0x0000000012abd000 	/System/Library/Frameworks/Foundation.framework/Versions/C/Foundation
0x0000000012abd000 	/System/Library/Frameworks/AppKit.framework/Versions/C/AppKit
0x0000000012abd000 	/System/Library/Frameworks/CoreData.framework/Versions/A/CoreData
0x0000000012abd000 	/System/Library/PrivateFrameworks/RemoteViewServices.framework/Versions/A/RemoteViewServices
0x0000000012abd000 	/System/Library/PrivateFrameworks/UIFoundation.framework/Versions/A/UIFoundation
0x0000000012abd000 	/System/Library/PrivateFrameworks/DFRFoundation.framework/Versions/A/DFRFoundation
0x0000000012abd000 	/usr/lib/libenergytrace.dylib
0x0000000012abd000 	/System/Library/PrivateFrameworks/SkyLight.framework/Versions/A/SkyLight
0x0000000012abd000 	/System/Library/Frameworks/CoreGraphics.framework/Versions/A/CoreGraphics
0x0000000012abd000 	/usr/lib/libScreenReader.dylib
0x0000000012abd000 	/System/Library/Frameworks/Accelerate.framework/Versions/A/Accelerate
0x0000000012abd000 	/System/Library/Frameworks/IOSurface.framework/Versions/A/IOSurface
0x0000000012abd000 	/System/Library/Frameworks/AudioToolbox.framework/Versions/A/AudioToolbox
0x0000000012abd000 	/System/Library/Frameworks/AudioUnit.framework/Versions/A/AudioUnit
0x0000000012abd000 	/System/Library/PrivateFrameworks/DataDetectorsCore.framework/Versions/A/DataDetectorsCore
0x0000000012abd000 	/System/Library/PrivateFrameworks/DesktopServicesPriv.framework/Versions/A/DesktopServicesPriv
0x0000000012abd000 	/System/Library/Frameworks/Carbon.framework/Versions/A/Frameworks/HIToolbox.framework/Versions/A/HIToolbox
0x0000000012abd000 	/usr/lib/libicucore.A.dylib
0x0000000012abd000 	/System/Library/Frameworks/QuartzCore.framework/Versions/A/QuartzCore
0x0000000012abd000 	/System/Library/Frameworks/Carbon.framework/Versions/A/Frameworks/SpeechRecognition.framework/Versions/A/SpeechRecognition
0x0000000012abd000 	/usr/lib/libauto.dylib
0x0000000012abd000 	/usr/lib/libxml2.2.dylib
0x0000000012abd000 	/System/Library/PrivateFrameworks/CoreUI.framework/Versions/A/CoreUI
0x0000000012abd000 	/System/Library/Frameworks/CoreAudio.framework/Versions/A/CoreAudio
0x0000000012abd000 	/System/Library/Frameworks/DiskArbitration.framework/Versions/A/DiskArbitration
0x0000000012abd000 	/usr/lib/liblangid.dylib
0x0000000012abd000 	/System/Library/PrivateFrameworks/MultitouchSupport.framework/Versions/A/MultitouchSupport
0x0000000012abd000 	/System/Library/Frameworks/IOKit.framework/Versions/A/IOKit
0x0000000012abd000 	/usr/lib/libDiagnosticMessagesClient.dylib
0x0000000012abd000 	/System/Library/Frameworks/CoreServices.framework/Versions/A/CoreServices
0x0000000012abd000 	/System/Library/PrivateFrameworks/PerformanceAnalysis.framework/Versions/A/PerformanceAnalysis
0x0000000012abd000 	/System/Library/PrivateFrameworks/GenerationalStorage.framework/Versions/A/GenerationalStorage
0x0000000012abd000 	/System/Library/Frameworks/OpenGL.framework/Versions/A/OpenGL
0x0000000012abd000 	/System/Library/Frameworks/CoreImage.framework/Versions/A/CoreImage
0x0000000012abd000 	/System/Library/Frameworks/CoreText.framework/Versions/A/CoreText
0x0000000012abd000 	/System/Library/Frameworks/ImageIO.framework/Versions/A/ImageIO
0x0000000012abd000 	/System/Library/PrivateFrameworks/Backup.framework/Versions/A/Backup
0x0000000012abd000 	/usr/lib/libarchive.2.dylib
0x0000000012abd000 	/System/Library/Frameworks/CFNetwork.framework/Versions/A/CFNetwork
0x0000000012abd000 	/System/Library/Frameworks/SystemConfiguration.framework/Versions/A/SystemConfiguration
0x0000000012abd000 	/usr/lib/libCRFSuite.dylib
0x0000000012abd000 	/usr/lib/libc++.1.dylib
0x0000000012abd000 	/usr/lib/libc++abi.dylib
0x0000000012abd000 	/usr/lib/system/libcache.dylib
0x0000000012abd000 	/usr/lib/system/libcommonCrypto.dylib
0x0000000012abd000 	/usr/lib/system/libcompiler_rt.dylib
0x0000000012abd000 	/usr/lib/system/libcopyfile.dylib
0x0000000012abd000 	/usr/lib/system/libcorecrypto.dylib
0x0000000012abd000 	/usr/lib/system/libdispatch.dylib
0x0000000012abd000 	/usr/lib/system/libdyld.dylib
0x0000000012abd000 	/usr/lib/system/libkeymgr.dylib
0x0000000012abd000 	/usr/lib/system/liblaunch.dylib
0x0000000012abd000 	/usr/lib/system/libmacho.dylib
0x0000000012abd000 	/usr/lib/system/libquarantine.dylib
0x0000000012abd000 	/usr/lib/system/libremovefile.dylib
0x0000000012abd000 	/usr/lib/system/libsystem_asl.dylib
0x0000000012abd000 	/usr/lib/system/libsystem_blocks.dylib
0x0000000012abd000 	/usr/lib/system/libsystem_c.dylib
0x0000000012abd000 	/usr/lib/system/libsystem_configuration.dylib
0x0000000012abd000 	/usr/lib/system/libsystem_coreservices.dylib
0x0000000012abd000 	/usr/lib/system/libsystem_coretls.dylib
0x0000000012abd000 	/usr/lib/system/libsystem_dnssd.dylib
0x0000000012abd000 	/usr/lib/system/libsystem_info.dylib
0x0000000012abd000 	/usr/lib/system/libsystem_kernel.dylib
0x0000000012abd000 	/usr/lib/system/libsystem_m.dylib
0x0000000012abd000 	/usr/lib/system/libsystem_malloc.dylib
0x0000000012abd000 	/usr/lib/system/libsystem_network.dylib
0x0000000012abd000 	/usr/lib/system/libsystem_networkextension.dylib
0x0000000012abd000 	/usr/lib/system/libsystem_notify.dylib
0x0000000012abd000 	/usr/lib/system/libsystem_platform.dylib
0x0000000012abd000 	/usr/lib/system/libsystem_pthread.dylib
0x0000000012abd000 	/usr/lib/system/libsystem_sandbox.dylib
0x0000000012abd000 	/usr/lib/system/libsystem_secinit.dylib
0x0000000012abd000 	/usr/lib/system/libsystem_symptoms.dylib
0x0000000012abd000 	/usr/lib/system/libsystem_trace.dylib
0x0000000012abd000 	/usr/lib/system/libunwind.dylib
0x0000000012abd000 	/usr/lib/system/libxpc.dylib
0x0000000012abd000 	/usr/lib/libbsm.0.dylib
0x0000000012abd000 	/usr/lib/system/libkxld.dylib
0x0000000012abd000 	/usr/lib/libcoretls.dylib
0x0000000012abd000 	/usr/lib/libcoretls_cfhelpers.dylib
0x0000000012abd000 	/usr/lib/libOpenScriptingUtil.dylib
0x0000000012abd000 	/usr/lib/libpam.2.dylib
0x0000000012abd000 	/usr/lib/libsqlite3.dylib
0x0000000012abd000 	/usr/lib/libxar.1.dylib
0x0000000012abd000 	/usr/lib/libbz2.1.0.dylib
0x0000000012abd000 	/usr/lib/liblzma.5.dylib
0x0000000012abd000 	/usr/lib/libnetwork.dylib
0x0000000012abd000 	/usr/lib/libpcap.A.dylib
0x0000000012abd000 	/System/Library/Frameworks/CoreServices.framework/Versions/A/Frameworks/FSEvents.framework/Versions/A/FSEvents
0x0000000012abd000 	/System/Library/Frameworks/CoreServices.framework/Versions/A/Frameworks/CarbonCore.framework/Versions/A/CarbonCore
0x0000000012abd000 	/System/Library/Frameworks/CoreServices.framework/Versions/A/Frameworks/Metadata.framework/Versions/A/Metadata
0x0000000012abd000 	/System/Library/Frameworks/CoreServices.framework/Versions/A/Frameworks/OSServices.framework/Versions/A/OSServices
0x0000000012abd000 	/System/Library/Frameworks/CoreServices.framework/Versions/A/Frameworks/SearchKit.framework/Versions/A/SearchKit
0x0000000012abd000 	/System/Library/Frameworks/CoreServices.framework/Versions/A/Frameworks/AE.framework/Versions/A/AE
0x0000000012abd000 	/System/Library/Frameworks/CoreServices.framework/Versions/A/Frameworks/LaunchServices.framework/Versions/A/LaunchServices
0x0000000012abd000 	/System/Library/Frameworks/CoreServices.framework/Versions/A/Frameworks/DictionaryServices.framework/Versions/A/DictionaryServices
0x0000000012abd000 	/System/Library/Frameworks/CoreServices.framework/Versions/A/Frameworks/SharedFileList.framework/Versions/A/SharedFileList
0x0000000012abd000 	/System/Library/Frameworks/NetFS.framework/Versions/A/NetFS
0x0000000012abd000 	/System/Library/PrivateFrameworks/NetAuth.framework/Versions/A/NetAuth
0x0000000012abd000 	/System/Library/PrivateFrameworks/login.framework/Versions/A/Frameworks/loginsupport.framework/Versions/A/loginsupport
0x0000000012abd000 	/System/Library/PrivateFrameworks/TCC.framework/Versions/A/TCC
0x0000000012abd000 	/usr/lib/libmecabra.dylib
0x0000000012abd000 	/System/Library/Frameworks/ApplicationServices.framework/Versions/A/Frameworks/ATS.framework/Versions/A/ATS
0x0000000012abd000 	/System/Library/Frameworks/ApplicationServices.framework/Versions/A/Frameworks/ColorSync.framework/Versions/A/ColorSync
0x0000000012abd000 	/System/Library/Frameworks/ApplicationServices.framework/Versions/A/Frameworks/HIServices.framework/Versions/A/HIServices
0x0000000012abd000 	/System/Library/Frameworks/ApplicationServices.framework/Versions/A/Frameworks/LangAnalysis.framework/Versions/A/LangAnalysis
0x0000000012abd000 	/System/Library/Frameworks/ApplicationServices.framework/Versions/A/Frameworks/PrintCore.framework/Versions/A/PrintCore
0x0000000012abd000 	/System/Library/Frameworks/ApplicationServices.framework/Versions/A/Frameworks/QD.framework/Versions/A/QD
0x0000000012abd000 	/System/Library/Frameworks/ApplicationServices.framework/Versions/A/Frameworks/SpeechSynthesis.framework/Versions/A/SpeechSynthesis
0x0000000012abd000 	/System/Library/Frameworks/Accelerate.framework/Versions/A/Frameworks/vImage.framework/Versions/A/vImage
0x0000000012abd000 	/System/Library/Frameworks/Accelerate.framework/Versions/A/Frameworks/vecLib.framework/Versions/A/vecLib
0x0000000012abd000 	/System/Library/Frameworks/Accelerate.framework/Versions/A/Frameworks/vecLib.framework/Versions/A/libvDSP.dylib
0x0000000012abd000 	/System/Library/Frameworks/Accelerate.framework/Versions/A/Frameworks/vecLib.framework/Versions/A/libBNNS.dylib
0x0000000012abd000 	/System/Library/Frameworks/Accelerate.framework/Versions/A/Frameworks/vecLib.framework/Versions/A/libQuadrature.dylib
0x0000000012abd000 	/System/Library/Frameworks/Accelerate.framework/Versions/A/Frameworks/vecLib.framework/Versions/A/libvMisc.dylib
0x0000000012abd000 	/System/Library/Frameworks/Accelerate.framework/Versions/A/Frameworks/vecLib.framework/Versions/A/libLAPACK.dylib
0x0000000012abd000 	/System/Library/Frameworks/Accelerate.framework/Versions/A/Frameworks/vecLib.framework/Versions/A/libBLAS.dylib
0x0000000012abd000 	/System/Library/Frameworks/Accelerate.framework/Versions/A/Frameworks/vecLib.framework/Versions/A/libLinearAlgebra.dylib
0x0000000012abd000 	/System/Library/Frameworks/Accelerate.framework/Versions/A/Frameworks/vecLib.framework/Versions/A/libSparseBLAS.dylib
0x0000000012abd000 	/System/Library/Frameworks/ApplicationServices.framework/Versions/A/Frameworks/ATS.framework/Versions/A/Resources/libFontParser.dylib
0x0000000012abd000 	/System/Library/Frameworks/ApplicationServices.framework/Versions/A/Frameworks/ATS.framework/Versions/A/Resources/libFontRegistry.dylib
0x0000000012abd000 	/System/Library/Frameworks/ImageIO.framework/Versions/A/Resources/libJPEG.dylib
0x0000000012abd000 	/System/Library/Frameworks/ImageIO.framework/Versions/A/Resources/libTIFF.dylib
0x0000000012abd000 	/System/Library/Frameworks/ImageIO.framework/Versions/A/Resources/libPng.dylib
0x0000000012abd000 	/System/Library/Frameworks/ImageIO.framework/Versions/A/Resources/libGIF.dylib
0x0000000012abd000 	/System/Library/Frameworks/ImageIO.framework/Versions/A/Resources/libJP2.dylib
0x0000000012abd000 	/System/Library/Frameworks/ImageIO.framework/Versions/A/Resources/libRadiance.dylib
0x0000000012abd000 	/usr/lib/libcompression.dylib
0x0000000012abd000 	/System/Library/PrivateFrameworks/AppleJPEG.framework/Versions/A/AppleJPEG
0x0000000012abd000 	/usr/lib/libcups.2.dylib
0x0000000012abd000 	/System/Library/Frameworks/Kerberos.framework/Versions/A/Kerberos
0x0000000012abd000 	/System/Library/Frameworks/GSS.framework/Versions/A/GSS
0x0000000012abd000 	/usr/lib/libresolv.9.dylib
0x0000000012abd000 	/usr/lib/libiconv.2.dylib
0x0000000012abd000 	/System/Library/PrivateFrameworks/Heimdal.framework/Versions/A/Heimdal
0x0000000012abd000 	/usr/lib/libheimdal-asn1.dylib
0x0000000012abd000 	/System/Library/Frameworks/OpenDirectory.framework/Versions/A/OpenDirectory
0x0000000012abd000 	/System/Library/PrivateFrameworks/CommonAuth.framework/Versions/A/CommonAuth
0x0000000012abd000 	/System/Library/Frameworks/OpenDirectory.framework/Versions/A/Frameworks/CFOpenDirectory.framework/Versions/A/CFOpenDirectory
0x0000000012abd000 	/System/Library/Frameworks/SecurityFoundation.framework/Versions/A/SecurityFoundation
0x0000000012abd000 	/System/Library/PrivateFrameworks/LanguageModeling.framework/Versions/A/LanguageModeling
0x0000000012abd000 	/usr/lib/libmarisa.dylib
0x0000000012abd000 	/usr/lib/libChineseTokenizer.dylib
0x0000000012abd000 	/usr/lib/libcmph.dylib
0x0000000012abd000 	/System/Library/PrivateFrameworks/CoreEmoji.framework/Versions/A/CoreEmoji
0x0000000012abd000 	/System/Library/Frameworks/ServiceManagement.framework/Versions/A/ServiceManagement
0x0000000012abd000 	/usr/lib/libxslt.1.dylib
0x0000000012abd000 	/System/Library/Frameworks/Carbon.framework/Versions/A/Frameworks/Ink.framework/Versions/A/Ink
0x0000000012abd000 	/System/Library/PrivateFrameworks/TextureIO.framework/Versions/A/TextureIO
0x0000000012abd000 	/System/Library/Frameworks/Metal.framework/Versions/A/Metal
0x0000000012abd000 	/usr/lib/libate.dylib
0x0000000012abd000 	/System/Library/PrivateFrameworks/GPUCompiler.framework/libmetal_timestamp.dylib
0x0000000012abd000 	/System/Library/Frameworks/OpenGL.framework/Versions/A/Libraries/libCoreFSCache.dylib
0x0000000012abd000 	/System/Library/PrivateFrameworks/IOAccelerator.framework/Versions/A/IOAccelerator
0x0000000012abd000 	/System/Library/Frameworks/CoreVideo.framework/Versions/A/CoreVideo
0x0000000012abd000 	/usr/lib/libFosl_dynamic.dylib
0x0000000012abd000 	/System/Library/PrivateFrameworks/MetalPerformanceShaders.framework/Versions/A/MetalPerformanceShaders
0x0000000012abd000 	/System/Library/PrivateFrameworks/FaceCore.framework/Versions/A/FaceCore
0x0000000012abd000 	/System/Library/Frameworks/OpenCL.framework/Versions/A/OpenCL
0x0000000012abd000 	/System/Library/Frameworks/OpenGL.framework/Versions/A/Libraries/libGLU.dylib
0x0000000012abd000 	/System/Library/Frameworks/OpenGL.framework/Versions/A/Libraries/libGFXShared.dylib
0x0000000012abd000 	/System/Library/Frameworks/OpenGL.framework/Versions/A/Libraries/libGL.dylib
0x0000000012abd000 	/System/Library/Frameworks/OpenGL.framework/Versions/A/Libraries/libGLImage.dylib
0x0000000012abd000 	/System/Library/Frameworks/OpenGL.framework/Versions/A/Libraries/libCVMSPluginSupport.dylib
0x0000000012abd000 	/System/Library/Frameworks/OpenGL.framework/Versions/A/Libraries/libCoreVMClient.dylib
0x0000000012abd000 	/System/Library/PrivateFrameworks/CrashReporterSupport.framework/Versions/A/CrashReporterSupport
0x0000000012abd000 	/System/Library/PrivateFrameworks/Sharing.framework/Versions/A/Sharing
0x0000000012abd000 	/System/Library/PrivateFrameworks/IconServices.framework/Versions/A/IconServices
0x0000000012abd000 	/System/Library/PrivateFrameworks/ProtocolBuffer.framework/Versions/A/ProtocolBuffer
0x0000000012abd000 	/System/Library/PrivateFrameworks/Apple80211.framework/Versions/A/Apple80211
0x0000000012abd000 	/System/Library/Frameworks/CoreWLAN.framework/Versions/A/CoreWLAN
0x0000000012abd000 	/System/Library/PrivateFrameworks/CoreUtils.framework/Versions/A/CoreUtils
0x0000000012abd000 	/System/Library/Frameworks/IOBluetooth.framework/Versions/A/IOBluetooth
0x0000000012abd000 	/System/Library/PrivateFrameworks/CoreWiFi.framework/Versions/A/CoreWiFi
0x0000000012abd000 	/System/Library/Frameworks/CoreBluetooth.framework/Versions/A/CoreBluetooth
0x0000000012abd000 	/System/Library/Frameworks/CoreDisplay.framework/Versions/A/CoreDisplay
0x0000000012abd000 	/System/Library/PrivateFrameworks/IOPresentment.framework/Versions/A/IOPresentment
0x0000000012abd000 	/System/Library/PrivateFrameworks/DSExternalDisplay.framework/Versions/A/DSExternalDisplay
0x0000000012abd000 	/System/Library/PrivateFrameworks/DebugSymbols.framework/Versions/A/DebugSymbols
0x0000000012abd000 	/System/Library/PrivateFrameworks/CoreSymbolication.framework/Versions/A/CoreSymbolication
0x0000000012abd000 	/System/Library/PrivateFrameworks/Symbolication.framework/Versions/A/Symbolication
0x0000000012abd000 	/System/Library/PrivateFrameworks/AppleFSCompression.framework/Versions/A/AppleFSCompression
0x0000000012abd000 	/System/Library/PrivateFrameworks/SpeechRecognitionCore.framework/Versions/A/SpeechRecognitionCore
0x0000000012abd000 	/System/Library/PrivateFrameworks/ChunkingLibrary.framework/Versions/A/ChunkingLibrary
0x000000010ebd4000 	/Library/Java/JavaVirtualMachines/jdk1.8.0_91.jdk/Contents/Home/jre/lib/server/libjvm.dylib
0x0000000012abd000 	/usr/lib/libstdc++.6.dylib
0x000000010da4f000 	/Library/Java/JavaVirtualMachines/jdk1.8.0_91.jdk/Contents/Home/jre/lib/libverify.dylib
0x000000010da5d000 	/Library/Java/JavaVirtualMachines/jdk1.8.0_91.jdk/Contents/Home/jre/lib/libjava.dylib
0x000000010da9b000 	/Library/Java/JavaVirtualMachines/jdk1.8.0_91.jdk/Contents/Home/jre/lib/libzip.dylib
0x000000010dbe6000 	/System/Library/Frameworks/JavaVM.framework/Frameworks/JavaRuntimeSupport.framework/JavaRuntimeSupport
0x0000000124c4d000 	/System/Library/Frameworks/JavaVM.framework/Versions/A/Frameworks/JavaNativeFoundation.framework/Versions/A/JavaNativeFoundation
0x000000010eb3c000 	/System/Library/Frameworks/JavaVM.framework/Versions/A/JavaVM
0x0000000012abd000 	/System/Library/Frameworks/Carbon.framework/Versions/A/Carbon
0x0000000124c62000 	/System/Library/PrivateFrameworks/JavaLaunching.framework/Versions/A/JavaLaunching
0x0000000012abd000 	/System/Library/Frameworks/Carbon.framework/Versions/A/Frameworks/CommonPanels.framework/Versions/A/CommonPanels
0x0000000012abd000 	/System/Library/Frameworks/Carbon.framework/Versions/A/Frameworks/Help.framework/Versions/A/Help
0x0000000012abd000 	/System/Library/Frameworks/Carbon.framework/Versions/A/Frameworks/ImageCapture.framework/Versions/A/ImageCapture
0x0000000012abd000 	/System/Library/Frameworks/Carbon.framework/Versions/A/Frameworks/OpenScripting.framework/Versions/A/OpenScripting
0x0000000012abd000 	/System/Library/Frameworks/Carbon.framework/Versions/A/Frameworks/Print.framework/Versions/A/Print
0x0000000012abd000 	/System/Library/Frameworks/Carbon.framework/Versions/A/Frameworks/SecurityHI.framework/Versions/A/SecurityHI
0x0000000126711000 	/Applications/IntelliJ IDEA CE.app/Contents/bin/libbreakgen64.jnilib
0x0000000126714000 	/Library/Java/JavaVirtualMachines/jdk1.8.0_91.jdk/Contents/Home/jre/lib/libnet.dylib
0x0000000126773000 	/Library/Java/JavaVirtualMachines/jdk1.8.0_91.jdk/Contents/Home/jre/lib/libnio.dylib
0x0000000126783000 	/Users/hasankatie/lib/lwjgl-3.1.3/natives/liblwjgl.dylib
0x00000001268a8000 	/Users/hasankatie/lib/lwjgl-3.1.3/natives/libjemalloc.dylib
0x00000001270fc000 	/Users/hasankatie/lib/lwjgl-3.1.3/natives/libglfw.dylib
0x0000000012abd000 	/System/Library/PrivateFrameworks/CoreServicesInternal.framework/Versions/A/CoreServicesInternal
0x0000000012abd000 	/System/Library/PrivateFrameworks/FamilyControls.framework/Versions/A/FamilyControls
0x0000000012abd000 	/System/Library/PrivateFrameworks/CommerceKit.framework/Versions/A/Frameworks/CommerceCore.framework/Versions/A/CommerceCore
0x0000000012abd000 	/System/Library/PrivateFrameworks/SystemAdministration.framework/Versions/A/SystemAdministration
0x0000000012abd000 	/System/Library/PrivateFrameworks/AppContainer.framework/Versions/A/AppContainer
0x0000000012abd000 	/System/Library/PrivateFrameworks/SecCodeWrapper.framework/Versions/A/SecCodeWrapper
0x0000000012abd000 	/System/Library/Frameworks/DirectoryService.framework/Versions/A/DirectoryService
0x0000000012abd000 	/System/Library/PrivateFrameworks/DiskImages.framework/Versions/A/DiskImages
0x0000000012abd000 	/System/Library/PrivateFrameworks/LoginUIKit.framework/Versions/A/Frameworks/LoginUICore.framework/Versions/A/LoginUICore
0x0000000012abd000 	/usr/lib/libCoreStorage.dylib
0x0000000012abd000 	/usr/lib/libcsfde.dylib
0x0000000012abd000 	/usr/lib/libodfde.dylib
0x0000000012abd000 	/System/Library/Frameworks/DiscRecording.framework/Versions/A/DiscRecording
0x0000000012abd000 	/usr/lib/libcurl.4.dylib
0x0000000012abd000 	/System/Library/PrivateFrameworks/MediaKit.framework/Versions/A/MediaKit
0x0000000012abd000 	/System/Library/PrivateFrameworks/ProtectedCloudStorage.framework/Versions/A/ProtectedCloudStorage
0x0000000012abd000 	/System/Library/PrivateFrameworks/EFILogin.framework/Versions/A/EFILogin
0x0000000012abd000 	/usr/lib/libutil.dylib
0x0000000012abd000 	/System/Library/Frameworks/LDAP.framework/Versions/A/LDAP
0x0000000012abd000 	/usr/lib/libsasl2.2.dylib
0x0000000012abd000 	/System/Library/PrivateFrameworks/CoreDaemon.framework/Versions/B/CoreDaemon
0x0000000012abd000 	/System/Library/PrivateFrameworks/AppleSRP.framework/Versions/A/AppleSRP
0x0000000012abd000 	/System/Library/PrivateFrameworks/APFS.framework/Versions/A/APFS
0x0000000012abd000 	/System/Library/Frameworks/ApplicationServices.framework/Versions/A/Frameworks/ATS.framework/Versions/A/Resources/libTrueTypeScaler.dylib
0x0000000128487000 	/System/Library/Frameworks/Accelerate.framework/Frameworks/vImage.framework/Versions/A/Libraries/libCGInterfaces.dylib
0x0000000129ebc000 	/System/Library/Frameworks/OpenGL.framework/Resources/GLEngine.bundle/GLEngine
0x0000000012abd000 	/System/Library/Frameworks/OpenGL.framework/Versions/A/Libraries/libGLProgrammability.dylib
0x000000012a0a1000 	/System/Library/Extensions/AppleIntelHD4000GraphicsGLDriver.bundle/Contents/MacOS/AppleIntelHD4000GraphicsGLDriver
0x0000000012abd000 	/System/Library/PrivateFrameworks/GPUSupport.framework/Versions/A/Libraries/libGPUSupportMercury.dylib
0x000000012a6ab000 	/System/Library/Frameworks/OpenGL.framework/Resources//GLRendererFloat.bundle/GLRendererFloat
0x0000000012abd000 	/System/Library/Frameworks/OpenCL.framework/Versions/A/Libraries/libcldcpuengine.dylib
0x0000000012abd000 	/usr/lib/libcrypto.0.9.8.dylib
0x0000000012abd000 	/System/Library/PrivateFrameworks/TrustEvaluationAgent.framework/Versions/A/TrustEvaluationAgent
0x000000012a6df000 	/System/Library/Extensions/AppleIntelHD4000GraphicsMTLDriver.bundle/Contents/MacOS/AppleIntelHD4000GraphicsMTLDriver
0x0000000012abd000 	/System/Library/PrivateFrameworks/ViewBridge.framework/Versions/A/ViewBridge
0x0000000012abd000 	/System/Library/PrivateFrameworks/XPCService.framework/Versions/A/XPCService
0x0000000012abd000 	/System/Library/PrivateFrameworks/AppSandbox.framework/Versions/A/AppSandbox
0x0000000012abd000 	/usr/lib/libsandbox.1.dylib
0x0000000012abd000 	/usr/lib/libMatch.1.dylib
0x000000012b63b000 	/Users/hasankatie/lib/lwjgl-3.1.3/natives/liblwjgl_opengl.dylib

VM Arguments:
jvm_args: -Djava.library.path=/Users/hasankatie/lib/lwjgl-3.1.3/natives -Dorg.lwjgl.util.Debug=true -Didea.launcher.port=7535 -Didea.launcher.bin.path=/Applications/IntelliJ IDEA CE.app/Contents/bin -Dfile.encoding=UTF-8 
java_command: com.intellij.rt.execution.application.AppMain HelloWorld
java_class_path (initial): /Library/Java/JavaVirtualMachines/jdk1.8.0_91.jdk/Contents/Home/jre/lib/charsets.jar:/Library/Java/JavaVirtualMachines/jdk1.8.0_91.jdk/Contents/Home/jre/lib/deploy.jar:/Library/Java/JavaVirtualMachines/jdk1.8.0_91.jdk/Contents/Home/jre/lib/ext/cldrdata.jar:/Library/Java/JavaVirtualMachines/jdk1.8.0_91.jdk/Contents/Home/jre/lib/ext/dnsns.jar:/Library/Java/JavaVirtualMachines/jdk1.8.0_91.jdk/Contents/Home/jre/lib/ext/jaccess.jar:/Library/Java/JavaVirtualMachines/jdk1.8.0_91.jdk/Contents/Home/jre/lib/ext/jfxrt.jar:/Library/Java/JavaVirtualMachines/jdk1.8.0_91.jdk/Contents/Home/jre/lib/ext/localedata.jar:/Library/Java/JavaVirtualMachines/jdk1.8.0_91.jdk/Contents/Home/jre/lib/ext/nashorn.jar:/Library/Java/JavaVirtualMachines/jdk1.8.0_91.jdk/Contents/Home/jre/lib/ext/sunec.jar:/Library/Java/JavaVirtualMachines/jdk1.8.0_91.jdk/Contents/Home/jre/lib/ext/sunjce_provider.jar:/Library/Java/JavaVirtualMachines/jdk1.8.0_91.jdk/Contents/Home/jre/lib/ext/sunpkcs11.jar:/Library/Java/JavaVirtualMachines/jdk1.8.0_91.jdk/Contents/Home/jre/lib/ext/zipfs.jar:/Library/Java/JavaVirtualMachines/jdk1.8.0_91.jdk/Contents/Home/jre/lib/javaws.jar:/Library/Java/JavaVirtualMachines/jdk1.8.0_91.jdk/Contents/Home/jre/lib/jce.jar:/Library/Java/JavaVirtualMachines/jdk1.8.0_91.jdk/Contents/Home/jre/lib/jfr.jar:/Library/Java/JavaVirtualMachines/jdk1.8.0_91.jdk/Contents/Home/jre/lib/jfxswt.jar:/Library/Java/JavaVirtualMachines/jdk1.8.0_91.jdk/Contents/Home/jre/lib/jsse.jar:/Library/Java/JavaVirtualMachines/jdk1.8.0_91.jdk/Contents/Home/jre/lib/management-agent.jar:/Library/Java/JavaVirtualMachines/jdk1.8.0_91.jdk/Contents/Home/jre/lib/plugin.jar:/Library/Java/JavaVirtualMachines/jdk1.8.0_91.jdk/Contents/Home/jre/lib/resources.jar:/Library/Java/JavaVirtualMachines/jdk1.8.0_91.jdk/Contents/Home/jre/lib/rt.jar:/Library/Java/JavaVirtualMachines/jdk1.8.0_91.jdk/Contents/Home/lib/ant-javafx.jar:/Library/Java/JavaVirtualMachines/jdk1.8.0_91.jdk/Contents/Home/lib/dt.jar:/Library/Ja
Launcher Type: SUN_STANDARD

Environment Variables:
PATH=/usr/local/Cellar/vim/8.0.0071/bin:/Users/hasankatie/.npm-packages/bin:/Users/hasankatie/.rvm/gems/ruby-2.3.1/bin:/Users/hasankatie/.rvm/gems/ruby-2.3.1@global/bin:/Users/hasankatie/.rvm/rubies/ruby-2.3.1/bin:/usr/local/bin:/usr/bin:/bin:/usr/sbin:/sbin:/Applications/Racket v6.8/bin:/opt/X11/bin:/usr/local/share/dotnet:/Library/Frameworks/Mono.framework/Versions/Current/Commands:/Users/hasankatie/.rvm/bin:~/bin
SHELL=/bin/bash
DISPLAY=/private/tmp/com.apple.launchd.1UZVw2YHLb/org.macosforge.xquartz:0

Signal Handlers:
SIGSEGV: [libjvm.dylib+0x5a97a1], sa_mask[0]=11111111011111110111111111111111, sa_flags=SA_ONSTACK|SA_RESTART|SA_SIGINFO
SIGBUS: [libjvm.dylib+0x5a97a1], sa_mask[0]=11111111011111110111111111111111, sa_flags=SA_RESTART|SA_SIGINFO
SIGFPE: [libjvm.dylib+0x482594], sa_mask[0]=11111111011111110111111111111111, sa_flags=SA_RESTART|SA_SIGINFO
SIGPIPE: [libjvm.dylib+0x482594], sa_mask[0]=11111111011111110111111111111111, sa_flags=SA_RESTART|SA_SIGINFO
SIGXFSZ: [libjvm.dylib+0x482594], sa_mask[0]=11111111011111110111111111111111, sa_flags=SA_RESTART|SA_SIGINFO
SIGILL: [libjvm.dylib+0x482594], sa_mask[0]=11111111011111110111111111111111, sa_flags=SA_RESTART|SA_SIGINFO
SIGUSR1: SIG_DFL, sa_mask[0]=00000000000000000000000000000000, sa_flags=none
SIGUSR2: [libjvm.dylib+0x4820b2], sa_mask[0]=00100000000000000000000000000000, sa_flags=SA_RESTART|SA_SIGINFO
SIGHUP: [libjvm.dylib+0x480689], sa_mask[0]=11111111011111110111111111111111, sa_flags=SA_RESTART|SA_SIGINFO
SIGINT: [libjvm.dylib+0x480689], sa_mask[0]=11111111011111110111111111111111, sa_flags=SA_RESTART|SA_SIGINFO
SIGTERM: [libjvm.dylib+0x480689], sa_mask[0]=11111111011111110111111111111111, sa_flags=SA_RESTART|SA_SIGINFO
SIGQUIT: [libjvm.dylib+0x480689], sa_mask[0]=11111111011111110111111111111111, sa_flags=SA_RESTART|SA_SIGINFO


---------------  S Y S T E M  ---------------

OS:Bsduname:Darwin 16.7.0 Darwin Kernel Version 16.7.0: Thu Jun 15 17:36:27 PDT 2017; root:xnu-3789.70.16~2/RELEASE_X86_64 x86_64
rlimit: STACK 8192k, CORE 0k, NPROC 709, NOFILE 10240, AS infinity
load average:2.62 2.39 5.30

CPU:total 4 (2 cores per cpu, 2 threads per core) family 6 model 58 stepping 9, cmov, cx8, fxsr, mmx, sse, sse2, sse3, ssse3, sse4.1, sse4.2, popcnt, avx, aes, clmul, erms, ht, tsc, tscinvbit, tscinv

Memory: 4k page, physical 8388608k(263800k free)

/proc/meminfo:


vm_info: Java HotSpot(TM) 64-Bit Server VM (25.91-b14) for bsd-amd64 JRE (1.8.0_91-b14), built on Apr  1 2016 01:03:00 by "java_re" with gcc 4.2.1 (Based on Apple Inc. build 5658) (LLVM build 2336.11.00)

time: Sun Oct  8 02:04:43 2017
elapsed time: 7 seconds (0d 0h 0m 7s)

