#
# A fatal error has been detected by the Java Runtime Environment:
#
#  SIGSEGV (0xb) at pc=0x0000000115c05494, pid=83564, tid=775
#
# JRE version: Java(TM) SE Runtime Environment (8.0_91-b14) (build 1.8.0_91-b14)
# Java VM: Java HotSpot(TM) 64-Bit Server VM (25.91-b14 mixed mode bsd-amd64 compressed oops)
# Problematic frame:
# C  [liblwjgl.dylib+0x1b494]
[error occurred during error reporting (printing problematic frame), id 0xe0000000]

# Failed to write core dump. Core dumps have been disabled. To enable core dumping, try "ulimit -c unlimited" before starting Java again
#
# If you would like to submit a bug report, please visit:
#   http://bugreport.java.com/bugreport/crash.jsp
# The crash happened outside the Java Virtual Machine in native code.
# See problematic frame for where to report the bug.
#

---------------  T H R E A D  ---------------

Current thread (0x00007fe862800000):  JavaThread "main" [_thread_in_native, id=775, stack(0x00007fff5353d000,0x00007fff53d3d000)]

siginfo: si_signo: 11 (SIGSEGV), si_code: 1 (SEGV_MAPERR), si_addr: 0x0000000000000000

Registers:
RAX=0x0000000000000001, RBX=0x0000000112c1de90, RCX=0x0000000000000103, RDX=0x0000000000012068
RSP=0x00007fff53d38060, RBP=0x00007fff53d38060, RSI=0x00000000001ba500, RDI=0x00007fffa6cb5048
R8 =0x0000000000000040, R9 =0x00007fffa6cb5040, R10=0xffffffffffffffff, R11=0x0000000000012068
R12=0x0000000000000000, R13=0x0000000112c1de88, R14=0x00007fff53d380e0, R15=0x00007fe862800000
RIP=0x0000000115c05494, EFLAGS=0x0000000000010206, ERR=0x0000000000000004
  TRAPNO=0x000000000000000e

Top of Stack: (sp=0x00007fff53d38060)
0x00007fff53d38060:   00007fff53d380c0 000000011b57d9d4
0x00007fff53d38070:   000000011b589983 000000011b57d722
0x00007fff53d38080:   00007fff53d38080 0000000112c1de88
0x00007fff53d38090:   00007fff53d380e0 0000000112c487f8
0x00007fff53d380a0:   0000000000000000 0000000112c1de90
0x00007fff53d380b0:   0000000000000000 00007fff53d380e0
0x00007fff53d380c0:   00007fff53d38128 000000011b56e2bd
0x00007fff53d380d0:   0000000796077840 000000011b577538
0x00007fff53d380e0:   0000000000000007 00007fff53d380e8
0x00007fff53d380f0:   0000000112a6ee59 00007fff53d38138
0x00007fff53d38100:   0000000112a6f160 0000000000000000
0x00007fff53d38110:   0000000112a6eeb0 00007fff53d380e0
0x00007fff53d38120:   00007fff53d38138 00007fff53d38180
0x00007fff53d38130:   000000011b56e2bd 00000007957d0960
0x00007fff53d38140:   00007fff53d38140 0000000112a6eafd
0x00007fff53d38150:   00007fff53d38190 0000000112a6f160
0x00007fff53d38160:   0000000000000000 0000000112a6eb38
0x00007fff53d38170:   00007fff53d38138 00007fff53d38190
0x00007fff53d38180:   00007fff53d381d8 000000011b56e2bd
0x00007fff53d38190:   00000007957d0960 00007fff53d38198
0x00007fff53d381a0:   0000000112a6ef57 00007fff53d381e8
0x00007fff53d381b0:   0000000112a6f160 0000000000000000
0x00007fff53d381c0:   0000000112a6ef70 00007fff53d38190
0x00007fff53d381d0:   00007fff53d381e8 00007fff53d38250
0x00007fff53d381e0:   000000011b5667a7 00000007957c9fa0
0x00007fff53d381f0:   0000000100001fa0 000000000000000a
0x00007fff53d38200:   00007fe862800000 0000000000000001
0x00007fff53d38210:   000000011b56671f 0000000112a6ef70
0x00007fff53d38220:   00007fff53d382e8 00007fff53d38640
0x00007fff53d38230:   000000070000000a 0000000112a6ef70
0x00007fff53d38240:   000000011b578c80 00007fff53d38650
0x00007fff53d38250:   00007fff53d38400 000000010c22c1e6 

Instructions: (pc=0x0000000115c05494)
0x0000000115c05474:   48 8b 05 85 1b 00 00 48 8b 08 48 8d 3d 96 19 00
0x0000000115c05484:   00 be a5 00 00 00 ba 01 00 00 00 e8 4e 16 00 00
0x0000000115c05494:   8b 04 25 00 00 00 00 5d c3 0f 1f 00 55 48 89 e5
0x0000000115c054a4:   48 89 d7 5d e9 f3 68 fe ff 0f 1f 00 55 48 89 e5 

Register to memory mapping:

RAX=0x0000000000000001 is an unknown value
RBX={method} {0x0000000112c1de90} 'glBegin' '(I)V' in 'org/lwjgl/opengl/GL11'
RCX=0x0000000000000103 is an unknown value
RDX=0x0000000000012068 is an unknown value
RSP=0x00007fff53d38060 is pointing into the stack for thread: 0x00007fe862800000
RBP=0x00007fff53d38060 is pointing into the stack for thread: 0x00007fe862800000
RSI=0x00000000001ba500 is an unknown value
RDI=0x00007fffa6cb5048: __sFX+0x1c8 in /usr/lib/system/libsystem_c.dylib at 0x00007fff9dd8b000
R8 =0x0000000000000040 is an unknown value
R9 =0x00007fffa6cb5040: __sFX+0x1c0 in /usr/lib/system/libsystem_c.dylib at 0x00007fff9dd8b000
R10=0xffffffffffffffff is an unknown value
R11=0x0000000000012068 is an unknown value
R12=0x0000000000000000 is an unknown value
R13=0x0000000112c1de88 is pointing into metadata
R14=0x00007fff53d380e0 is pointing into the stack for thread: 0x00007fe862800000
R15=0x00007fe862800000 is a thread


Stack: [0x00007fff5353d000,0x00007fff53d3d000],  sp=0x00007fff53d38060,  free space=8172k
Native frames: (J=compiled Java code, j=interpreted, Vv=VM code, C=native code)
C  [liblwjgl.dylib+0x1b494]
[error occurred during error reporting (printing native stack), id 0xe0000000]

Java frames: (J=compiled Java code, j=interpreted, Vv=VM code)
j  org.lwjgl.opengl.GL11.glBegin(I)V+0
j  HelloWorld.loop()V+25
j  HelloWorld.run()V+5
j  HelloWorld.main([Ljava/lang/String;)V+7
v  ~StubRoutines::call_stub
j  sun.reflect.NativeMethodAccessorImpl.invoke0(Ljava/lang/reflect/Method;Ljava/lang/Object;[Ljava/lang/Object;)Ljava/lang/Object;+0
j  sun.reflect.NativeMethodAccessorImpl.invoke(Ljava/lang/Object;[Ljava/lang/Object;)Ljava/lang/Object;+100
j  sun.reflect.DelegatingMethodAccessorImpl.invoke(Ljava/lang/Object;[Ljava/lang/Object;)Ljava/lang/Object;+6
j  java.lang.reflect.Method.invoke(Ljava/lang/Object;[Ljava/lang/Object;)Ljava/lang/Object;+56
j  com.intellij.rt.execution.application.AppMain.main([Ljava/lang/String;)V+170
v  ~StubRoutines::call_stub

---------------  P R O C E S S  ---------------

Java Threads: ( => current thread )
  0x00007fe8638da800 JavaThread "Monitor Ctrl-Break" daemon [_thread_in_native, id=18947, stack(0x0000700005eb3000,0x0000700005fb3000)]
  0x00007fe863803000 JavaThread "Service Thread" daemon [_thread_blocked, id=17923, stack(0x0000700005cad000,0x0000700005dad000)]
  0x00007fe863802800 JavaThread "C1 CompilerThread2" daemon [_thread_blocked, id=17411, stack(0x0000700005baa000,0x0000700005caa000)]
  0x00007fe863805800 JavaThread "C2 CompilerThread1" daemon [_thread_blocked, id=16899, stack(0x0000700005aa7000,0x0000700005ba7000)]
  0x00007fe86280c800 JavaThread "C2 CompilerThread0" daemon [_thread_blocked, id=16387, stack(0x00007000059a4000,0x0000700005aa4000)]
  0x00007fe86280b800 JavaThread "Signal Dispatcher" daemon [_thread_blocked, id=15879, stack(0x00007000058a1000,0x00007000059a1000)]
  0x00007fe862038000 JavaThread "Finalizer" daemon [_thread_blocked, id=11779, stack(0x000070000579e000,0x000070000589e000)]
  0x00007fe862030000 JavaThread "Reference Handler" daemon [_thread_blocked, id=11267, stack(0x000070000569b000,0x000070000579b000)]
=>0x00007fe862800000 JavaThread "main" [_thread_in_native, id=775, stack(0x00007fff5353d000,0x00007fff53d3d000)]

Other Threads:
  0x00007fe86301a800 VMThread [stack: 0x0000700005598000,0x0000700005698000] [id=10755]
  0x00007fe86203f000 WatcherThread [stack: 0x0000700005db0000,0x0000700005eb0000] [id=18435]

VM state:not at safepoint (normal execution)

VM Mutex/Monitor currently owned by a thread: None

Heap:
 PSYoungGen      total 38400K, used 14042K [0x0000000795580000, 0x0000000798000000, 0x00000007c0000000)
  eden space 33280K, 42% used [0x0000000795580000,0x0000000796336850,0x0000000797600000)
  from space 5120K, 0% used [0x0000000797b00000,0x0000000797b00000,0x0000000798000000)
  to   space 5120K, 0% used [0x0000000797600000,0x0000000797600000,0x0000000797b00000)
 ParOldGen       total 87552K, used 0K [0x0000000740000000, 0x0000000745580000, 0x0000000795580000)
  object space 87552K, 0% used [0x0000000740000000,0x0000000740000000,0x0000000745580000)
 Metaspace       used 7539K, capacity 7735K, committed 8064K, reserved 1056768K
  class space    used 701K, capacity 780K, committed 896K, reserved 1048576K

Card table byte_map: [0x000000010dbc0000,0x000000010dfc1000] byte_map_base: 0x000000010a1c0000

Marking Bits: (ParMarkBitMap*) 0x000000010c826eb0
 Begin Bits: [0x000000010e26c000, 0x000000011026c000)
 End Bits:   [0x000000011026c000, 0x000000011226c000)

Polling page: 0x000000010cf18000

CodeCache: size=245760Kb used=2740Kb max_used=2740Kb free=243019Kb
 bounds [0x000000011b566000, 0x000000011b816000, 0x000000012a566000]
 total_blobs=1412 nmethods=647 adapters=679
 compilation: enabled

Compilation events (10 events):
Event: 1.307 Thread 0x00007fe863802800  644       3       org.lwjgl.system.CustomBuffer::checkIndex (23 bytes)
Event: 1.307 Thread 0x00007fe863802800 nmethod 644 0x000000011b812490 code [0x000000011b812600, 0x000000011b812888]
Event: 1.307 Thread 0x00007fe863802800  638       3       java.lang.reflect.Field::getLong (51 bytes)
Event: 1.308 Thread 0x00007fe863802800 nmethod 638 0x000000011b812990 code [0x000000011b812b60, 0x000000011b8131a8]
Event: 1.308 Thread 0x00007fe863802800  639       3       sun.reflect.UnsafeQualifiedLongFieldAccessorImpl::<init> (7 bytes)
Event: 1.308 Thread 0x00007fe863802800 nmethod 639 0x000000011b813390 code [0x000000011b813500, 0x000000011b813708]
Event: 1.308 Thread 0x00007fe863802800  640       3       sun.reflect.UnsafeQualifiedFieldAccessorImpl::<init> (11 bytes)
Event: 1.308 Thread 0x00007fe863802800 nmethod 640 0x000000011b8137d0 code [0x000000011b813940, 0x000000011b813ae8]
Event: 1.308 Thread 0x00007fe863802800  646       3       org.lwjgl.system.MemoryAccess$MemoryAccessorUnsafe::memPutAddress (9 bytes)
Event: 1.308 Thread 0x00007fe863802800 nmethod 646 0x000000011b813b90 code [0x000000011b813d00, 0x000000011b813f08]

GC Heap History (0 events):
No events

Deoptimization events (3 events):
Event: 0.250 Thread 0x00007fe862800000 Uncommon trap: reason=unstable_if action=reinterpret pc=0x000000011b68eb68 method=java.lang.String.hashCode()I @ 14
Event: 0.510 Thread 0x00007fe862800000 Uncommon trap: reason=unstable_if action=reinterpret pc=0x000000011b72addc method=java.lang.String.indexOf([CII[CIII)I @ 134
Event: 0.949 Thread 0x00007fe862800000 Uncommon trap: reason=unstable_if action=reinterpret pc=0x000000011b73f01c method=java.lang.String.replace(CC)Ljava/lang/String; @ 26

Internal exceptions (9 events):
Event: 0.060 Thread 0x00007fe862800000 Exception <a 'java/lang/NoSuchMethodError': Method sun.misc.Unsafe.defineClass(Ljava/lang/String;[BII)Ljava/lang/Class; name or signature does not match> (0x0000000795587cc0) thrown at [/Users/java_re/workspace/8-2-build-macosx-x86_64/jdk8u91/6644/hotspot
Event: 0.060 Thread 0x00007fe862800000 Exception <a 'java/lang/NoSuchMethodError': Method sun.misc.Unsafe.prefetchRead(Ljava/lang/Object;J)V name or signature does not match> (0x0000000795587fa8) thrown at [/Users/java_re/workspace/8-2-build-macosx-x86_64/jdk8u91/6644/hotspot/src/share/vm/prim
Event: 0.360 Thread 0x00007fe862800000 Exception <a 'java/lang/NoSuchMethodError': java.lang.Object.lambda$static$0(Ljava/lang/String;)Ljava/lang/Boolean;> (0x0000000795976f38) thrown at [/Users/java_re/workspace/8-2-build-macosx-x86_64/jdk8u91/6644/hotspot/src/share/vm/interpreter/linkResolve
Event: 0.420 Thread 0x00007fe862800000 Exception <a 'java/lang/NoSuchFieldError': method resolution failed> (0x00000007959eedb0) thrown at [/Users/java_re/workspace/8-2-build-macosx-x86_64/jdk8u91/6644/hotspot/src/share/vm/prims/methodHandles.cpp, line 1146]
Event: 0.436 Thread 0x00007fe862800000 Exception <a 'java/lang/NoSuchFieldError': method resolution failed> (0x00000007959fc368) thrown at [/Users/java_re/workspace/8-2-build-macosx-x86_64/jdk8u91/6644/hotspot/src/share/vm/prims/methodHandles.cpp, line 1146]
Event: 0.535 Thread 0x00007fe862800000 Exception <a 'java/security/PrivilegedActionException'> (0x0000000795ba4f10) thrown at [/Users/java_re/workspace/8-2-build-macosx-x86_64/jdk8u91/6644/hotspot/src/share/vm/prims/jvm.cpp, line 1386]
Event: 0.535 Thread 0x00007fe862800000 Exception <a 'java/security/PrivilegedActionException'> (0x0000000795ba5308) thrown at [/Users/java_re/workspace/8-2-build-macosx-x86_64/jdk8u91/6644/hotspot/src/share/vm/prims/jvm.cpp, line 1386]
Event: 0.536 Thread 0x00007fe862800000 Exception <a 'java/security/PrivilegedActionException'> (0x0000000795ba8790) thrown at [/Users/java_re/workspace/8-2-build-macosx-x86_64/jdk8u91/6644/hotspot/src/share/vm/prims/jvm.cpp, line 1386]
Event: 0.536 Thread 0x00007fe862800000 Exception <a 'java/security/PrivilegedActionException'> (0x0000000795ba8b88) thrown at [/Users/java_re/workspace/8-2-build-macosx-x86_64/jdk8u91/6644/hotspot/src/share/vm/prims/jvm.cpp, line 1386]

Events (10 events):
Event: 1.295 loading class java/util/stream/ReduceOps$Box done
Event: 1.295 loading class java/util/stream/ReduceOps$3ReducingSink done
Event: 1.295 loading class java/util/stream/ReferencePipeline$2$1
Event: 1.295 loading class java/util/stream/Sink$ChainedReference
Event: 1.295 loading class java/util/stream/Sink$ChainedReference done
Event: 1.295 loading class java/util/stream/ReferencePipeline$2$1 done
Event: 1.296 loading class sun/reflect/UnsafeQualifiedLongFieldAccessorImpl
Event: 1.296 loading class sun/reflect/UnsafeQualifiedFieldAccessorImpl
Event: 1.296 loading class sun/reflect/UnsafeQualifiedFieldAccessorImpl done
Event: 1.297 loading class sun/reflect/UnsafeQualifiedLongFieldAccessorImpl done


Dynamic libraries:
0x0000000012abd000 	/System/Library/Frameworks/Cocoa.framework/Versions/A/Cocoa
0x0000000012abd000 	/System/Library/Frameworks/Security.framework/Versions/A/Security
0x0000000012abd000 	/System/Library/Frameworks/ApplicationServices.framework/Versions/A/ApplicationServices
0x0000000012abd000 	/usr/lib/libz.1.dylib
0x0000000012abd000 	/usr/lib/libSystem.B.dylib
0x0000000012abd000 	/usr/lib/libobjc.A.dylib
0x0000000012abd000 	/System/Library/Frameworks/CoreFoundation.framework/Versions/A/CoreFoundation
0x0000000012abd000 	/System/Library/Frameworks/Foundation.framework/Versions/C/Foundation
0x0000000012abd000 	/System/Library/Frameworks/AppKit.framework/Versions/C/AppKit
0x0000000012abd000 	/System/Library/Frameworks/CoreData.framework/Versions/A/CoreData
0x0000000012abd000 	/System/Library/PrivateFrameworks/RemoteViewServices.framework/Versions/A/RemoteViewServices
0x0000000012abd000 	/System/Library/PrivateFrameworks/UIFoundation.framework/Versions/A/UIFoundation
0x0000000012abd000 	/System/Library/PrivateFrameworks/DFRFoundation.framework/Versions/A/DFRFoundation
0x0000000012abd000 	/usr/lib/libenergytrace.dylib
0x0000000012abd000 	/System/Library/PrivateFrameworks/SkyLight.framework/Versions/A/SkyLight
0x0000000012abd000 	/System/Library/Frameworks/CoreGraphics.framework/Versions/A/CoreGraphics
0x0000000012abd000 	/usr/lib/libScreenReader.dylib
0x0000000012abd000 	/System/Library/Frameworks/Accelerate.framework/Versions/A/Accelerate
0x0000000012abd000 	/System/Library/Frameworks/IOSurface.framework/Versions/A/IOSurface
0x0000000012abd000 	/System/Library/Frameworks/AudioToolbox.framework/Versions/A/AudioToolbox
0x0000000012abd000 	/System/Library/Frameworks/AudioUnit.framework/Versions/A/AudioUnit
0x0000000012abd000 	/System/Library/PrivateFrameworks/DataDetectorsCore.framework/Versions/A/DataDetectorsCore
0x0000000012abd000 	/System/Library/PrivateFrameworks/DesktopServicesPriv.framework/Versions/A/DesktopServicesPriv
0x0000000012abd000 	/System/Library/Frameworks/Carbon.framework/Versions/A/Frameworks/HIToolbox.framework/Versions/A/HIToolbox
0x0000000012abd000 	/usr/lib/libicucore.A.dylib
0x0000000012abd000 	/System/Library/Frameworks/QuartzCore.framework/Versions/A/QuartzCore
0x0000000012abd000 	/System/Library/Frameworks/Carbon.framework/Versions/A/Frameworks/SpeechRecognition.framework/Versions/A/SpeechRecognition
0x0000000012abd000 	/usr/lib/libauto.dylib
0x0000000012abd000 	/usr/lib/libxml2.2.dylib
0x0000000012abd000 	/System/Library/PrivateFrameworks/CoreUI.framework/Versions/A/CoreUI
0x0000000012abd000 	/System/Library/Frameworks/CoreAudio.framework/Versions/A/CoreAudio
0x0000000012abd000 	/System/Library/Frameworks/DiskArbitration.framework/Versions/A/DiskArbitration
0x0000000012abd000 	/usr/lib/liblangid.dylib
0x0000000012abd000 	/System/Library/PrivateFrameworks/MultitouchSupport.framework/Versions/A/MultitouchSupport
0x0000000012abd000 	/System/Library/Frameworks/IOKit.framework/Versions/A/IOKit
0x0000000012abd000 	/usr/lib/libDiagnosticMessagesClient.dylib
0x0000000012abd000 	/System/Library/Frameworks/CoreServices.framework/Versions/A/CoreServices
0x0000000012abd000 	/System/Library/PrivateFrameworks/PerformanceAnalysis.framework/Versions/A/PerformanceAnalysis
0x0000000012abd000 	/System/Library/PrivateFrameworks/GenerationalStorage.framework/Versions/A/GenerationalStorage
0x0000000012abd000 	/System/Library/Frameworks/OpenGL.framework/Versions/A/OpenGL
0x0000000012abd000 	/System/Library/Frameworks/CoreImage.framework/Versions/A/CoreImage
0x0000000012abd000 	/System/Library/Frameworks/CoreText.framework/Versions/A/CoreText
0x0000000012abd000 	/System/Library/Frameworks/ImageIO.framework/Versions/A/ImageIO
0x0000000012abd000 	/System/Library/PrivateFrameworks/Backup.framework/Versions/A/Backup
0x0000000012abd000 	/usr/lib/libarchive.2.dylib
0x0000000012abd000 	/System/Library/Frameworks/CFNetwork.framework/Versions/A/CFNetwork
0x0000000012abd000 	/System/Library/Frameworks/SystemConfiguration.framework/Versions/A/SystemConfiguration
0x0000000012abd000 	/usr/lib/libCRFSuite.dylib
0x0000000012abd000 	/usr/lib/libc++.1.dylib
0x0000000012abd000 	/usr/lib/libc++abi.dylib
0x0000000012abd000 	/usr/lib/system/libcache.dylib
0x0000000012abd000 	/usr/lib/system/libcommonCrypto.dylib
0x0000000012abd000 	/usr/lib/system/libcompiler_rt.dylib
0x0000000012abd000 	/usr/lib/system/libcopyfile.dylib
0x0000000012abd000 	/usr/lib/system/libcorecrypto.dylib
0x0000000012abd000 	/usr/lib/system/libdispatch.dylib
0x0000000012abd000 	/usr/lib/system/libdyld.dylib
0x0000000012abd000 	/usr/lib/system/libkeymgr.dylib
0x0000000012abd000 	/usr/lib/system/liblaunch.dylib
0x0000000012abd000 	/usr/lib/system/libmacho.dylib
0x0000000012abd000 	/usr/lib/system/libquarantine.dylib
0x0000000012abd000 	/usr/lib/system/libremovefile.dylib
0x0000000012abd000 	/usr/lib/system/libsystem_asl.dylib
0x0000000012abd000 	/usr/lib/system/libsystem_blocks.dylib
0x0000000012abd000 	/usr/lib/system/libsystem_c.dylib
0x0000000012abd000 	/usr/lib/system/libsystem_configuration.dylib
0x0000000012abd000 	/usr/lib/system/libsystem_coreservices.dylib
0x0000000012abd000 	/usr/lib/system/libsystem_coretls.dylib
0x0000000012abd000 	/usr/lib/system/libsystem_dnssd.dylib
0x0000000012abd000 	/usr/lib/system/libsystem_info.dylib
0x0000000012abd000 	/usr/lib/system/libsystem_kernel.dylib
0x0000000012abd000 	/usr/lib/system/libsystem_m.dylib
0x0000000012abd000 	/usr/lib/system/libsystem_malloc.dylib
0x0000000012abd000 	/usr/lib/system/libsystem_network.dylib
0x0000000012abd000 	/usr/lib/system/libsystem_networkextension.dylib
0x0000000012abd000 	/usr/lib/system/libsystem_notify.dylib
0x0000000012abd000 	/usr/lib/system/libsystem_platform.dylib
0x0000000012abd000 	/usr/lib/system/libsystem_pthread.dylib
0x0000000012abd000 	/usr/lib/system/libsystem_sandbox.dylib
0x0000000012abd000 	/usr/lib/system/libsystem_secinit.dylib
0x0000000012abd000 	/usr/lib/system/libsystem_symptoms.dylib
0x0000000012abd000 	/usr/lib/system/libsystem_trace.dylib
0x0000000012abd000 	/usr/lib/system/libunwind.dylib
0x0000000012abd000 	/usr/lib/system/libxpc.dylib
0x0000000012abd000 	/usr/lib/libbsm.0.dylib
0x0000000012abd000 	/usr/lib/system/libkxld.dylib
0x0000000012abd000 	/usr/lib/libcoretls.dylib
0x0000000012abd000 	/usr/lib/libcoretls_cfhelpers.dylib
0x0000000012abd000 	/usr/lib/libOpenScriptingUtil.dylib
0x0000000012abd000 	/usr/lib/libpam.2.dylib
0x0000000012abd000 	/usr/lib/libsqlite3.dylib
0x0000000012abd000 	/usr/lib/libxar.1.dylib
0x0000000012abd000 	/usr/lib/libbz2.1.0.dylib
0x0000000012abd000 	/usr/lib/liblzma.5.dylib
0x0000000012abd000 	/usr/lib/libnetwork.dylib
0x0000000012abd000 	/usr/lib/libpcap.A.dylib
0x0000000012abd000 	/System/Library/Frameworks/CoreServices.framework/Versions/A/Frameworks/FSEvents.framework/Versions/A/FSEvents
0x0000000012abd000 	/System/Library/Frameworks/CoreServices.framework/Versions/A/Frameworks/CarbonCore.framework/Versions/A/CarbonCore
0x0000000012abd000 	/System/Library/Frameworks/CoreServices.framework/Versions/A/Frameworks/Metadata.framework/Versions/A/Metadata
0x0000000012abd000 	/System/Library/Frameworks/CoreServices.framework/Versions/A/Frameworks/OSServices.framework/Versions/A/OSServices
0x0000000012abd000 	/System/Library/Frameworks/CoreServices.framework/Versions/A/Frameworks/SearchKit.framework/Versions/A/SearchKit
0x0000000012abd000 	/System/Library/Frameworks/CoreServices.framework/Versions/A/Frameworks/AE.framework/Versions/A/AE
0x0000000012abd000 	/System/Library/Frameworks/CoreServices.framework/Versions/A/Frameworks/LaunchServices.framework/Versions/A/LaunchServices
0x0000000012abd000 	/System/Library/Frameworks/CoreServices.framework/Versions/A/Frameworks/DictionaryServices.framework/Versions/A/DictionaryServices
0x0000000012abd000 	/System/Library/Frameworks/CoreServices.framework/Versions/A/Frameworks/SharedFileList.framework/Versions/A/SharedFileList
0x0000000012abd000 	/System/Library/Frameworks/NetFS.framework/Versions/A/NetFS
0x0000000012abd000 	/System/Library/PrivateFrameworks/NetAuth.framework/Versions/A/NetAuth
0x0000000012abd000 	/System/Library/PrivateFrameworks/login.framework/Versions/A/Frameworks/loginsupport.framework/Versions/A/loginsupport
0x0000000012abd000 	/System/Library/PrivateFrameworks/TCC.framework/Versions/A/TCC
0x0000000012abd000 	/usr/lib/libmecabra.dylib
0x0000000012abd000 	/System/Library/Frameworks/ApplicationServices.framework/Versions/A/Frameworks/ATS.framework/Versions/A/ATS
0x0000000012abd000 	/System/Library/Frameworks/ApplicationServices.framework/Versions/A/Frameworks/ColorSync.framework/Versions/A/ColorSync
0x0000000012abd000 	/System/Library/Frameworks/ApplicationServices.framework/Versions/A/Frameworks/HIServices.framework/Versions/A/HIServices
0x0000000012abd000 	/System/Library/Frameworks/ApplicationServices.framework/Versions/A/Frameworks/LangAnalysis.framework/Versions/A/LangAnalysis
0x0000000012abd000 	/System/Library/Frameworks/ApplicationServices.framework/Versions/A/Frameworks/PrintCore.framework/Versions/A/PrintCore
0x0000000012abd000 	/System/Library/Frameworks/ApplicationServices.framework/Versions/A/Frameworks/QD.framework/Versions/A/QD
0x0000000012abd000 	/System/Library/Frameworks/ApplicationServices.framework/Versions/A/Frameworks/SpeechSynthesis.framework/Versions/A/SpeechSynthesis
0x0000000012abd000 	/System/Library/Frameworks/Accelerate.framework/Versions/A/Frameworks/vImage.framework/Versions/A/vImage
0x0000000012abd000 	/System/Library/Frameworks/Accelerate.framework/Versions/A/Frameworks/vecLib.framework/Versions/A/vecLib
0x0000000012abd000 	/System/Library/Frameworks/Accelerate.framework/Versions/A/Frameworks/vecLib.framework/Versions/A/libvDSP.dylib
0x0000000012abd000 	/System/Library/Frameworks/Accelerate.framework/Versions/A/Frameworks/vecLib.framework/Versions/A/libBNNS.dylib
0x0000000012abd000 	/System/Library/Frameworks/Accelerate.framework/Versions/A/Frameworks/vecLib.framework/Versions/A/libQuadrature.dylib
0x0000000012abd000 	/System/Library/Frameworks/Accelerate.framework/Versions/A/Frameworks/vecLib.framework/Versions/A/libvMisc.dylib
0x0000000012abd000 	/System/Library/Frameworks/Accelerate.framework/Versions/A/Frameworks/vecLib.framework/Versions/A/libLAPACK.dylib
0x0000000012abd000 	/System/Library/Frameworks/Accelerate.framework/Versions/A/Frameworks/vecLib.framework/Versions/A/libBLAS.dylib
0x0000000012abd000 	/System/Library/Frameworks/Accelerate.framework/Versions/A/Frameworks/vecLib.framework/Versions/A/libLinearAlgebra.dylib
0x0000000012abd000 	/System/Library/Frameworks/Accelerate.framework/Versions/A/Frameworks/vecLib.framework/Versions/A/libSparseBLAS.dylib
0x0000000012abd000 	/System/Library/Frameworks/ApplicationServices.framework/Versions/A/Frameworks/ATS.framework/Versions/A/Resources/libFontParser.dylib
0x0000000012abd000 	/System/Library/Frameworks/ApplicationServices.framework/Versions/A/Frameworks/ATS.framework/Versions/A/Resources/libFontRegistry.dylib
0x0000000012abd000 	/System/Library/Frameworks/ImageIO.framework/Versions/A/Resources/libJPEG.dylib
0x0000000012abd000 	/System/Library/Frameworks/ImageIO.framework/Versions/A/Resources/libTIFF.dylib
0x0000000012abd000 	/System/Library/Frameworks/ImageIO.framework/Versions/A/Resources/libPng.dylib
0x0000000012abd000 	/System/Library/Frameworks/ImageIO.framework/Versions/A/Resources/libGIF.dylib
0x0000000012abd000 	/System/Library/Frameworks/ImageIO.framework/Versions/A/Resources/libJP2.dylib
0x0000000012abd000 	/System/Library/Frameworks/ImageIO.framework/Versions/A/Resources/libRadiance.dylib
0x0000000012abd000 	/usr/lib/libcompression.dylib
0x0000000012abd000 	/System/Library/PrivateFrameworks/AppleJPEG.framework/Versions/A/AppleJPEG
0x0000000012abd000 	/usr/lib/libcups.2.dylib
0x0000000012abd000 	/System/Library/Frameworks/Kerberos.framework/Versions/A/Kerberos
0x0000000012abd000 	/System/Library/Frameworks/GSS.framework/Versions/A/GSS
0x0000000012abd000 	/usr/lib/libresolv.9.dylib
0x0000000012abd000 	/usr/lib/libiconv.2.dylib
0x0000000012abd000 	/System/Library/PrivateFrameworks/Heimdal.framework/Versions/A/Heimdal
0x0000000012abd000 	/usr/lib/libheimdal-asn1.dylib
0x0000000012abd000 	/System/Library/Frameworks/OpenDirectory.framework/Versions/A/OpenDirectory
0x0000000012abd000 	/System/Library/PrivateFrameworks/CommonAuth.framework/Versions/A/CommonAuth
0x0000000012abd000 	/System/Library/Frameworks/OpenDirectory.framework/Versions/A/Frameworks/CFOpenDirectory.framework/Versions/A/CFOpenDirectory
0x0000000012abd000 	/System/Library/Frameworks/SecurityFoundation.framework/Versions/A/SecurityFoundation
0x0000000012abd000 	/System/Library/PrivateFrameworks/LanguageModeling.framework/Versions/A/LanguageModeling
0x0000000012abd000 	/usr/lib/libmarisa.dylib
0x0000000012abd000 	/usr/lib/libChineseTokenizer.dylib
0x0000000012abd000 	/usr/lib/libcmph.dylib
0x0000000012abd000 	/System/Library/PrivateFrameworks/CoreEmoji.framework/Versions/A/CoreEmoji
0x0000000012abd000 	/System/Library/Frameworks/ServiceManagement.framework/Versions/A/ServiceManagement
0x0000000012abd000 	/usr/lib/libxslt.1.dylib
0x0000000012abd000 	/System/Library/Frameworks/Carbon.framework/Versions/A/Frameworks/Ink.framework/Versions/A/Ink
0x0000000012abd000 	/System/Library/PrivateFrameworks/TextureIO.framework/Versions/A/TextureIO
0x0000000012abd000 	/System/Library/Frameworks/Metal.framework/Versions/A/Metal
0x0000000012abd000 	/usr/lib/libate.dylib
0x0000000012abd000 	/System/Library/PrivateFrameworks/GPUCompiler.framework/libmetal_timestamp.dylib
0x0000000012abd000 	/System/Library/Frameworks/OpenGL.framework/Versions/A/Libraries/libCoreFSCache.dylib
0x0000000012abd000 	/System/Library/PrivateFrameworks/IOAccelerator.framework/Versions/A/IOAccelerator
0x0000000012abd000 	/System/Library/Frameworks/CoreVideo.framework/Versions/A/CoreVideo
0x0000000012abd000 	/usr/lib/libFosl_dynamic.dylib
0x0000000012abd000 	/System/Library/PrivateFrameworks/MetalPerformanceShaders.framework/Versions/A/MetalPerformanceShaders
0x0000000012abd000 	/System/Library/PrivateFrameworks/FaceCore.framework/Versions/A/FaceCore
0x0000000012abd000 	/System/Library/Frameworks/OpenCL.framework/Versions/A/OpenCL
0x0000000012abd000 	/System/Library/Frameworks/OpenGL.framework/Versions/A/Libraries/libGLU.dylib
0x0000000012abd000 	/System/Library/Frameworks/OpenGL.framework/Versions/A/Libraries/libGFXShared.dylib
0x0000000012abd000 	/System/Library/Frameworks/OpenGL.framework/Versions/A/Libraries/libGL.dylib
0x0000000012abd000 	/System/Library/Frameworks/OpenGL.framework/Versions/A/Libraries/libGLImage.dylib
0x0000000012abd000 	/System/Library/Frameworks/OpenGL.framework/Versions/A/Libraries/libCVMSPluginSupport.dylib
0x0000000012abd000 	/System/Library/Frameworks/OpenGL.framework/Versions/A/Libraries/libCoreVMClient.dylib
0x0000000012abd000 	/System/Library/PrivateFrameworks/CrashReporterSupport.framework/Versions/A/CrashReporterSupport
0x0000000012abd000 	/System/Library/PrivateFrameworks/Sharing.framework/Versions/A/Sharing
0x0000000012abd000 	/System/Library/PrivateFrameworks/IconServices.framework/Versions/A/IconServices
0x0000000012abd000 	/System/Library/PrivateFrameworks/ProtocolBuffer.framework/Versions/A/ProtocolBuffer
0x0000000012abd000 	/System/Library/PrivateFrameworks/Apple80211.framework/Versions/A/Apple80211
0x0000000012abd000 	/System/Library/Frameworks/CoreWLAN.framework/Versions/A/CoreWLAN
0x0000000012abd000 	/System/Library/PrivateFrameworks/CoreUtils.framework/Versions/A/CoreUtils
0x0000000012abd000 	/System/Library/Frameworks/IOBluetooth.framework/Versions/A/IOBluetooth
0x0000000012abd000 	/System/Library/PrivateFrameworks/CoreWiFi.framework/Versions/A/CoreWiFi
0x0000000012abd000 	/System/Library/Frameworks/CoreBluetooth.framework/Versions/A/CoreBluetooth
0x0000000012abd000 	/System/Library/Frameworks/CoreDisplay.framework/Versions/A/CoreDisplay
0x0000000012abd000 	/System/Library/PrivateFrameworks/IOPresentment.framework/Versions/A/IOPresentment
0x0000000012abd000 	/System/Library/PrivateFrameworks/DSExternalDisplay.framework/Versions/A/DSExternalDisplay
0x0000000012abd000 	/System/Library/PrivateFrameworks/DebugSymbols.framework/Versions/A/DebugSymbols
0x0000000012abd000 	/System/Library/PrivateFrameworks/CoreSymbolication.framework/Versions/A/CoreSymbolication
0x0000000012abd000 	/System/Library/PrivateFrameworks/Symbolication.framework/Versions/A/Symbolication
0x0000000012abd000 	/System/Library/PrivateFrameworks/AppleFSCompression.framework/Versions/A/AppleFSCompression
0x0000000012abd000 	/System/Library/PrivateFrameworks/SpeechRecognitionCore.framework/Versions/A/SpeechRecognitionCore
0x0000000012abd000 	/System/Library/PrivateFrameworks/ChunkingLibrary.framework/Versions/A/ChunkingLibrary
0x000000010bf40000 	/Library/Java/JavaVirtualMachines/jdk1.8.0_91.jdk/Contents/Home/jre/lib/server/libjvm.dylib
0x0000000012abd000 	/usr/lib/libstdc++.6.dylib
0x000000010ced5000 	/Library/Java/JavaVirtualMachines/jdk1.8.0_91.jdk/Contents/Home/jre/lib/libverify.dylib
0x000000010cee3000 	/Library/Java/JavaVirtualMachines/jdk1.8.0_91.jdk/Contents/Home/jre/lib/libjava.dylib
0x000000010cf21000 	/Library/Java/JavaVirtualMachines/jdk1.8.0_91.jdk/Contents/Home/jre/lib/libzip.dylib
0x0000000114097000 	/System/Library/Frameworks/JavaVM.framework/Frameworks/JavaRuntimeSupport.framework/JavaRuntimeSupport
0x00000001140b1000 	/System/Library/Frameworks/JavaVM.framework/Versions/A/Frameworks/JavaNativeFoundation.framework/Versions/A/JavaNativeFoundation
0x00000001140c6000 	/System/Library/Frameworks/JavaVM.framework/Versions/A/JavaVM
0x0000000012abd000 	/System/Library/Frameworks/Carbon.framework/Versions/A/Carbon
0x00000001140d3000 	/System/Library/PrivateFrameworks/JavaLaunching.framework/Versions/A/JavaLaunching
0x0000000012abd000 	/System/Library/Frameworks/Carbon.framework/Versions/A/Frameworks/CommonPanels.framework/Versions/A/CommonPanels
0x0000000012abd000 	/System/Library/Frameworks/Carbon.framework/Versions/A/Frameworks/Help.framework/Versions/A/Help
0x0000000012abd000 	/System/Library/Frameworks/Carbon.framework/Versions/A/Frameworks/ImageCapture.framework/Versions/A/ImageCapture
0x0000000012abd000 	/System/Library/Frameworks/Carbon.framework/Versions/A/Frameworks/OpenScripting.framework/Versions/A/OpenScripting
0x0000000012abd000 	/System/Library/Frameworks/Carbon.framework/Versions/A/Frameworks/Print.framework/Versions/A/Print
0x0000000012abd000 	/System/Library/Frameworks/Carbon.framework/Versions/A/Frameworks/SecurityHI.framework/Versions/A/SecurityHI
0x0000000115b78000 	/Applications/IntelliJ IDEA CE.app/Contents/bin/libbreakgen64.jnilib
0x0000000115b7b000 	/Library/Java/JavaVirtualMachines/jdk1.8.0_91.jdk/Contents/Home/jre/lib/libnet.dylib
0x0000000115bda000 	/Library/Java/JavaVirtualMachines/jdk1.8.0_91.jdk/Contents/Home/jre/lib/libnio.dylib
0x0000000115bea000 	/Users/hasankatie/lib/lwjgl-3.1.3/natives/liblwjgl.dylib
0x0000000115d0f000 	/Users/hasankatie/lib/lwjgl-3.1.3/natives/libjemalloc.dylib
0x0000000116563000 	/Users/hasankatie/lib/lwjgl-3.1.3/natives/libglfw.dylib
0x0000000012abd000 	/System/Library/PrivateFrameworks/CoreServicesInternal.framework/Versions/A/CoreServicesInternal
0x0000000012abd000 	/System/Library/PrivateFrameworks/FamilyControls.framework/Versions/A/FamilyControls
0x0000000012abd000 	/System/Library/PrivateFrameworks/CommerceKit.framework/Versions/A/Frameworks/CommerceCore.framework/Versions/A/CommerceCore
0x0000000012abd000 	/System/Library/PrivateFrameworks/SystemAdministration.framework/Versions/A/SystemAdministration
0x0000000012abd000 	/System/Library/PrivateFrameworks/AppContainer.framework/Versions/A/AppContainer
0x0000000012abd000 	/System/Library/PrivateFrameworks/SecCodeWrapper.framework/Versions/A/SecCodeWrapper
0x0000000012abd000 	/System/Library/Frameworks/DirectoryService.framework/Versions/A/DirectoryService
0x0000000012abd000 	/System/Library/PrivateFrameworks/DiskImages.framework/Versions/A/DiskImages
0x0000000012abd000 	/System/Library/PrivateFrameworks/LoginUIKit.framework/Versions/A/Frameworks/LoginUICore.framework/Versions/A/LoginUICore
0x0000000012abd000 	/usr/lib/libCoreStorage.dylib
0x0000000012abd000 	/usr/lib/libcsfde.dylib
0x0000000012abd000 	/usr/lib/libodfde.dylib
0x0000000012abd000 	/System/Library/Frameworks/DiscRecording.framework/Versions/A/DiscRecording
0x0000000012abd000 	/usr/lib/libcurl.4.dylib
0x0000000012abd000 	/System/Library/PrivateFrameworks/MediaKit.framework/Versions/A/MediaKit
0x0000000012abd000 	/System/Library/PrivateFrameworks/ProtectedCloudStorage.framework/Versions/A/ProtectedCloudStorage
0x0000000012abd000 	/System/Library/PrivateFrameworks/EFILogin.framework/Versions/A/EFILogin
0x0000000012abd000 	/usr/lib/libutil.dylib
0x0000000012abd000 	/System/Library/Frameworks/LDAP.framework/Versions/A/LDAP
0x0000000012abd000 	/usr/lib/libsasl2.2.dylib
0x0000000012abd000 	/System/Library/PrivateFrameworks/CoreDaemon.framework/Versions/B/CoreDaemon
0x0000000012abd000 	/System/Library/PrivateFrameworks/AppleSRP.framework/Versions/A/AppleSRP
0x0000000012abd000 	/System/Library/PrivateFrameworks/APFS.framework/Versions/A/APFS
0x00000001178d4000 	/System/Library/Frameworks/Accelerate.framework/Frameworks/vImage.framework/Versions/A/Libraries/libCGInterfaces.dylib
0x0000000118297000 	/System/Library/Frameworks/OpenGL.framework/Resources/GLEngine.bundle/GLEngine
0x0000000012abd000 	/System/Library/Frameworks/OpenGL.framework/Versions/A/Libraries/libGLProgrammability.dylib
0x000000011847c000 	/System/Library/Extensions/AppleIntelHD4000GraphicsGLDriver.bundle/Contents/MacOS/AppleIntelHD4000GraphicsGLDriver
0x0000000012abd000 	/System/Library/PrivateFrameworks/GPUSupport.framework/Versions/A/Libraries/libGPUSupportMercury.dylib
0x00000001178fb000 	/System/Library/Frameworks/OpenGL.framework/Resources//GLRendererFloat.bundle/GLRendererFloat
0x0000000012abd000 	/System/Library/Frameworks/OpenCL.framework/Versions/A/Libraries/libcldcpuengine.dylib
0x0000000012abd000 	/usr/lib/libcrypto.0.9.8.dylib
0x0000000012abd000 	/System/Library/PrivateFrameworks/TrustEvaluationAgent.framework/Versions/A/TrustEvaluationAgent
0x0000000012abd000 	/System/Library/Frameworks/ApplicationServices.framework/Versions/A/Frameworks/ATS.framework/Versions/A/Resources/libTrueTypeScaler.dylib
0x000000011a535000 	/Users/hasankatie/lib/lwjgl-3.1.3/natives/liblwjgl_opengl.dylib
0x000000011aaea000 	/System/Library/Extensions/AppleIntelHD4000GraphicsMTLDriver.bundle/Contents/MacOS/AppleIntelHD4000GraphicsMTLDriver
0x0000000012abd000 	/System/Library/PrivateFrameworks/ViewBridge.framework/Versions/A/ViewBridge
0x0000000012abd000 	/System/Library/PrivateFrameworks/XPCService.framework/Versions/A/XPCService
0x0000000012abd000 	/System/Library/PrivateFrameworks/AppSandbox.framework/Versions/A/AppSandbox
0x0000000012abd000 	/usr/lib/libsandbox.1.dylib
0x0000000012abd000 	/usr/lib/libMatch.1.dylib

VM Arguments:
jvm_args: -Djava.library.path=/Users/hasankatie/lib/lwjgl-3.1.3/natives -Dorg.lwjgl.util.Debug=true -Didea.launcher.port=7533 -Didea.launcher.bin.path=/Applications/IntelliJ IDEA CE.app/Contents/bin -Dfile.encoding=UTF-8 
java_command: com.intellij.rt.execution.application.AppMain HelloWorld
java_class_path (initial): /Library/Java/JavaVirtualMachines/jdk1.8.0_91.jdk/Contents/Home/jre/lib/charsets.jar:/Library/Java/JavaVirtualMachines/jdk1.8.0_91.jdk/Contents/Home/jre/lib/deploy.jar:/Library/Java/JavaVirtualMachines/jdk1.8.0_91.jdk/Contents/Home/jre/lib/ext/cldrdata.jar:/Library/Java/JavaVirtualMachines/jdk1.8.0_91.jdk/Contents/Home/jre/lib/ext/dnsns.jar:/Library/Java/JavaVirtualMachines/jdk1.8.0_91.jdk/Contents/Home/jre/lib/ext/jaccess.jar:/Library/Java/JavaVirtualMachines/jdk1.8.0_91.jdk/Contents/Home/jre/lib/ext/jfxrt.jar:/Library/Java/JavaVirtualMachines/jdk1.8.0_91.jdk/Contents/Home/jre/lib/ext/localedata.jar:/Library/Java/JavaVirtualMachines/jdk1.8.0_91.jdk/Contents/Home/jre/lib/ext/nashorn.jar:/Library/Java/JavaVirtualMachines/jdk1.8.0_91.jdk/Contents/Home/jre/lib/ext/sunec.jar:/Library/Java/JavaVirtualMachines/jdk1.8.0_91.jdk/Contents/Home/jre/lib/ext/sunjce_provider.jar:/Library/Java/JavaVirtualMachines/jdk1.8.0_91.jdk/Contents/Home/jre/lib/ext/sunpkcs11.jar:/Library/Java/JavaVirtualMachines/jdk1.8.0_91.jdk/Contents/Home/jre/lib/ext/zipfs.jar:/Library/Java/JavaVirtualMachines/jdk1.8.0_91.jdk/Contents/Home/jre/lib/javaws.jar:/Library/Java/JavaVirtualMachines/jdk1.8.0_91.jdk/Contents/Home/jre/lib/jce.jar:/Library/Java/JavaVirtualMachines/jdk1.8.0_91.jdk/Contents/Home/jre/lib/jfr.jar:/Library/Java/JavaVirtualMachines/jdk1.8.0_91.jdk/Contents/Home/jre/lib/jfxswt.jar:/Library/Java/JavaVirtualMachines/jdk1.8.0_91.jdk/Contents/Home/jre/lib/jsse.jar:/Library/Java/JavaVirtualMachines/jdk1.8.0_91.jdk/Contents/Home/jre/lib/management-agent.jar:/Library/Java/JavaVirtualMachines/jdk1.8.0_91.jdk/Contents/Home/jre/lib/plugin.jar:/Library/Java/JavaVirtualMachines/jdk1.8.0_91.jdk/Contents/Home/jre/lib/resources.jar:/Library/Java/JavaVirtualMachines/jdk1.8.0_91.jdk/Contents/Home/jre/lib/rt.jar:/Library/Java/JavaVirtualMachines/jdk1.8.0_91.jdk/Contents/Home/lib/ant-javafx.jar:/Library/Java/JavaVirtualMachines/jdk1.8.0_91.jdk/Contents/Home/lib/dt.jar:/Library/Ja
Launcher Type: SUN_STANDARD

Environment Variables:
PATH=/usr/local/Cellar/vim/8.0.0071/bin:/Users/hasankatie/.npm-packages/bin:/Users/hasankatie/.rvm/gems/ruby-2.3.1/bin:/Users/hasankatie/.rvm/gems/ruby-2.3.1@global/bin:/Users/hasankatie/.rvm/rubies/ruby-2.3.1/bin:/usr/local/bin:/usr/bin:/bin:/usr/sbin:/sbin:/Applications/Racket v6.8/bin:/opt/X11/bin:/usr/local/share/dotnet:/Library/Frameworks/Mono.framework/Versions/Current/Commands:/Users/hasankatie/.rvm/bin:~/bin
SHELL=/bin/bash
DISPLAY=/private/tmp/com.apple.launchd.1UZVw2YHLb/org.macosforge.xquartz:0

Signal Handlers:
SIGSEGV: [libjvm.dylib+0x5a97a1], sa_mask[0]=11111111011111110111111111111111, sa_flags=SA_ONSTACK|SA_RESTART|SA_SIGINFO
SIGBUS: [libjvm.dylib+0x5a97a1], sa_mask[0]=11111111011111110111111111111111, sa_flags=SA_RESTART|SA_SIGINFO
SIGFPE: [libjvm.dylib+0x482594], sa_mask[0]=11111111011111110111111111111111, sa_flags=SA_RESTART|SA_SIGINFO
SIGPIPE: [libjvm.dylib+0x482594], sa_mask[0]=11111111011111110111111111111111, sa_flags=SA_RESTART|SA_SIGINFO
SIGXFSZ: [libjvm.dylib+0x482594], sa_mask[0]=11111111011111110111111111111111, sa_flags=SA_RESTART|SA_SIGINFO
SIGILL: [libjvm.dylib+0x482594], sa_mask[0]=11111111011111110111111111111111, sa_flags=SA_RESTART|SA_SIGINFO
SIGUSR1: SIG_DFL, sa_mask[0]=00000000000000000000000000000000, sa_flags=none
SIGUSR2: [libjvm.dylib+0x4820b2], sa_mask[0]=00100000000000000000000000000000, sa_flags=SA_RESTART|SA_SIGINFO
SIGHUP: [libjvm.dylib+0x480689], sa_mask[0]=11111111011111110111111111111111, sa_flags=SA_RESTART|SA_SIGINFO
SIGINT: [libjvm.dylib+0x480689], sa_mask[0]=11111111011111110111111111111111, sa_flags=SA_RESTART|SA_SIGINFO
SIGTERM: [libjvm.dylib+0x480689], sa_mask[0]=11111111011111110111111111111111, sa_flags=SA_RESTART|SA_SIGINFO
SIGQUIT: [libjvm.dylib+0x480689], sa_mask[0]=11111111011111110111111111111111, sa_flags=SA_RESTART|SA_SIGINFO


---------------  S Y S T E M  ---------------

OS:Bsduname:Darwin 16.7.0 Darwin Kernel Version 16.7.0: Thu Jun 15 17:36:27 PDT 2017; root:xnu-3789.70.16~2/RELEASE_X86_64 x86_64
rlimit: STACK 8192k, CORE 0k, NPROC 709, NOFILE 10240, AS infinity
load average:2.69 2.39 2.37

CPU:total 4 (2 cores per cpu, 2 threads per core) family 6 model 58 stepping 9, cmov, cx8, fxsr, mmx, sse, sse2, sse3, ssse3, sse4.1, sse4.2, popcnt, avx, aes, clmul, erms, ht, tsc, tscinvbit, tscinv

Memory: 4k page, physical 8388608k(285424k free)

/proc/meminfo:


vm_info: Java HotSpot(TM) 64-Bit Server VM (25.91-b14) for bsd-amd64 JRE (1.8.0_91-b14), built on Apr  1 2016 01:03:00 by "java_re" with gcc 4.2.1 (Based on Apple Inc. build 5658) (LLVM build 2336.11.00)

time: Sun Oct  8 14:41:54 2017
elapsed time: 1 seconds (0d 0h 0m 1s)

