#
# A fatal error has been detected by the Java Runtime Environment:
#
#  SIGSEGV (0xb) at pc=0x0000000119bee7db, pid=7605, tid=775
#
# JRE version: Java(TM) SE Runtime Environment (8.0_91-b14) (build 1.8.0_91-b14)
# Java VM: Java HotSpot(TM) 64-Bit Server VM (25.91-b14 mixed mode bsd-amd64 compressed oops)
# Problematic frame:
# C  [liblwjgl_opengl.dylib+0x107db]
[error occurred during error reporting (printing problematic frame), id 0xe0000000]

# Failed to write core dump. Core dumps have been disabled. To enable core dumping, try "ulimit -c unlimited" before starting Java again
#
# If you would like to submit a bug report, please visit:
#   http://bugreport.java.com/bugreport/crash.jsp
# The crash happened outside the Java Virtual Machine in native code.
# See problematic frame for where to report the bug.
#

---------------  T H R E A D  ---------------

Current thread (0x00007f8ae8807000):  JavaThread "main" [_thread_in_native, id=775, stack(0x00007fff5e620000,0x00007fff5ee20000)]

siginfo: si_signo: 11 (SIGSEGV), si_code: 1 (SEGV_MAPERR), si_addr: 0x0000000000003098

Registers:
RAX=0x0000000000000000, RBX=0x00000001078e2aa0, RCX=0x0000000000000001, RDX=0x0000000000008b30
RSP=0x00007fff5ee1af00, RBP=0x00007fff5ee1af00, RSI=0x00007fff5ee1af98, RDI=0x00007f8ae88071f8
R8 =0x00007f8ae88eb3f8, R9 =0x00007f8ae88eb3f4, R10=0x0000000108cd09a8, R11=0x000000010133b357
R12=0x0000000000000000, R13=0x00000001078e2aa0, R14=0x00007fff5ee1afd0, R15=0x00007f8ae8807000
RIP=0x0000000119bee7db, EFLAGS=0x0000000000010212, ERR=0x0000000000000004
  TRAPNO=0x000000000000000e

Top of Stack: (sp=0x00007fff5ee1af00)
0x00007fff5ee1af00:   00007fff5ee1af88 0000000108cd09d4
0x00007fff5ee1af10:   00007f8ae8807000 00007f8ae8807000
0x00007fff5ee1af20:   00000001078e2aa0 00007fff5ee1afd0
0x00007fff5ee1af30:   00007fff5ee1af88 0000000108cd0767
0x00007fff5ee1af40:   0000000108cd0722 00007fff5ee1af48
0x00007fff5ee1af50:   00000001078e2aa0 00007fff5ee1afd0
0x00007fff5ee1af60:   00000001078f5508 0000000000000000
0x00007fff5ee1af70:   00000001078e2aa0 0000000000000000
0x00007fff5ee1af80:   00007fff5ee1afa8 00007fff5ee1b018
0x00007fff5ee1af90:   0000000108cc12bd 0000000795803120
0x00007fff5ee1afa0:   0000000108cca538 00007f8ae88eb3f4
0x00007fff5ee1afb0:   0000000795da2c30 00007f8ae88eb3f8
0x00007fff5ee1afc0:   0000000795da2430 0000000000000001
0x00007fff5ee1afd0:   0000000000008b30 00007fff5ee1afd8
0x00007fff5ee1afe0:   00000001078e2df6 00007fff5ee1b058
0x00007fff5ee1aff0:   00000001078f5508 0000000000000000
0x00007fff5ee1b000:   00000001078e2e78 00007fff5ee1afa8
0x00007fff5ee1b010:   00007fff5ee1b050 00007fff5ee1b0a0
0x00007fff5ee1b020:   0000000108cc12bd 0000000000000000
0x00007fff5ee1b030:   00007f8ae88eb3f8 0000000000000000
0x00007fff5ee1b040:   0000000000010000 0000000795cc6a68
0x00007fff5ee1b050:   00000007957d8a10 0000000000008b30
0x00007fff5ee1b060:   00007fff5ee1b060 00000001078de075
0x00007fff5ee1b070:   00007fff5ee1b0f8 00000001078de5f0
0x00007fff5ee1b080:   0000000000000000 00000001078de260
0x00007fff5ee1b090:   00007fff5ee1b050 00007fff5ee1b0f8
0x00007fff5ee1b0a0:   00007fff5ee1b140 0000000108cc12bd
0x00007fff5ee1b0b0:   0000000000000000 0000000000000000
0x00007fff5ee1b0c0:   0000000000000000 0000000000000000
0x00007fff5ee1b0d0:   0000000000000000 0000000000000000
0x00007fff5ee1b0e0:   0000000000000000 00000007957d97a8
0x00007fff5ee1b0f0:   00000007957d8a10 00000007957d1158 

Instructions: (pc=0x0000000119bee7db)
0x0000000119bee7bb:   48 8b 80 88 0a 00 00 89 d7 89 ce 5d ff e0 0f 1f
0x0000000119bee7cb:   80 00 00 00 00 55 48 89 e5 48 8b 07 48 8b 40 18
0x0000000119bee7db:   48 8b 80 98 30 00 00 89 d7 89 ce 4c 89 c2 4c 89
0x0000000119bee7eb:   c9 5d ff e0 90 55 48 89 e5 48 8b 07 48 8b 40 18 

Register to memory mapping:

RAX=0x0000000000000000 is an unknown value
RBX={method} {0x00000001078e2aa0} 'nglShaderSource' '(IIJJ)V' in 'org/lwjgl/opengl/GL20'
RCX=0x0000000000000001 is an unknown value
RDX=0x0000000000008b30 is an unknown value
RSP=0x00007fff5ee1af00 is pointing into the stack for thread: 0x00007f8ae8807000
RBP=0x00007fff5ee1af00 is pointing into the stack for thread: 0x00007f8ae8807000
RSI=0x00007fff5ee1af98 is pointing into the stack for thread: 0x00007f8ae8807000
RDI=0x00007f8ae88071f8 is an unknown value
R8 =0x00007f8ae88eb3f8 is an unknown value
R9 =0x00007f8ae88eb3f4 is an unknown value
R10=0x0000000108cd09a8 is at code_begin+808 in an Interpreter codelet
method entry point (kind = native)  [0x0000000108cd0680, 0x0000000108cd0f80]  2304 bytes
R11=0x000000010133b357: throw_unsatisfied_link_error+0 in /Library/Java/JavaVirtualMachines/jdk1.8.0_91.jdk/Contents/Home/jre/lib/server/libjvm.dylib at 0x0000000100e5d000
R12=0x0000000000000000 is an unknown value
R13={method} {0x00000001078e2aa0} 'nglShaderSource' '(IIJJ)V' in 'org/lwjgl/opengl/GL20'
R14=0x00007fff5ee1afd0 is pointing into the stack for thread: 0x00007f8ae8807000
R15=0x00007f8ae8807000 is a thread


Stack: [0x00007fff5e620000,0x00007fff5ee20000],  sp=0x00007fff5ee1af00,  free space=8171k
Native frames: (J=compiled Java code, j=interpreted, Vv=VM code, C=native code)
C  [liblwjgl_opengl.dylib+0x107db]
[error occurred during error reporting (printing native stack), id 0xe0000000]

Java frames: (J=compiled Java code, j=interpreted, Vv=VM code)
j  org.lwjgl.opengl.GL20.nglShaderSource(IIJJ)V+0
j  org.lwjgl.opengl.GL20.glShaderSource(ILjava/lang/CharSequence;)V+38
j  HelloWorld.init()V+29
j  HelloWorld.run()V+1
j  HelloWorld.main([Ljava/lang/String;)V+7
v  ~StubRoutines::call_stub
j  sun.reflect.NativeMethodAccessorImpl.invoke0(Ljava/lang/reflect/Method;Ljava/lang/Object;[Ljava/lang/Object;)Ljava/lang/Object;+0
j  sun.reflect.NativeMethodAccessorImpl.invoke(Ljava/lang/Object;[Ljava/lang/Object;)Ljava/lang/Object;+100
j  sun.reflect.DelegatingMethodAccessorImpl.invoke(Ljava/lang/Object;[Ljava/lang/Object;)Ljava/lang/Object;+6
j  java.lang.reflect.Method.invoke(Ljava/lang/Object;[Ljava/lang/Object;)Ljava/lang/Object;+56
j  com.intellij.rt.execution.application.AppMain.main([Ljava/lang/String;)V+170
v  ~StubRoutines::call_stub

---------------  P R O C E S S  ---------------

Java Threads: ( => current thread )
  0x00007f8ae714a000 JavaThread "Monitor Ctrl-Break" daemon [_thread_in_native, id=18947, stack(0x0000700002215000,0x0000700002315000)]
  0x00007f8ae883b000 JavaThread "Service Thread" daemon [_thread_blocked, id=17923, stack(0x000070000200f000,0x000070000210f000)]
  0x00007f8ae7831000 JavaThread "C1 CompilerThread2" daemon [_thread_blocked, id=17411, stack(0x0000700001f0c000,0x000070000200c000)]
  0x00007f8ae7830000 JavaThread "C2 CompilerThread1" daemon [_thread_blocked, id=16899, stack(0x0000700001e09000,0x0000700001f09000)]
  0x00007f8ae701e800 JavaThread "C2 CompilerThread0" daemon [_thread_blocked, id=16387, stack(0x0000700001d06000,0x0000700001e06000)]
  0x00007f8ae700c800 JavaThread "Signal Dispatcher" daemon [_thread_blocked, id=15883, stack(0x0000700001c03000,0x0000700001d03000)]
  0x00007f8ae7000000 JavaThread "Finalizer" daemon [_thread_blocked, id=11779, stack(0x0000700001b00000,0x0000700001c00000)]
  0x00007f8ae8805000 JavaThread "Reference Handler" daemon [_thread_blocked, id=11267, stack(0x00007000019fd000,0x0000700001afd000)]
=>0x00007f8ae8807000 JavaThread "main" [_thread_in_native, id=775, stack(0x00007fff5e620000,0x00007fff5ee20000)]

Other Threads:
  0x00007f8ae8026000 VMThread [stack: 0x00007000018fa000,0x00007000019fa000] [id=10755]
  0x00007f8ae8032800 WatcherThread [stack: 0x0000700002112000,0x0000700002212000] [id=18435]

VM state:not at safepoint (normal execution)

VM Mutex/Monitor currently owned by a thread: None

Heap:
 PSYoungGen      total 38400K, used 9339K [0x0000000795580000, 0x0000000798000000, 0x00000007c0000000)
  eden space 33280K, 28% used [0x0000000795580000,0x0000000795e9ef30,0x0000000797600000)
  from space 5120K, 0% used [0x0000000797b00000,0x0000000797b00000,0x0000000798000000)
  to   space 5120K, 0% used [0x0000000797600000,0x0000000797600000,0x0000000797b00000)
 ParOldGen       total 87552K, used 0K [0x0000000740000000, 0x0000000745580000, 0x0000000795580000)
  object space 87552K, 0% used [0x0000000740000000,0x0000000740000000,0x0000000745580000)
 Metaspace       used 5807K, capacity 5996K, committed 6144K, reserved 1056768K
  class space    used 623K, capacity 706K, committed 768K, reserved 1048576K

Card table byte_map: [0x0000000102a07000,0x0000000102e08000] byte_map_base: 0x00000000ff007000

Marking Bits: (ParMarkBitMap*) 0x0000000101743eb0
 Begin Bits: [0x00000001030b3000, 0x00000001050b3000)
 End Bits:   [0x00000001050b3000, 0x00000001070b3000)

Polling page: 0x0000000102635000

CodeCache: size=245760Kb used=2412Kb max_used=2425Kb free=243347Kb
 bounds [0x0000000108cb9000, 0x0000000108f29000, 0x0000000117cb9000]
 total_blobs=1191 nmethods=491 adapters=614
 compilation: enabled

Compilation events (10 events):
Event: 0.627 Thread 0x00007f8ae7831000  487       1       java.nio.channels.spi.AbstractInterruptibleChannel::isOpen (5 bytes)
Event: 0.627 Thread 0x00007f8ae7831000 nmethod 487 0x0000000108ee2c50 code [0x0000000108ee2da0, 0x0000000108ee2eb0]
Event: 0.631 Thread 0x00007f8ae701e800 nmethod 486 0x0000000108ee2750 code [0x0000000108ee28a0, 0x0000000108ee2b18]
Event: 0.631 Thread 0x00007f8ae7831000  488       3       sun.nio.ch.Util::access$000 (4 bytes)
Event: 0.631 Thread 0x00007f8ae7831000 nmethod 488 0x0000000108ee2450 code [0x0000000108ee25a0, 0x0000000108ee26d0]
Event: 0.631 Thread 0x00007f8ae7831000  489       3       java.nio.Buffer::remaining (10 bytes)
Event: 0.631 Thread 0x00007f8ae7831000 nmethod 489 0x0000000108ee2150 code [0x0000000108ee22a0, 0x0000000108ee23f0]
Event: 0.642 Thread 0x00007f8ae7831000  491       3       org.lwjgl.system.MemoryAccess$MemoryAccessorUnsafe::access$200 (4 bytes)
Event: 0.642 Thread 0x00007f8ae7831000 nmethod 491 0x0000000108ef7990 code [0x0000000108ef7ae0, 0x0000000108ef7c10]
Event: 0.650 Thread 0x00007f8ae7830000 nmethod 485 0x0000000108f172d0 code [0x0000000108f17440, 0x0000000108f17e48]

GC Heap History (0 events):
No events

Deoptimization events (3 events):
Event: 0.223 Thread 0x00007f8ae8807000 Uncommon trap: reason=unstable_if action=reinterpret pc=0x0000000108de61c0 method=java.lang.String.indexOf(II)I @ 49
Event: 0.227 Thread 0x00007f8ae8807000 Uncommon trap: reason=unstable_if action=reinterpret pc=0x0000000108de2ca8 method=java.lang.String.hashCode()I @ 14
Event: 0.512 Thread 0x00007f8ae8807000 Uncommon trap: reason=unstable_if action=reinterpret pc=0x0000000108e84e24 method=java.lang.String.indexOf([CII[CIII)I @ 3

Internal exceptions (9 events):
Event: 0.046 Thread 0x00007f8ae8807000 Exception <a 'java/lang/NoSuchMethodError': Method sun.misc.Unsafe.defineClass(Ljava/lang/String;[BII)Ljava/lang/Class; name or signature does not match> (0x0000000795587cc0) thrown at [/Users/java_re/workspace/8-2-build-macosx-x86_64/jdk8u91/6644/hotspot
Event: 0.046 Thread 0x00007f8ae8807000 Exception <a 'java/lang/NoSuchMethodError': Method sun.misc.Unsafe.prefetchRead(Ljava/lang/Object;J)V name or signature does not match> (0x0000000795587fa8) thrown at [/Users/java_re/workspace/8-2-build-macosx-x86_64/jdk8u91/6644/hotspot/src/share/vm/prim
Event: 0.379 Thread 0x00007f8ae8807000 Exception <a 'java/lang/NoSuchFieldError': method resolution failed> (0x0000000795a12208) thrown at [/Users/java_re/workspace/8-2-build-macosx-x86_64/jdk8u91/6644/hotspot/src/share/vm/prims/methodHandles.cpp, line 1146]
Event: 0.382 Thread 0x00007f8ae8807000 Exception <a 'java/lang/NoSuchFieldError': method resolution failed> (0x0000000795a1f7f0) thrown at [/Users/java_re/workspace/8-2-build-macosx-x86_64/jdk8u91/6644/hotspot/src/share/vm/prims/methodHandles.cpp, line 1146]
Event: 0.471 Thread 0x00007f8ae8807000 Exception <a 'java/lang/NoSuchMethodError': java.lang.Object.lambda$static$0(Ljava/lang/String;)Ljava/lang/Boolean;> (0x0000000795b68e50) thrown at [/Users/java_re/workspace/8-2-build-macosx-x86_64/jdk8u91/6644/hotspot/src/share/vm/interpreter/linkResolve
Event: 0.487 Thread 0x00007f8ae8807000 Exception <a 'java/security/PrivilegedActionException'> (0x0000000795bebc40) thrown at [/Users/java_re/workspace/8-2-build-macosx-x86_64/jdk8u91/6644/hotspot/src/share/vm/prims/jvm.cpp, line 1386]
Event: 0.487 Thread 0x00007f8ae8807000 Exception <a 'java/security/PrivilegedActionException'> (0x0000000795bebe50) thrown at [/Users/java_re/workspace/8-2-build-macosx-x86_64/jdk8u91/6644/hotspot/src/share/vm/prims/jvm.cpp, line 1386]
Event: 0.488 Thread 0x00007f8ae8807000 Exception <a 'java/security/PrivilegedActionException'> (0x0000000795bef2d8) thrown at [/Users/java_re/workspace/8-2-build-macosx-x86_64/jdk8u91/6644/hotspot/src/share/vm/prims/jvm.cpp, line 1386]
Event: 0.489 Thread 0x00007f8ae8807000 Exception <a 'java/security/PrivilegedActionException'> (0x0000000795bef4e8) thrown at [/Users/java_re/workspace/8-2-build-macosx-x86_64/jdk8u91/6644/hotspot/src/share/vm/prims/jvm.cpp, line 1386]

Events (10 events):
Event: 0.631 Thread 0x00007f8ae8807000 DEOPT PACKING pc=0x0000000108ebbd53 sp=0x00007fff5ee18f00
Event: 0.631 Thread 0x00007f8ae8807000 DEOPT UNPACKING pc=0x0000000108d00633 sp=0x00007fff5ee18c38 mode 0
Event: 0.631 Thread 0x00007f8ae8807000 DEOPT PACKING pc=0x0000000108ebbd29 sp=0x00007fff5ee18f00
Event: 0.631 Thread 0x00007f8ae8807000 DEOPT UNPACKING pc=0x0000000108d00633 sp=0x00007fff5ee18c38 mode 0
Event: 0.631 Thread 0x00007f8ae8807000 DEOPT PACKING pc=0x0000000108ebbd29 sp=0x00007fff5ee18f00
Event: 0.631 Thread 0x00007f8ae8807000 DEOPT UNPACKING pc=0x0000000108d00633 sp=0x00007fff5ee18c38 mode 0
Event: 0.632 loading class org/lwjgl/system/jemalloc/JEmalloc$Functions
Event: 0.632 loading class org/lwjgl/system/jemalloc/JEmalloc$Functions done
Event: 0.637 loading class org/lwjgl/system/JNI
Event: 0.637 loading class org/lwjgl/system/JNI done


Dynamic libraries:
0x0000000012abd000 	/System/Library/Frameworks/Cocoa.framework/Versions/A/Cocoa
0x0000000012abd000 	/System/Library/Frameworks/Security.framework/Versions/A/Security
0x0000000012abd000 	/System/Library/Frameworks/ApplicationServices.framework/Versions/A/ApplicationServices
0x0000000012abd000 	/usr/lib/libz.1.dylib
0x0000000012abd000 	/usr/lib/libSystem.B.dylib
0x0000000012abd000 	/usr/lib/libobjc.A.dylib
0x0000000012abd000 	/System/Library/Frameworks/CoreFoundation.framework/Versions/A/CoreFoundation
0x0000000012abd000 	/System/Library/Frameworks/Foundation.framework/Versions/C/Foundation
0x0000000012abd000 	/System/Library/Frameworks/AppKit.framework/Versions/C/AppKit
0x0000000012abd000 	/System/Library/Frameworks/CoreData.framework/Versions/A/CoreData
0x0000000012abd000 	/System/Library/PrivateFrameworks/RemoteViewServices.framework/Versions/A/RemoteViewServices
0x0000000012abd000 	/System/Library/PrivateFrameworks/UIFoundation.framework/Versions/A/UIFoundation
0x0000000012abd000 	/System/Library/PrivateFrameworks/DFRFoundation.framework/Versions/A/DFRFoundation
0x0000000012abd000 	/usr/lib/libenergytrace.dylib
0x0000000012abd000 	/System/Library/PrivateFrameworks/SkyLight.framework/Versions/A/SkyLight
0x0000000012abd000 	/System/Library/Frameworks/CoreGraphics.framework/Versions/A/CoreGraphics
0x0000000012abd000 	/usr/lib/libScreenReader.dylib
0x0000000012abd000 	/System/Library/Frameworks/Accelerate.framework/Versions/A/Accelerate
0x0000000012abd000 	/System/Library/Frameworks/IOSurface.framework/Versions/A/IOSurface
0x0000000012abd000 	/System/Library/Frameworks/AudioToolbox.framework/Versions/A/AudioToolbox
0x0000000012abd000 	/System/Library/Frameworks/AudioUnit.framework/Versions/A/AudioUnit
0x0000000012abd000 	/System/Library/PrivateFrameworks/DataDetectorsCore.framework/Versions/A/DataDetectorsCore
0x0000000012abd000 	/System/Library/PrivateFrameworks/DesktopServicesPriv.framework/Versions/A/DesktopServicesPriv
0x0000000012abd000 	/System/Library/Frameworks/Carbon.framework/Versions/A/Frameworks/HIToolbox.framework/Versions/A/HIToolbox
0x0000000012abd000 	/usr/lib/libicucore.A.dylib
0x0000000012abd000 	/System/Library/Frameworks/QuartzCore.framework/Versions/A/QuartzCore
0x0000000012abd000 	/System/Library/Frameworks/Carbon.framework/Versions/A/Frameworks/SpeechRecognition.framework/Versions/A/SpeechRecognition
0x0000000012abd000 	/usr/lib/libauto.dylib
0x0000000012abd000 	/usr/lib/libxml2.2.dylib
0x0000000012abd000 	/System/Library/PrivateFrameworks/CoreUI.framework/Versions/A/CoreUI
0x0000000012abd000 	/System/Library/Frameworks/CoreAudio.framework/Versions/A/CoreAudio
0x0000000012abd000 	/System/Library/Frameworks/DiskArbitration.framework/Versions/A/DiskArbitration
0x0000000012abd000 	/usr/lib/liblangid.dylib
0x0000000012abd000 	/System/Library/PrivateFrameworks/MultitouchSupport.framework/Versions/A/MultitouchSupport
0x0000000012abd000 	/System/Library/Frameworks/IOKit.framework/Versions/A/IOKit
0x0000000012abd000 	/usr/lib/libDiagnosticMessagesClient.dylib
0x0000000012abd000 	/System/Library/Frameworks/CoreServices.framework/Versions/A/CoreServices
0x0000000012abd000 	/System/Library/PrivateFrameworks/PerformanceAnalysis.framework/Versions/A/PerformanceAnalysis
0x0000000012abd000 	/System/Library/PrivateFrameworks/GenerationalStorage.framework/Versions/A/GenerationalStorage
0x0000000012abd000 	/System/Library/Frameworks/OpenGL.framework/Versions/A/OpenGL
0x0000000012abd000 	/System/Library/Frameworks/CoreImage.framework/Versions/A/CoreImage
0x0000000012abd000 	/System/Library/Frameworks/CoreText.framework/Versions/A/CoreText
0x0000000012abd000 	/System/Library/Frameworks/ImageIO.framework/Versions/A/ImageIO
0x0000000012abd000 	/System/Library/PrivateFrameworks/Backup.framework/Versions/A/Backup
0x0000000012abd000 	/usr/lib/libarchive.2.dylib
0x0000000012abd000 	/System/Library/Frameworks/CFNetwork.framework/Versions/A/CFNetwork
0x0000000012abd000 	/System/Library/Frameworks/SystemConfiguration.framework/Versions/A/SystemConfiguration
0x0000000012abd000 	/usr/lib/libCRFSuite.dylib
0x0000000012abd000 	/usr/lib/libc++.1.dylib
0x0000000012abd000 	/usr/lib/libc++abi.dylib
0x0000000012abd000 	/usr/lib/system/libcache.dylib
0x0000000012abd000 	/usr/lib/system/libcommonCrypto.dylib
0x0000000012abd000 	/usr/lib/system/libcompiler_rt.dylib
0x0000000012abd000 	/usr/lib/system/libcopyfile.dylib
0x0000000012abd000 	/usr/lib/system/libcorecrypto.dylib
0x0000000012abd000 	/usr/lib/system/libdispatch.dylib
0x0000000012abd000 	/usr/lib/system/libdyld.dylib
0x0000000012abd000 	/usr/lib/system/libkeymgr.dylib
0x0000000012abd000 	/usr/lib/system/liblaunch.dylib
0x0000000012abd000 	/usr/lib/system/libmacho.dylib
0x0000000012abd000 	/usr/lib/system/libquarantine.dylib
0x0000000012abd000 	/usr/lib/system/libremovefile.dylib
0x0000000012abd000 	/usr/lib/system/libsystem_asl.dylib
0x0000000012abd000 	/usr/lib/system/libsystem_blocks.dylib
0x0000000012abd000 	/usr/lib/system/libsystem_c.dylib
0x0000000012abd000 	/usr/lib/system/libsystem_configuration.dylib
0x0000000012abd000 	/usr/lib/system/libsystem_coreservices.dylib
0x0000000012abd000 	/usr/lib/system/libsystem_coretls.dylib
0x0000000012abd000 	/usr/lib/system/libsystem_dnssd.dylib
0x0000000012abd000 	/usr/lib/system/libsystem_info.dylib
0x0000000012abd000 	/usr/lib/system/libsystem_kernel.dylib
0x0000000012abd000 	/usr/lib/system/libsystem_m.dylib
0x0000000012abd000 	/usr/lib/system/libsystem_malloc.dylib
0x0000000012abd000 	/usr/lib/system/libsystem_network.dylib
0x0000000012abd000 	/usr/lib/system/libsystem_networkextension.dylib
0x0000000012abd000 	/usr/lib/system/libsystem_notify.dylib
0x0000000012abd000 	/usr/lib/system/libsystem_platform.dylib
0x0000000012abd000 	/usr/lib/system/libsystem_pthread.dylib
0x0000000012abd000 	/usr/lib/system/libsystem_sandbox.dylib
0x0000000012abd000 	/usr/lib/system/libsystem_secinit.dylib
0x0000000012abd000 	/usr/lib/system/libsystem_symptoms.dylib
0x0000000012abd000 	/usr/lib/system/libsystem_trace.dylib
0x0000000012abd000 	/usr/lib/system/libunwind.dylib
0x0000000012abd000 	/usr/lib/system/libxpc.dylib
0x0000000012abd000 	/usr/lib/libbsm.0.dylib
0x0000000012abd000 	/usr/lib/system/libkxld.dylib
0x0000000012abd000 	/usr/lib/libcoretls.dylib
0x0000000012abd000 	/usr/lib/libcoretls_cfhelpers.dylib
0x0000000012abd000 	/usr/lib/libOpenScriptingUtil.dylib
0x0000000012abd000 	/usr/lib/libpam.2.dylib
0x0000000012abd000 	/usr/lib/libsqlite3.dylib
0x0000000012abd000 	/usr/lib/libxar.1.dylib
0x0000000012abd000 	/usr/lib/libbz2.1.0.dylib
0x0000000012abd000 	/usr/lib/liblzma.5.dylib
0x0000000012abd000 	/usr/lib/libnetwork.dylib
0x0000000012abd000 	/usr/lib/libpcap.A.dylib
0x0000000012abd000 	/System/Library/Frameworks/CoreServices.framework/Versions/A/Frameworks/FSEvents.framework/Versions/A/FSEvents
0x0000000012abd000 	/System/Library/Frameworks/CoreServices.framework/Versions/A/Frameworks/CarbonCore.framework/Versions/A/CarbonCore
0x0000000012abd000 	/System/Library/Frameworks/CoreServices.framework/Versions/A/Frameworks/Metadata.framework/Versions/A/Metadata
0x0000000012abd000 	/System/Library/Frameworks/CoreServices.framework/Versions/A/Frameworks/OSServices.framework/Versions/A/OSServices
0x0000000012abd000 	/System/Library/Frameworks/CoreServices.framework/Versions/A/Frameworks/SearchKit.framework/Versions/A/SearchKit
0x0000000012abd000 	/System/Library/Frameworks/CoreServices.framework/Versions/A/Frameworks/AE.framework/Versions/A/AE
0x0000000012abd000 	/System/Library/Frameworks/CoreServices.framework/Versions/A/Frameworks/LaunchServices.framework/Versions/A/LaunchServices
0x0000000012abd000 	/System/Library/Frameworks/CoreServices.framework/Versions/A/Frameworks/DictionaryServices.framework/Versions/A/DictionaryServices
0x0000000012abd000 	/System/Library/Frameworks/CoreServices.framework/Versions/A/Frameworks/SharedFileList.framework/Versions/A/SharedFileList
0x0000000012abd000 	/System/Library/Frameworks/NetFS.framework/Versions/A/NetFS
0x0000000012abd000 	/System/Library/PrivateFrameworks/NetAuth.framework/Versions/A/NetAuth
0x0000000012abd000 	/System/Library/PrivateFrameworks/login.framework/Versions/A/Frameworks/loginsupport.framework/Versions/A/loginsupport
0x0000000012abd000 	/System/Library/PrivateFrameworks/TCC.framework/Versions/A/TCC
0x0000000012abd000 	/usr/lib/libmecabra.dylib
0x0000000012abd000 	/System/Library/Frameworks/ApplicationServices.framework/Versions/A/Frameworks/ATS.framework/Versions/A/ATS
0x0000000012abd000 	/System/Library/Frameworks/ApplicationServices.framework/Versions/A/Frameworks/ColorSync.framework/Versions/A/ColorSync
0x0000000012abd000 	/System/Library/Frameworks/ApplicationServices.framework/Versions/A/Frameworks/HIServices.framework/Versions/A/HIServices
0x0000000012abd000 	/System/Library/Frameworks/ApplicationServices.framework/Versions/A/Frameworks/LangAnalysis.framework/Versions/A/LangAnalysis
0x0000000012abd000 	/System/Library/Frameworks/ApplicationServices.framework/Versions/A/Frameworks/PrintCore.framework/Versions/A/PrintCore
0x0000000012abd000 	/System/Library/Frameworks/ApplicationServices.framework/Versions/A/Frameworks/QD.framework/Versions/A/QD
0x0000000012abd000 	/System/Library/Frameworks/ApplicationServices.framework/Versions/A/Frameworks/SpeechSynthesis.framework/Versions/A/SpeechSynthesis
0x0000000012abd000 	/System/Library/Frameworks/Accelerate.framework/Versions/A/Frameworks/vImage.framework/Versions/A/vImage
0x0000000012abd000 	/System/Library/Frameworks/Accelerate.framework/Versions/A/Frameworks/vecLib.framework/Versions/A/vecLib
0x0000000012abd000 	/System/Library/Frameworks/Accelerate.framework/Versions/A/Frameworks/vecLib.framework/Versions/A/libvDSP.dylib
0x0000000012abd000 	/System/Library/Frameworks/Accelerate.framework/Versions/A/Frameworks/vecLib.framework/Versions/A/libBNNS.dylib
0x0000000012abd000 	/System/Library/Frameworks/Accelerate.framework/Versions/A/Frameworks/vecLib.framework/Versions/A/libQuadrature.dylib
0x0000000012abd000 	/System/Library/Frameworks/Accelerate.framework/Versions/A/Frameworks/vecLib.framework/Versions/A/libvMisc.dylib
0x0000000012abd000 	/System/Library/Frameworks/Accelerate.framework/Versions/A/Frameworks/vecLib.framework/Versions/A/libLAPACK.dylib
0x0000000012abd000 	/System/Library/Frameworks/Accelerate.framework/Versions/A/Frameworks/vecLib.framework/Versions/A/libBLAS.dylib
0x0000000012abd000 	/System/Library/Frameworks/Accelerate.framework/Versions/A/Frameworks/vecLib.framework/Versions/A/libLinearAlgebra.dylib
0x0000000012abd000 	/System/Library/Frameworks/Accelerate.framework/Versions/A/Frameworks/vecLib.framework/Versions/A/libSparseBLAS.dylib
0x0000000012abd000 	/System/Library/Frameworks/ApplicationServices.framework/Versions/A/Frameworks/ATS.framework/Versions/A/Resources/libFontParser.dylib
0x0000000012abd000 	/System/Library/Frameworks/ApplicationServices.framework/Versions/A/Frameworks/ATS.framework/Versions/A/Resources/libFontRegistry.dylib
0x0000000012abd000 	/System/Library/Frameworks/ImageIO.framework/Versions/A/Resources/libJPEG.dylib
0x0000000012abd000 	/System/Library/Frameworks/ImageIO.framework/Versions/A/Resources/libTIFF.dylib
0x0000000012abd000 	/System/Library/Frameworks/ImageIO.framework/Versions/A/Resources/libPng.dylib
0x0000000012abd000 	/System/Library/Frameworks/ImageIO.framework/Versions/A/Resources/libGIF.dylib
0x0000000012abd000 	/System/Library/Frameworks/ImageIO.framework/Versions/A/Resources/libJP2.dylib
0x0000000012abd000 	/System/Library/Frameworks/ImageIO.framework/Versions/A/Resources/libRadiance.dylib
0x0000000012abd000 	/usr/lib/libcompression.dylib
0x0000000012abd000 	/System/Library/PrivateFrameworks/AppleJPEG.framework/Versions/A/AppleJPEG
0x0000000012abd000 	/usr/lib/libcups.2.dylib
0x0000000012abd000 	/System/Library/Frameworks/Kerberos.framework/Versions/A/Kerberos
0x0000000012abd000 	/System/Library/Frameworks/GSS.framework/Versions/A/GSS
0x0000000012abd000 	/usr/lib/libresolv.9.dylib
0x0000000012abd000 	/usr/lib/libiconv.2.dylib
0x0000000012abd000 	/System/Library/PrivateFrameworks/Heimdal.framework/Versions/A/Heimdal
0x0000000012abd000 	/usr/lib/libheimdal-asn1.dylib
0x0000000012abd000 	/System/Library/Frameworks/OpenDirectory.framework/Versions/A/OpenDirectory
0x0000000012abd000 	/System/Library/PrivateFrameworks/CommonAuth.framework/Versions/A/CommonAuth
0x0000000012abd000 	/System/Library/Frameworks/OpenDirectory.framework/Versions/A/Frameworks/CFOpenDirectory.framework/Versions/A/CFOpenDirectory
0x0000000012abd000 	/System/Library/Frameworks/SecurityFoundation.framework/Versions/A/SecurityFoundation
0x0000000012abd000 	/System/Library/PrivateFrameworks/LanguageModeling.framework/Versions/A/LanguageModeling
0x0000000012abd000 	/usr/lib/libmarisa.dylib
0x0000000012abd000 	/usr/lib/libChineseTokenizer.dylib
0x0000000012abd000 	/usr/lib/libcmph.dylib
0x0000000012abd000 	/System/Library/PrivateFrameworks/CoreEmoji.framework/Versions/A/CoreEmoji
0x0000000012abd000 	/System/Library/Frameworks/ServiceManagement.framework/Versions/A/ServiceManagement
0x0000000012abd000 	/usr/lib/libxslt.1.dylib
0x0000000012abd000 	/System/Library/Frameworks/Carbon.framework/Versions/A/Frameworks/Ink.framework/Versions/A/Ink
0x0000000012abd000 	/System/Library/PrivateFrameworks/TextureIO.framework/Versions/A/TextureIO
0x0000000012abd000 	/System/Library/Frameworks/Metal.framework/Versions/A/Metal
0x0000000012abd000 	/usr/lib/libate.dylib
0x0000000012abd000 	/System/Library/PrivateFrameworks/GPUCompiler.framework/libmetal_timestamp.dylib
0x0000000012abd000 	/System/Library/Frameworks/OpenGL.framework/Versions/A/Libraries/libCoreFSCache.dylib
0x0000000012abd000 	/System/Library/PrivateFrameworks/IOAccelerator.framework/Versions/A/IOAccelerator
0x0000000012abd000 	/System/Library/Frameworks/CoreVideo.framework/Versions/A/CoreVideo
0x0000000012abd000 	/usr/lib/libFosl_dynamic.dylib
0x0000000012abd000 	/System/Library/PrivateFrameworks/MetalPerformanceShaders.framework/Versions/A/MetalPerformanceShaders
0x0000000012abd000 	/System/Library/PrivateFrameworks/FaceCore.framework/Versions/A/FaceCore
0x0000000012abd000 	/System/Library/Frameworks/OpenCL.framework/Versions/A/OpenCL
0x0000000012abd000 	/System/Library/Frameworks/OpenGL.framework/Versions/A/Libraries/libGLU.dylib
0x0000000012abd000 	/System/Library/Frameworks/OpenGL.framework/Versions/A/Libraries/libGFXShared.dylib
0x0000000012abd000 	/System/Library/Frameworks/OpenGL.framework/Versions/A/Libraries/libGL.dylib
0x0000000012abd000 	/System/Library/Frameworks/OpenGL.framework/Versions/A/Libraries/libGLImage.dylib
0x0000000012abd000 	/System/Library/Frameworks/OpenGL.framework/Versions/A/Libraries/libCVMSPluginSupport.dylib
0x0000000012abd000 	/System/Library/Frameworks/OpenGL.framework/Versions/A/Libraries/libCoreVMClient.dylib
0x0000000012abd000 	/System/Library/PrivateFrameworks/CrashReporterSupport.framework/Versions/A/CrashReporterSupport
0x0000000012abd000 	/System/Library/PrivateFrameworks/Sharing.framework/Versions/A/Sharing
0x0000000012abd000 	/System/Library/PrivateFrameworks/IconServices.framework/Versions/A/IconServices
0x0000000012abd000 	/System/Library/PrivateFrameworks/ProtocolBuffer.framework/Versions/A/ProtocolBuffer
0x0000000012abd000 	/System/Library/PrivateFrameworks/Apple80211.framework/Versions/A/Apple80211
0x0000000012abd000 	/System/Library/Frameworks/CoreWLAN.framework/Versions/A/CoreWLAN
0x0000000012abd000 	/System/Library/PrivateFrameworks/CoreUtils.framework/Versions/A/CoreUtils
0x0000000012abd000 	/System/Library/Frameworks/IOBluetooth.framework/Versions/A/IOBluetooth
0x0000000012abd000 	/System/Library/PrivateFrameworks/CoreWiFi.framework/Versions/A/CoreWiFi
0x0000000012abd000 	/System/Library/Frameworks/CoreBluetooth.framework/Versions/A/CoreBluetooth
0x0000000012abd000 	/System/Library/Frameworks/CoreDisplay.framework/Versions/A/CoreDisplay
0x0000000012abd000 	/System/Library/PrivateFrameworks/IOPresentment.framework/Versions/A/IOPresentment
0x0000000012abd000 	/System/Library/PrivateFrameworks/DSExternalDisplay.framework/Versions/A/DSExternalDisplay
0x0000000012abd000 	/System/Library/PrivateFrameworks/DebugSymbols.framework/Versions/A/DebugSymbols
0x0000000012abd000 	/System/Library/PrivateFrameworks/CoreSymbolication.framework/Versions/A/CoreSymbolication
0x0000000012abd000 	/System/Library/PrivateFrameworks/Symbolication.framework/Versions/A/Symbolication
0x0000000012abd000 	/System/Library/PrivateFrameworks/AppleFSCompression.framework/Versions/A/AppleFSCompression
0x0000000012abd000 	/System/Library/PrivateFrameworks/SpeechRecognitionCore.framework/Versions/A/SpeechRecognitionCore
0x0000000012abd000 	/System/Library/PrivateFrameworks/ChunkingLibrary.framework/Versions/A/ChunkingLibrary
0x0000000100e5d000 	/Library/Java/JavaVirtualMachines/jdk1.8.0_91.jdk/Contents/Home/jre/lib/server/libjvm.dylib
0x0000000012abd000 	/usr/lib/libstdc++.6.dylib
0x0000000101df2000 	/Library/Java/JavaVirtualMachines/jdk1.8.0_91.jdk/Contents/Home/jre/lib/libverify.dylib
0x0000000102600000 	/Library/Java/JavaVirtualMachines/jdk1.8.0_91.jdk/Contents/Home/jre/lib/libjava.dylib
0x000000010263e000 	/Library/Java/JavaVirtualMachines/jdk1.8.0_91.jdk/Contents/Home/jre/lib/libzip.dylib
0x0000000108baa000 	/System/Library/Frameworks/JavaVM.framework/Frameworks/JavaRuntimeSupport.framework/JavaRuntimeSupport
0x0000000108bc4000 	/System/Library/Frameworks/JavaVM.framework/Versions/A/Frameworks/JavaNativeFoundation.framework/Versions/A/JavaNativeFoundation
0x0000000108bd9000 	/System/Library/Frameworks/JavaVM.framework/Versions/A/JavaVM
0x0000000012abd000 	/System/Library/Frameworks/Carbon.framework/Versions/A/Carbon
0x0000000108be6000 	/System/Library/PrivateFrameworks/JavaLaunching.framework/Versions/A/JavaLaunching
0x0000000012abd000 	/System/Library/Frameworks/Carbon.framework/Versions/A/Frameworks/CommonPanels.framework/Versions/A/CommonPanels
0x0000000012abd000 	/System/Library/Frameworks/Carbon.framework/Versions/A/Frameworks/Help.framework/Versions/A/Help
0x0000000012abd000 	/System/Library/Frameworks/Carbon.framework/Versions/A/Frameworks/ImageCapture.framework/Versions/A/ImageCapture
0x0000000012abd000 	/System/Library/Frameworks/Carbon.framework/Versions/A/Frameworks/OpenScripting.framework/Versions/A/OpenScripting
0x0000000012abd000 	/System/Library/Frameworks/Carbon.framework/Versions/A/Frameworks/Print.framework/Versions/A/Print
0x0000000012abd000 	/System/Library/Frameworks/Carbon.framework/Versions/A/Frameworks/SecurityHI.framework/Versions/A/SecurityHI
0x0000000119b20000 	/Applications/IntelliJ IDEA CE.app/Contents/bin/libbreakgen64.jnilib
0x0000000119b23000 	/Library/Java/JavaVirtualMachines/jdk1.8.0_91.jdk/Contents/Home/jre/lib/libnet.dylib
0x0000000119b82000 	/Library/Java/JavaVirtualMachines/jdk1.8.0_91.jdk/Contents/Home/jre/lib/libnio.dylib
0x0000000119b92000 	/Users/hasankatie/lib/lwjgl-3.1.3/natives/liblwjgl.dylib
0x0000000119bde000 	/Users/hasankatie/lib/lwjgl-3.1.3/natives/liblwjgl_opengl.dylib
0x0000000119c91000 	/Users/hasankatie/lib/lwjgl-3.1.3/natives/libjemalloc.dylib

VM Arguments:
jvm_args: -Djava.library.path=/Users/hasankatie/lib/lwjgl-3.1.3/natives -Dorg.lwjgl.util.Debug=true -Didea.launcher.port=7533 -Didea.launcher.bin.path=/Applications/IntelliJ IDEA CE.app/Contents/bin -Dfile.encoding=UTF-8 
java_command: com.intellij.rt.execution.application.AppMain HelloWorld
java_class_path (initial): /Library/Java/JavaVirtualMachines/jdk1.8.0_91.jdk/Contents/Home/jre/lib/charsets.jar:/Library/Java/JavaVirtualMachines/jdk1.8.0_91.jdk/Contents/Home/jre/lib/deploy.jar:/Library/Java/JavaVirtualMachines/jdk1.8.0_91.jdk/Contents/Home/jre/lib/ext/cldrdata.jar:/Library/Java/JavaVirtualMachines/jdk1.8.0_91.jdk/Contents/Home/jre/lib/ext/dnsns.jar:/Library/Java/JavaVirtualMachines/jdk1.8.0_91.jdk/Contents/Home/jre/lib/ext/jaccess.jar:/Library/Java/JavaVirtualMachines/jdk1.8.0_91.jdk/Contents/Home/jre/lib/ext/jfxrt.jar:/Library/Java/JavaVirtualMachines/jdk1.8.0_91.jdk/Contents/Home/jre/lib/ext/localedata.jar:/Library/Java/JavaVirtualMachines/jdk1.8.0_91.jdk/Contents/Home/jre/lib/ext/nashorn.jar:/Library/Java/JavaVirtualMachines/jdk1.8.0_91.jdk/Contents/Home/jre/lib/ext/sunec.jar:/Library/Java/JavaVirtualMachines/jdk1.8.0_91.jdk/Contents/Home/jre/lib/ext/sunjce_provider.jar:/Library/Java/JavaVirtualMachines/jdk1.8.0_91.jdk/Contents/Home/jre/lib/ext/sunpkcs11.jar:/Library/Java/JavaVirtualMachines/jdk1.8.0_91.jdk/Contents/Home/jre/lib/ext/zipfs.jar:/Library/Java/JavaVirtualMachines/jdk1.8.0_91.jdk/Contents/Home/jre/lib/javaws.jar:/Library/Java/JavaVirtualMachines/jdk1.8.0_91.jdk/Contents/Home/jre/lib/jce.jar:/Library/Java/JavaVirtualMachines/jdk1.8.0_91.jdk/Contents/Home/jre/lib/jfr.jar:/Library/Java/JavaVirtualMachines/jdk1.8.0_91.jdk/Contents/Home/jre/lib/jfxswt.jar:/Library/Java/JavaVirtualMachines/jdk1.8.0_91.jdk/Contents/Home/jre/lib/jsse.jar:/Library/Java/JavaVirtualMachines/jdk1.8.0_91.jdk/Contents/Home/jre/lib/management-agent.jar:/Library/Java/JavaVirtualMachines/jdk1.8.0_91.jdk/Contents/Home/jre/lib/plugin.jar:/Library/Java/JavaVirtualMachines/jdk1.8.0_91.jdk/Contents/Home/jre/lib/resources.jar:/Library/Java/JavaVirtualMachines/jdk1.8.0_91.jdk/Contents/Home/jre/lib/rt.jar:/Library/Java/JavaVirtualMachines/jdk1.8.0_91.jdk/Contents/Home/lib/ant-javafx.jar:/Library/Java/JavaVirtualMachines/jdk1.8.0_91.jdk/Contents/Home/lib/dt.jar:/Library/Ja
Launcher Type: SUN_STANDARD

Environment Variables:
PATH=/usr/local/Cellar/vim/8.0.0071/bin:/Users/hasankatie/.npm-packages/bin:/Users/hasankatie/.rvm/gems/ruby-2.3.1/bin:/Users/hasankatie/.rvm/gems/ruby-2.3.1@global/bin:/Users/hasankatie/.rvm/rubies/ruby-2.3.1/bin:/usr/local/bin:/usr/bin:/bin:/usr/sbin:/sbin:/Applications/Racket v6.8/bin:/opt/X11/bin:/usr/local/share/dotnet:/Library/Frameworks/Mono.framework/Versions/Current/Commands:/Users/hasankatie/.rvm/bin:~/bin
SHELL=/bin/bash
DISPLAY=/private/tmp/com.apple.launchd.1UZVw2YHLb/org.macosforge.xquartz:0

Signal Handlers:
SIGSEGV: [libjvm.dylib+0x5a97a1], sa_mask[0]=11111111011111110111111111111111, sa_flags=SA_ONSTACK|SA_RESTART|SA_SIGINFO
SIGBUS: [libjvm.dylib+0x5a97a1], sa_mask[0]=11111111011111110111111111111111, sa_flags=SA_RESTART|SA_SIGINFO
SIGFPE: [libjvm.dylib+0x482594], sa_mask[0]=11111111011111110111111111111111, sa_flags=SA_RESTART|SA_SIGINFO
SIGPIPE: [libjvm.dylib+0x482594], sa_mask[0]=11111111011111110111111111111111, sa_flags=SA_RESTART|SA_SIGINFO
SIGXFSZ: [libjvm.dylib+0x482594], sa_mask[0]=11111111011111110111111111111111, sa_flags=SA_RESTART|SA_SIGINFO
SIGILL: [libjvm.dylib+0x482594], sa_mask[0]=11111111011111110111111111111111, sa_flags=SA_RESTART|SA_SIGINFO
SIGUSR1: SIG_DFL, sa_mask[0]=00000000000000000000000000000000, sa_flags=none
SIGUSR2: [libjvm.dylib+0x4820b2], sa_mask[0]=00100000000000000000000000000000, sa_flags=SA_RESTART|SA_SIGINFO
SIGHUP: [libjvm.dylib+0x480689], sa_mask[0]=11111111011111110111111111111111, sa_flags=SA_RESTART|SA_SIGINFO
SIGINT: [libjvm.dylib+0x480689], sa_mask[0]=11111111011111110111111111111111, sa_flags=SA_RESTART|SA_SIGINFO
SIGTERM: [libjvm.dylib+0x480689], sa_mask[0]=11111111011111110111111111111111, sa_flags=SA_RESTART|SA_SIGINFO
SIGQUIT: [libjvm.dylib+0x480689], sa_mask[0]=11111111011111110111111111111111, sa_flags=SA_RESTART|SA_SIGINFO


---------------  S Y S T E M  ---------------

OS:Bsduname:Darwin 16.7.0 Darwin Kernel Version 16.7.0: Thu Jun 15 17:36:27 PDT 2017; root:xnu-3789.70.16~2/RELEASE_X86_64 x86_64
rlimit: STACK 8192k, CORE 0k, NPROC 709, NOFILE 10240, AS infinity
load average:2.42 2.23 2.10

CPU:total 4 (2 cores per cpu, 2 threads per core) family 6 model 58 stepping 9, cmov, cx8, fxsr, mmx, sse, sse2, sse3, ssse3, sse4.1, sse4.2, popcnt, avx, aes, clmul, erms, ht, tsc, tscinvbit, tscinv

Memory: 4k page, physical 8388608k(508708k free)

/proc/meminfo:


vm_info: Java HotSpot(TM) 64-Bit Server VM (25.91-b14) for bsd-amd64 JRE (1.8.0_91-b14), built on Apr  1 2016 01:03:00 by "java_re" with gcc 4.2.1 (Based on Apple Inc. build 5658) (LLVM build 2336.11.00)

time: Mon Oct  9 15:44:39 2017
elapsed time: 0 seconds (0d 0h 0m 0s)

