#
# A fatal error has been detected by the Java Runtime Environment:
#
#  SIGSEGV (0xb) at pc=0x000000012c2b104e, pid=82686, tid=775
#
# JRE version: Java(TM) SE Runtime Environment (8.0_91-b14) (build 1.8.0_91-b14)
# Java VM: Java HotSpot(TM) 64-Bit Server VM (25.91-b14 mixed mode bsd-amd64 compressed oops)
# Problematic frame:
# C  [liblwjgl_opengl.dylib+0xe04e]
[error occurred during error reporting (printing problematic frame), id 0xe0000000]

# Failed to write core dump. Core dumps have been disabled. To enable core dumping, try "ulimit -c unlimited" before starting Java again
#
# If you would like to submit a bug report, please visit:
#   http://bugreport.java.com/bugreport/crash.jsp
# The crash happened outside the Java Virtual Machine in native code.
# See problematic frame for where to report the bug.
#

---------------  T H R E A D  ---------------

Current thread (0x00007f835400f000):  JavaThread "main" [_thread_in_native, id=775, stack(0x00007fff50636000,0x00007fff50e36000)]

siginfo: si_signo: 11 (SIGSEGV), si_code: 1 (SEGV_MAPERR), si_addr: 0x0000000000001eb0

Registers:
RAX=0x0000000000000000, RBX=0x0000000111a37570, RCX=0x000000010f65f340, RDX=0x0000000000001701
RSP=0x00007fff50e31038, RBP=0x00007fff50e31088, RSI=0x00007fff50e31098, RDI=0x0000000000001701
R8 =0x0000000114041ee3, R9 =0x0000000000000000, R10=0x0000000113ff89a8, R11=0x000000010f325357
R12=0x0000000000000000, R13=0x0000000111a37568, R14=0x00007fff50e310a8, R15=0x00007f835400f000
RIP=0x000000012c2b104e, EFLAGS=0x0000000000010212, ERR=0x0000000000000004
  TRAPNO=0x000000000000000e

Top of Stack: (sp=0x00007fff50e31038)
0x00007fff50e31038:   0000000113ff89d4 0000000113ff8722
0x00007fff50e31048:   00007fff50e31048 0000000111a37568
0x00007fff50e31058:   00007fff50e310a8 0000000111a51b10
0x00007fff50e31068:   0000000000000000 0000000111a37570
0x00007fff50e31078:   0000000000000000 00007fff50e310a8
0x00007fff50e31088:   00007fff50e310f0 0000000113fe92bd
0x00007fff50e31098:   0000000795f39408 0000000113ff2538
0x00007fff50e310a8:   0000000000001701 00007fff50e310b0
0x00007fff50e310b8:   00000001118cbd95 00007fff50e31138
0x00007fff50e310c8:   00000001118cc3e0 0000000000000000
0x00007fff50e310d8:   00000001118cbe48 00007fff50e310a8
0x00007fff50e310e8:   00007fff50e31138 00007fff50e31180
0x00007fff50e310f8:   0000000113fe92bd 0000000000000000
0x00007fff50e31108:   0000000000000000 0000000795f0bf40
0x00007fff50e31118:   0000000795ee35d8 0000000795ee35a0
0x00007fff50e31128:   0000000000000000 0000000795aa9418
0x00007fff50e31138:   00000007957d0980 00007fff50e31140
0x00007fff50e31148:   00000001118cbbd1 00007fff50e31190
0x00007fff50e31158:   00000001118cc3e0 0000000000000000
0x00007fff50e31168:   00000001118cbc10 00007fff50e31138
0x00007fff50e31178:   00007fff50e31190 00007fff50e311d8
0x00007fff50e31188:   0000000113fe92bd 00000007957d0980
0x00007fff50e31198:   00007fff50e31198 00000001118cc247
0x00007fff50e311a8:   00007fff50e311e8 00000001118cc3e0
0x00007fff50e311b8:   0000000000000000 00000001118cc260
0x00007fff50e311c8:   00007fff50e31190 00007fff50e311e8
0x00007fff50e311d8:   00007fff50e31250 0000000113fe17a7
0x00007fff50e311e8:   00000007957c9fa0 0000000100001fa0
0x00007fff50e311f8:   000000000000000a 00007f835400f000
0x00007fff50e31208:   0000000000000001 0000000113fe171f
0x00007fff50e31218:   00000001118cc260 00007fff50e312e8
0x00007fff50e31228:   00007fff50e31640 000000070000000a 

Instructions: (pc=0x000000012c2b104e)
0x000000012c2b102e:   30 1e 00 00 89 d7 89 ce 4c 89 c2 5d ff e0 0f 1f
0x000000012c2b103e:   40 00 55 48 89 e5 48 8b 07 48 8b 40 18 89 d7 5d
0x000000012c2b104e:   ff a0 b0 1e 00 00 66 66 66 2e 0f 1f 84 00 00 00
0x000000012c2b105e:   00 00 55 48 89 e5 48 8b 07 48 8b 40 18 48 89 d7 

Register to memory mapping:

RAX=0x0000000000000000 is an unknown value
RBX={method} {0x0000000111a37570} 'glMatrixMode' '(I)V' in 'org/lwjgl/opengl/GL11'
RCX=0x000000010f65f340: UseMembar+0 in /Library/Java/JavaVirtualMachines/jdk1.8.0_91.jdk/Contents/Home/jre/lib/server/libjvm.dylib at 0x000000010ee47000
RDX=0x0000000000001701 is an unknown value
RSP=0x00007fff50e31038 is pointing into the stack for thread: 0x00007f835400f000
RBP=0x00007fff50e31088 is pointing into the stack for thread: 0x00007f835400f000
RSI=0x00007fff50e31098 is pointing into the stack for thread: 0x00007f835400f000
RDI=0x0000000000001701 is an unknown value
R8 =0x0000000114041ee3 is at code_begin+3 in 
[CodeBlob (0x0000000114041e90)]
Framesize: 0
BufferBlob (0x0000000114041e90) used for Signature Handler Temp Buffer
R9 =0x0000000000000000 is an unknown value
R10=0x0000000113ff89a8 is at code_begin+808 in an Interpreter codelet
method entry point (kind = native)  [0x0000000113ff8680, 0x0000000113ff8f80]  2304 bytes
R11=0x000000010f325357: throw_unsatisfied_link_error+0 in /Library/Java/JavaVirtualMachines/jdk1.8.0_91.jdk/Contents/Home/jre/lib/server/libjvm.dylib at 0x000000010ee47000
R12=0x0000000000000000 is an unknown value
R13=0x0000000111a37568 is pointing into metadata
R14=0x00007fff50e310a8 is pointing into the stack for thread: 0x00007f835400f000
R15=0x00007f835400f000 is a thread


Stack: [0x00007fff50636000,0x00007fff50e36000],  sp=0x00007fff50e31038,  free space=8172k
Native frames: (J=compiled Java code, j=interpreted, Vv=VM code, C=native code)
C  [liblwjgl_opengl.dylib+0xe04e]
[error occurred during error reporting (printing native stack), id 0xe0000000]

Java frames: (J=compiled Java code, j=interpreted, Vv=VM code)
j  org.lwjgl.opengl.GL11.glMatrixMode(I)V+0
j  HelloWorld.init()V+253
j  HelloWorld.run()V+1
j  HelloWorld.main([Ljava/lang/String;)V+7
v  ~StubRoutines::call_stub
j  sun.reflect.NativeMethodAccessorImpl.invoke0(Ljava/lang/reflect/Method;Ljava/lang/Object;[Ljava/lang/Object;)Ljava/lang/Object;+0
j  sun.reflect.NativeMethodAccessorImpl.invoke(Ljava/lang/Object;[Ljava/lang/Object;)Ljava/lang/Object;+100
j  sun.reflect.DelegatingMethodAccessorImpl.invoke(Ljava/lang/Object;[Ljava/lang/Object;)Ljava/lang/Object;+6
j  java.lang.reflect.Method.invoke(Ljava/lang/Object;[Ljava/lang/Object;)Ljava/lang/Object;+56
j  com.intellij.rt.execution.application.AppMain.main([Ljava/lang/String;)V+170
v  ~StubRoutines::call_stub

---------------  P R O C E S S  ---------------

Java Threads: ( => current thread )
  0x00007f83538bc800 JavaThread "Monitor Ctrl-Break" daemon [_thread_in_native, id=18691, stack(0x0000700007c99000,0x0000700007d99000)]
  0x00007f8353069000 JavaThread "Service Thread" daemon [_thread_blocked, id=17667, stack(0x0000700007a93000,0x0000700007b93000)]
  0x00007f835304a800 JavaThread "C1 CompilerThread2" daemon [_thread_blocked, id=17155, stack(0x0000700007990000,0x0000700007a90000)]
  0x00007f835304e000 JavaThread "C2 CompilerThread1" daemon [_thread_blocked, id=16643, stack(0x000070000788d000,0x000070000798d000)]
  0x00007f8354807000 JavaThread "C2 CompilerThread0" daemon [_thread_in_native, id=16131, stack(0x000070000778a000,0x000070000788a000)]
  0x00007f8354806000 JavaThread "Signal Dispatcher" daemon [_thread_blocked, id=15627, stack(0x0000700007687000,0x0000700007787000)]
  0x00007f8354019800 JavaThread "Finalizer" daemon [_thread_blocked, id=12035, stack(0x0000700007584000,0x0000700007684000)]
  0x00007f8353034000 JavaThread "Reference Handler" daemon [_thread_blocked, id=11523, stack(0x0000700007481000,0x0000700007581000)]
=>0x00007f835400f000 JavaThread "main" [_thread_in_native, id=775, stack(0x00007fff50636000,0x00007fff50e36000)]

Other Threads:
  0x00007f835482c800 VMThread [stack: 0x000070000737e000,0x000070000747e000] [id=11011]
  0x00007f835404f800 WatcherThread [stack: 0x0000700007b96000,0x0000700007c96000] [id=18179]

VM state:not at safepoint (normal execution)

VM Mutex/Monitor currently owned by a thread: None

Heap:
 PSYoungGen      total 38400K, used 10810K [0x0000000795580000, 0x0000000798000000, 0x00000007c0000000)
  eden space 33280K, 32% used [0x0000000795580000,0x000000079600eb18,0x0000000797600000)
  from space 5120K, 0% used [0x0000000797b00000,0x0000000797b00000,0x0000000798000000)
  to   space 5120K, 0% used [0x0000000797600000,0x0000000797600000,0x0000000797b00000)
 ParOldGen       total 87552K, used 0K [0x0000000740000000, 0x0000000745580000, 0x0000000795580000)
  object space 87552K, 0% used [0x0000000740000000,0x0000000740000000,0x0000000745580000)
 Metaspace       used 6270K, capacity 6528K, committed 6656K, reserved 1056768K
  class space    used 644K, capacity 740K, committed 768K, reserved 1048576K

Card table byte_map: [0x00000001109f5000,0x0000000110df6000] byte_map_base: 0x000000010cff5000

Marking Bits: (ParMarkBitMap*) 0x000000010f72deb0
 Begin Bits: [0x0000000122fe1000, 0x0000000124fe1000)
 End Bits:   [0x0000000124fe1000, 0x0000000126fe1000)

Polling page: 0x000000010fdea000

CodeCache: size=245760Kb used=2514Kb max_used=2523Kb free=243245Kb
 bounds [0x0000000113fe1000, 0x0000000114261000, 0x0000000122fe1000]
 total_blobs=1268 nmethods=546 adapters=635
 compilation: enabled

Compilation events (10 events):
Event: 0.841 Thread 0x00007f835304a800  542       3       sun.nio.fs.UnixPath::checkNotNul (16 bytes)
Event: 0.841 Thread 0x00007f835304a800 nmethod 542 0x00000001142552d0 code [0x0000000114255440, 0x0000000114255648]
Event: 0.841 Thread 0x00007f835304a800  543       3       java.nio.Buffer::limit (62 bytes)
Event: 0.841 Thread 0x00007f835304a800 nmethod 543 0x0000000114254d90 code [0x0000000114254f00, 0x0000000114255208]
Event: 0.841 Thread 0x00007f8354807000  546   !   4       sun.misc.URLClassPath$JarLoader::getResource (85 bytes)
Event: 0.841 Thread 0x00007f835304a800  545       3       java.nio.charset.CoderResult::isUnderflow (13 bytes)
Event: 0.841 Thread 0x00007f835304a800 nmethod 545 0x0000000114254a10 code [0x0000000114254b80, 0x0000000114254d30]
Event: 0.841 Thread 0x00007f835304a800  544       1       java.util.Formatter$Flags::valueOf (5 bytes)
Event: 0.841 Thread 0x00007f835304a800 nmethod 544 0x0000000114254750 code [0x00000001142548a0, 0x00000001142549b0]
Event: 0.842 Thread 0x00007f835304e000  547 %     4       sun.security.provider.SHA::implCompress @ 12 (491 bytes)

GC Heap History (0 events):
No events

Deoptimization events (4 events):
Event: 0.202 Thread 0x00007f835400f000 Uncommon trap: reason=unstable_if action=reinterpret pc=0x000000011410a0e8 method=java.lang.String.hashCode()I @ 14
Event: 0.202 Thread 0x00007f835400f000 Uncommon trap: reason=unstable_if action=reinterpret pc=0x000000011410d200 method=java.lang.String.indexOf(II)I @ 49
Event: 0.394 Thread 0x00007f835400f000 Uncommon trap: reason=unstable_if action=reinterpret pc=0x000000011419da9c method=java.lang.String.indexOf([CII[CIII)I @ 134
Event: 0.772 Thread 0x00007f835400f000 Uncommon trap: reason=unstable_if action=reinterpret pc=0x00000001141cb89c method=java.lang.String.replace(CC)Ljava/lang/String; @ 26

Internal exceptions (9 events):
Event: 0.045 Thread 0x00007f835400f000 Exception <a 'java/lang/NoSuchMethodError': Method sun.misc.Unsafe.defineClass(Ljava/lang/String;[BII)Ljava/lang/Class; name or signature does not match> (0x0000000795587cc0) thrown at [/Users/java_re/workspace/8-2-build-macosx-x86_64/jdk8u91/6644/hotspot
Event: 0.045 Thread 0x00007f835400f000 Exception <a 'java/lang/NoSuchMethodError': Method sun.misc.Unsafe.prefetchRead(Ljava/lang/Object;J)V name or signature does not match> (0x0000000795587fa8) thrown at [/Users/java_re/workspace/8-2-build-macosx-x86_64/jdk8u91/6644/hotspot/src/share/vm/prim
Event: 0.299 Thread 0x00007f835400f000 Exception <a 'java/lang/NoSuchMethodError': java.lang.Object.lambda$static$0(Ljava/lang/String;)Ljava/lang/Boolean;> (0x0000000795976f38) thrown at [/Users/java_re/workspace/8-2-build-macosx-x86_64/jdk8u91/6644/hotspot/src/share/vm/interpreter/linkResolve
Event: 0.337 Thread 0x00007f835400f000 Exception <a 'java/lang/NoSuchFieldError': method resolution failed> (0x00000007959eedb0) thrown at [/Users/java_re/workspace/8-2-build-macosx-x86_64/jdk8u91/6644/hotspot/src/share/vm/prims/methodHandles.cpp, line 1146]
Event: 0.341 Thread 0x00007f835400f000 Exception <a 'java/lang/NoSuchFieldError': method resolution failed> (0x00000007959fc398) thrown at [/Users/java_re/workspace/8-2-build-macosx-x86_64/jdk8u91/6644/hotspot/src/share/vm/prims/methodHandles.cpp, line 1146]
Event: 0.412 Thread 0x00007f835400f000 Exception <a 'java/security/PrivilegedActionException'> (0x0000000795ba4c20) thrown at [/Users/java_re/workspace/8-2-build-macosx-x86_64/jdk8u91/6644/hotspot/src/share/vm/prims/jvm.cpp, line 1386]
Event: 0.412 Thread 0x00007f835400f000 Exception <a 'java/security/PrivilegedActionException'> (0x0000000795ba5018) thrown at [/Users/java_re/workspace/8-2-build-macosx-x86_64/jdk8u91/6644/hotspot/src/share/vm/prims/jvm.cpp, line 1386]
Event: 0.412 Thread 0x00007f835400f000 Exception <a 'java/security/PrivilegedActionException'> (0x0000000795ba84a0) thrown at [/Users/java_re/workspace/8-2-build-macosx-x86_64/jdk8u91/6644/hotspot/src/share/vm/prims/jvm.cpp, line 1386]
Event: 0.412 Thread 0x00007f835400f000 Exception <a 'java/security/PrivilegedActionException'> (0x0000000795ba8898) thrown at [/Users/java_re/workspace/8-2-build-macosx-x86_64/jdk8u91/6644/hotspot/src/share/vm/prims/jvm.cpp, line 1386]

Events (10 events):
Event: 0.849 loading class org/lwjgl/opengl/GL$4
Event: 0.849 loading class org/lwjgl/opengl/GL$4 done
Event: 0.850 loading class org/lwjgl/system/macosx/CoreFoundation
Event: 0.850 loading class org/lwjgl/system/macosx/CoreFoundation done
Event: 0.852 loading class org/lwjgl/opengl/GL$3
Event: 0.852 loading class org/lwjgl/opengl/GL$3 done
Event: 0.853 loading class org/lwjgl/opengl/GL$SharedLibraryGL
Event: 0.853 loading class org/lwjgl/opengl/GL$SharedLibraryGL done
Event: 0.853 loading class org/lwjgl/system/SharedLibrary$Delegate
Event: 0.853 loading class org/lwjgl/system/SharedLibrary$Delegate done


Dynamic libraries:
0x0000000012abd000 	/System/Library/Frameworks/Cocoa.framework/Versions/A/Cocoa
0x0000000012abd000 	/System/Library/Frameworks/Security.framework/Versions/A/Security
0x0000000012abd000 	/System/Library/Frameworks/ApplicationServices.framework/Versions/A/ApplicationServices
0x0000000012abd000 	/usr/lib/libz.1.dylib
0x0000000012abd000 	/usr/lib/libSystem.B.dylib
0x0000000012abd000 	/usr/lib/libobjc.A.dylib
0x0000000012abd000 	/System/Library/Frameworks/CoreFoundation.framework/Versions/A/CoreFoundation
0x0000000012abd000 	/System/Library/Frameworks/Foundation.framework/Versions/C/Foundation
0x0000000012abd000 	/System/Library/Frameworks/AppKit.framework/Versions/C/AppKit
0x0000000012abd000 	/System/Library/Frameworks/CoreData.framework/Versions/A/CoreData
0x0000000012abd000 	/System/Library/PrivateFrameworks/RemoteViewServices.framework/Versions/A/RemoteViewServices
0x0000000012abd000 	/System/Library/PrivateFrameworks/UIFoundation.framework/Versions/A/UIFoundation
0x0000000012abd000 	/System/Library/PrivateFrameworks/DFRFoundation.framework/Versions/A/DFRFoundation
0x0000000012abd000 	/usr/lib/libenergytrace.dylib
0x0000000012abd000 	/System/Library/PrivateFrameworks/SkyLight.framework/Versions/A/SkyLight
0x0000000012abd000 	/System/Library/Frameworks/CoreGraphics.framework/Versions/A/CoreGraphics
0x0000000012abd000 	/usr/lib/libScreenReader.dylib
0x0000000012abd000 	/System/Library/Frameworks/Accelerate.framework/Versions/A/Accelerate
0x0000000012abd000 	/System/Library/Frameworks/IOSurface.framework/Versions/A/IOSurface
0x0000000012abd000 	/System/Library/Frameworks/AudioToolbox.framework/Versions/A/AudioToolbox
0x0000000012abd000 	/System/Library/Frameworks/AudioUnit.framework/Versions/A/AudioUnit
0x0000000012abd000 	/System/Library/PrivateFrameworks/DataDetectorsCore.framework/Versions/A/DataDetectorsCore
0x0000000012abd000 	/System/Library/PrivateFrameworks/DesktopServicesPriv.framework/Versions/A/DesktopServicesPriv
0x0000000012abd000 	/System/Library/Frameworks/Carbon.framework/Versions/A/Frameworks/HIToolbox.framework/Versions/A/HIToolbox
0x0000000012abd000 	/usr/lib/libicucore.A.dylib
0x0000000012abd000 	/System/Library/Frameworks/QuartzCore.framework/Versions/A/QuartzCore
0x0000000012abd000 	/System/Library/Frameworks/Carbon.framework/Versions/A/Frameworks/SpeechRecognition.framework/Versions/A/SpeechRecognition
0x0000000012abd000 	/usr/lib/libauto.dylib
0x0000000012abd000 	/usr/lib/libxml2.2.dylib
0x0000000012abd000 	/System/Library/PrivateFrameworks/CoreUI.framework/Versions/A/CoreUI
0x0000000012abd000 	/System/Library/Frameworks/CoreAudio.framework/Versions/A/CoreAudio
0x0000000012abd000 	/System/Library/Frameworks/DiskArbitration.framework/Versions/A/DiskArbitration
0x0000000012abd000 	/usr/lib/liblangid.dylib
0x0000000012abd000 	/System/Library/PrivateFrameworks/MultitouchSupport.framework/Versions/A/MultitouchSupport
0x0000000012abd000 	/System/Library/Frameworks/IOKit.framework/Versions/A/IOKit
0x0000000012abd000 	/usr/lib/libDiagnosticMessagesClient.dylib
0x0000000012abd000 	/System/Library/Frameworks/CoreServices.framework/Versions/A/CoreServices
0x0000000012abd000 	/System/Library/PrivateFrameworks/PerformanceAnalysis.framework/Versions/A/PerformanceAnalysis
0x0000000012abd000 	/System/Library/PrivateFrameworks/GenerationalStorage.framework/Versions/A/GenerationalStorage
0x0000000012abd000 	/System/Library/Frameworks/OpenGL.framework/Versions/A/OpenGL
0x0000000012abd000 	/System/Library/Frameworks/CoreImage.framework/Versions/A/CoreImage
0x0000000012abd000 	/System/Library/Frameworks/CoreText.framework/Versions/A/CoreText
0x0000000012abd000 	/System/Library/Frameworks/ImageIO.framework/Versions/A/ImageIO
0x0000000012abd000 	/System/Library/PrivateFrameworks/Backup.framework/Versions/A/Backup
0x0000000012abd000 	/usr/lib/libarchive.2.dylib
0x0000000012abd000 	/System/Library/Frameworks/CFNetwork.framework/Versions/A/CFNetwork
0x0000000012abd000 	/System/Library/Frameworks/SystemConfiguration.framework/Versions/A/SystemConfiguration
0x0000000012abd000 	/usr/lib/libCRFSuite.dylib
0x0000000012abd000 	/usr/lib/libc++.1.dylib
0x0000000012abd000 	/usr/lib/libc++abi.dylib
0x0000000012abd000 	/usr/lib/system/libcache.dylib
0x0000000012abd000 	/usr/lib/system/libcommonCrypto.dylib
0x0000000012abd000 	/usr/lib/system/libcompiler_rt.dylib
0x0000000012abd000 	/usr/lib/system/libcopyfile.dylib
0x0000000012abd000 	/usr/lib/system/libcorecrypto.dylib
0x0000000012abd000 	/usr/lib/system/libdispatch.dylib
0x0000000012abd000 	/usr/lib/system/libdyld.dylib
0x0000000012abd000 	/usr/lib/system/libkeymgr.dylib
0x0000000012abd000 	/usr/lib/system/liblaunch.dylib
0x0000000012abd000 	/usr/lib/system/libmacho.dylib
0x0000000012abd000 	/usr/lib/system/libquarantine.dylib
0x0000000012abd000 	/usr/lib/system/libremovefile.dylib
0x0000000012abd000 	/usr/lib/system/libsystem_asl.dylib
0x0000000012abd000 	/usr/lib/system/libsystem_blocks.dylib
0x0000000012abd000 	/usr/lib/system/libsystem_c.dylib
0x0000000012abd000 	/usr/lib/system/libsystem_configuration.dylib
0x0000000012abd000 	/usr/lib/system/libsystem_coreservices.dylib
0x0000000012abd000 	/usr/lib/system/libsystem_coretls.dylib
0x0000000012abd000 	/usr/lib/system/libsystem_dnssd.dylib
0x0000000012abd000 	/usr/lib/system/libsystem_info.dylib
0x0000000012abd000 	/usr/lib/system/libsystem_kernel.dylib
0x0000000012abd000 	/usr/lib/system/libsystem_m.dylib
0x0000000012abd000 	/usr/lib/system/libsystem_malloc.dylib
0x0000000012abd000 	/usr/lib/system/libsystem_network.dylib
0x0000000012abd000 	/usr/lib/system/libsystem_networkextension.dylib
0x0000000012abd000 	/usr/lib/system/libsystem_notify.dylib
0x0000000012abd000 	/usr/lib/system/libsystem_platform.dylib
0x0000000012abd000 	/usr/lib/system/libsystem_pthread.dylib
0x0000000012abd000 	/usr/lib/system/libsystem_sandbox.dylib
0x0000000012abd000 	/usr/lib/system/libsystem_secinit.dylib
0x0000000012abd000 	/usr/lib/system/libsystem_symptoms.dylib
0x0000000012abd000 	/usr/lib/system/libsystem_trace.dylib
0x0000000012abd000 	/usr/lib/system/libunwind.dylib
0x0000000012abd000 	/usr/lib/system/libxpc.dylib
0x0000000012abd000 	/usr/lib/libbsm.0.dylib
0x0000000012abd000 	/usr/lib/system/libkxld.dylib
0x0000000012abd000 	/usr/lib/libcoretls.dylib
0x0000000012abd000 	/usr/lib/libcoretls_cfhelpers.dylib
0x0000000012abd000 	/usr/lib/libOpenScriptingUtil.dylib
0x0000000012abd000 	/usr/lib/libpam.2.dylib
0x0000000012abd000 	/usr/lib/libsqlite3.dylib
0x0000000012abd000 	/usr/lib/libxar.1.dylib
0x0000000012abd000 	/usr/lib/libbz2.1.0.dylib
0x0000000012abd000 	/usr/lib/liblzma.5.dylib
0x0000000012abd000 	/usr/lib/libnetwork.dylib
0x0000000012abd000 	/usr/lib/libpcap.A.dylib
0x0000000012abd000 	/System/Library/Frameworks/CoreServices.framework/Versions/A/Frameworks/FSEvents.framework/Versions/A/FSEvents
0x0000000012abd000 	/System/Library/Frameworks/CoreServices.framework/Versions/A/Frameworks/CarbonCore.framework/Versions/A/CarbonCore
0x0000000012abd000 	/System/Library/Frameworks/CoreServices.framework/Versions/A/Frameworks/Metadata.framework/Versions/A/Metadata
0x0000000012abd000 	/System/Library/Frameworks/CoreServices.framework/Versions/A/Frameworks/OSServices.framework/Versions/A/OSServices
0x0000000012abd000 	/System/Library/Frameworks/CoreServices.framework/Versions/A/Frameworks/SearchKit.framework/Versions/A/SearchKit
0x0000000012abd000 	/System/Library/Frameworks/CoreServices.framework/Versions/A/Frameworks/AE.framework/Versions/A/AE
0x0000000012abd000 	/System/Library/Frameworks/CoreServices.framework/Versions/A/Frameworks/LaunchServices.framework/Versions/A/LaunchServices
0x0000000012abd000 	/System/Library/Frameworks/CoreServices.framework/Versions/A/Frameworks/DictionaryServices.framework/Versions/A/DictionaryServices
0x0000000012abd000 	/System/Library/Frameworks/CoreServices.framework/Versions/A/Frameworks/SharedFileList.framework/Versions/A/SharedFileList
0x0000000012abd000 	/System/Library/Frameworks/NetFS.framework/Versions/A/NetFS
0x0000000012abd000 	/System/Library/PrivateFrameworks/NetAuth.framework/Versions/A/NetAuth
0x0000000012abd000 	/System/Library/PrivateFrameworks/login.framework/Versions/A/Frameworks/loginsupport.framework/Versions/A/loginsupport
0x0000000012abd000 	/System/Library/PrivateFrameworks/TCC.framework/Versions/A/TCC
0x0000000012abd000 	/usr/lib/libmecabra.dylib
0x0000000012abd000 	/System/Library/Frameworks/ApplicationServices.framework/Versions/A/Frameworks/ATS.framework/Versions/A/ATS
0x0000000012abd000 	/System/Library/Frameworks/ApplicationServices.framework/Versions/A/Frameworks/ColorSync.framework/Versions/A/ColorSync
0x0000000012abd000 	/System/Library/Frameworks/ApplicationServices.framework/Versions/A/Frameworks/HIServices.framework/Versions/A/HIServices
0x0000000012abd000 	/System/Library/Frameworks/ApplicationServices.framework/Versions/A/Frameworks/LangAnalysis.framework/Versions/A/LangAnalysis
0x0000000012abd000 	/System/Library/Frameworks/ApplicationServices.framework/Versions/A/Frameworks/PrintCore.framework/Versions/A/PrintCore
0x0000000012abd000 	/System/Library/Frameworks/ApplicationServices.framework/Versions/A/Frameworks/QD.framework/Versions/A/QD
0x0000000012abd000 	/System/Library/Frameworks/ApplicationServices.framework/Versions/A/Frameworks/SpeechSynthesis.framework/Versions/A/SpeechSynthesis
0x0000000012abd000 	/System/Library/Frameworks/Accelerate.framework/Versions/A/Frameworks/vImage.framework/Versions/A/vImage
0x0000000012abd000 	/System/Library/Frameworks/Accelerate.framework/Versions/A/Frameworks/vecLib.framework/Versions/A/vecLib
0x0000000012abd000 	/System/Library/Frameworks/Accelerate.framework/Versions/A/Frameworks/vecLib.framework/Versions/A/libvDSP.dylib
0x0000000012abd000 	/System/Library/Frameworks/Accelerate.framework/Versions/A/Frameworks/vecLib.framework/Versions/A/libBNNS.dylib
0x0000000012abd000 	/System/Library/Frameworks/Accelerate.framework/Versions/A/Frameworks/vecLib.framework/Versions/A/libQuadrature.dylib
0x0000000012abd000 	/System/Library/Frameworks/Accelerate.framework/Versions/A/Frameworks/vecLib.framework/Versions/A/libvMisc.dylib
0x0000000012abd000 	/System/Library/Frameworks/Accelerate.framework/Versions/A/Frameworks/vecLib.framework/Versions/A/libLAPACK.dylib
0x0000000012abd000 	/System/Library/Frameworks/Accelerate.framework/Versions/A/Frameworks/vecLib.framework/Versions/A/libBLAS.dylib
0x0000000012abd000 	/System/Library/Frameworks/Accelerate.framework/Versions/A/Frameworks/vecLib.framework/Versions/A/libLinearAlgebra.dylib
0x0000000012abd000 	/System/Library/Frameworks/Accelerate.framework/Versions/A/Frameworks/vecLib.framework/Versions/A/libSparseBLAS.dylib
0x0000000012abd000 	/System/Library/Frameworks/ApplicationServices.framework/Versions/A/Frameworks/ATS.framework/Versions/A/Resources/libFontParser.dylib
0x0000000012abd000 	/System/Library/Frameworks/ApplicationServices.framework/Versions/A/Frameworks/ATS.framework/Versions/A/Resources/libFontRegistry.dylib
0x0000000012abd000 	/System/Library/Frameworks/ImageIO.framework/Versions/A/Resources/libJPEG.dylib
0x0000000012abd000 	/System/Library/Frameworks/ImageIO.framework/Versions/A/Resources/libTIFF.dylib
0x0000000012abd000 	/System/Library/Frameworks/ImageIO.framework/Versions/A/Resources/libPng.dylib
0x0000000012abd000 	/System/Library/Frameworks/ImageIO.framework/Versions/A/Resources/libGIF.dylib
0x0000000012abd000 	/System/Library/Frameworks/ImageIO.framework/Versions/A/Resources/libJP2.dylib
0x0000000012abd000 	/System/Library/Frameworks/ImageIO.framework/Versions/A/Resources/libRadiance.dylib
0x0000000012abd000 	/usr/lib/libcompression.dylib
0x0000000012abd000 	/System/Library/PrivateFrameworks/AppleJPEG.framework/Versions/A/AppleJPEG
0x0000000012abd000 	/usr/lib/libcups.2.dylib
0x0000000012abd000 	/System/Library/Frameworks/Kerberos.framework/Versions/A/Kerberos
0x0000000012abd000 	/System/Library/Frameworks/GSS.framework/Versions/A/GSS
0x0000000012abd000 	/usr/lib/libresolv.9.dylib
0x0000000012abd000 	/usr/lib/libiconv.2.dylib
0x0000000012abd000 	/System/Library/PrivateFrameworks/Heimdal.framework/Versions/A/Heimdal
0x0000000012abd000 	/usr/lib/libheimdal-asn1.dylib
0x0000000012abd000 	/System/Library/Frameworks/OpenDirectory.framework/Versions/A/OpenDirectory
0x0000000012abd000 	/System/Library/PrivateFrameworks/CommonAuth.framework/Versions/A/CommonAuth
0x0000000012abd000 	/System/Library/Frameworks/OpenDirectory.framework/Versions/A/Frameworks/CFOpenDirectory.framework/Versions/A/CFOpenDirectory
0x0000000012abd000 	/System/Library/Frameworks/SecurityFoundation.framework/Versions/A/SecurityFoundation
0x0000000012abd000 	/System/Library/PrivateFrameworks/LanguageModeling.framework/Versions/A/LanguageModeling
0x0000000012abd000 	/usr/lib/libmarisa.dylib
0x0000000012abd000 	/usr/lib/libChineseTokenizer.dylib
0x0000000012abd000 	/usr/lib/libcmph.dylib
0x0000000012abd000 	/System/Library/PrivateFrameworks/CoreEmoji.framework/Versions/A/CoreEmoji
0x0000000012abd000 	/System/Library/Frameworks/ServiceManagement.framework/Versions/A/ServiceManagement
0x0000000012abd000 	/usr/lib/libxslt.1.dylib
0x0000000012abd000 	/System/Library/Frameworks/Carbon.framework/Versions/A/Frameworks/Ink.framework/Versions/A/Ink
0x0000000012abd000 	/System/Library/PrivateFrameworks/TextureIO.framework/Versions/A/TextureIO
0x0000000012abd000 	/System/Library/Frameworks/Metal.framework/Versions/A/Metal
0x0000000012abd000 	/usr/lib/libate.dylib
0x0000000012abd000 	/System/Library/PrivateFrameworks/GPUCompiler.framework/libmetal_timestamp.dylib
0x0000000012abd000 	/System/Library/Frameworks/OpenGL.framework/Versions/A/Libraries/libCoreFSCache.dylib
0x0000000012abd000 	/System/Library/PrivateFrameworks/IOAccelerator.framework/Versions/A/IOAccelerator
0x0000000012abd000 	/System/Library/Frameworks/CoreVideo.framework/Versions/A/CoreVideo
0x0000000012abd000 	/usr/lib/libFosl_dynamic.dylib
0x0000000012abd000 	/System/Library/PrivateFrameworks/MetalPerformanceShaders.framework/Versions/A/MetalPerformanceShaders
0x0000000012abd000 	/System/Library/PrivateFrameworks/FaceCore.framework/Versions/A/FaceCore
0x0000000012abd000 	/System/Library/Frameworks/OpenCL.framework/Versions/A/OpenCL
0x0000000012abd000 	/System/Library/Frameworks/OpenGL.framework/Versions/A/Libraries/libGLU.dylib
0x0000000012abd000 	/System/Library/Frameworks/OpenGL.framework/Versions/A/Libraries/libGFXShared.dylib
0x0000000012abd000 	/System/Library/Frameworks/OpenGL.framework/Versions/A/Libraries/libGL.dylib
0x0000000012abd000 	/System/Library/Frameworks/OpenGL.framework/Versions/A/Libraries/libGLImage.dylib
0x0000000012abd000 	/System/Library/Frameworks/OpenGL.framework/Versions/A/Libraries/libCVMSPluginSupport.dylib
0x0000000012abd000 	/System/Library/Frameworks/OpenGL.framework/Versions/A/Libraries/libCoreVMClient.dylib
0x0000000012abd000 	/System/Library/PrivateFrameworks/CrashReporterSupport.framework/Versions/A/CrashReporterSupport
0x0000000012abd000 	/System/Library/PrivateFrameworks/Sharing.framework/Versions/A/Sharing
0x0000000012abd000 	/System/Library/PrivateFrameworks/IconServices.framework/Versions/A/IconServices
0x0000000012abd000 	/System/Library/PrivateFrameworks/ProtocolBuffer.framework/Versions/A/ProtocolBuffer
0x0000000012abd000 	/System/Library/PrivateFrameworks/Apple80211.framework/Versions/A/Apple80211
0x0000000012abd000 	/System/Library/Frameworks/CoreWLAN.framework/Versions/A/CoreWLAN
0x0000000012abd000 	/System/Library/PrivateFrameworks/CoreUtils.framework/Versions/A/CoreUtils
0x0000000012abd000 	/System/Library/Frameworks/IOBluetooth.framework/Versions/A/IOBluetooth
0x0000000012abd000 	/System/Library/PrivateFrameworks/CoreWiFi.framework/Versions/A/CoreWiFi
0x0000000012abd000 	/System/Library/Frameworks/CoreBluetooth.framework/Versions/A/CoreBluetooth
0x0000000012abd000 	/System/Library/Frameworks/CoreDisplay.framework/Versions/A/CoreDisplay
0x0000000012abd000 	/System/Library/PrivateFrameworks/IOPresentment.framework/Versions/A/IOPresentment
0x0000000012abd000 	/System/Library/PrivateFrameworks/DSExternalDisplay.framework/Versions/A/DSExternalDisplay
0x0000000012abd000 	/System/Library/PrivateFrameworks/DebugSymbols.framework/Versions/A/DebugSymbols
0x0000000012abd000 	/System/Library/PrivateFrameworks/CoreSymbolication.framework/Versions/A/CoreSymbolication
0x0000000012abd000 	/System/Library/PrivateFrameworks/Symbolication.framework/Versions/A/Symbolication
0x0000000012abd000 	/System/Library/PrivateFrameworks/AppleFSCompression.framework/Versions/A/AppleFSCompression
0x0000000012abd000 	/System/Library/PrivateFrameworks/SpeechRecognitionCore.framework/Versions/A/SpeechRecognitionCore
0x0000000012abd000 	/System/Library/PrivateFrameworks/ChunkingLibrary.framework/Versions/A/ChunkingLibrary
0x000000010ee47000 	/Library/Java/JavaVirtualMachines/jdk1.8.0_91.jdk/Contents/Home/jre/lib/server/libjvm.dylib
0x0000000012abd000 	/usr/lib/libstdc++.6.dylib
0x000000010fddc000 	/Library/Java/JavaVirtualMachines/jdk1.8.0_91.jdk/Contents/Home/jre/lib/libverify.dylib
0x0000000110600000 	/Library/Java/JavaVirtualMachines/jdk1.8.0_91.jdk/Contents/Home/jre/lib/libjava.dylib
0x000000010fdf3000 	/Library/Java/JavaVirtualMachines/jdk1.8.0_91.jdk/Contents/Home/jre/lib/libzip.dylib
0x0000000112f97000 	/System/Library/Frameworks/JavaVM.framework/Frameworks/JavaRuntimeSupport.framework/JavaRuntimeSupport
0x0000000112fb1000 	/System/Library/Frameworks/JavaVM.framework/Versions/A/Frameworks/JavaNativeFoundation.framework/Versions/A/JavaNativeFoundation
0x0000000112fc6000 	/System/Library/Frameworks/JavaVM.framework/Versions/A/JavaVM
0x0000000012abd000 	/System/Library/Frameworks/Carbon.framework/Versions/A/Carbon
0x0000000112fd3000 	/System/Library/PrivateFrameworks/JavaLaunching.framework/Versions/A/JavaLaunching
0x0000000012abd000 	/System/Library/Frameworks/Carbon.framework/Versions/A/Frameworks/CommonPanels.framework/Versions/A/CommonPanels
0x0000000012abd000 	/System/Library/Frameworks/Carbon.framework/Versions/A/Frameworks/Help.framework/Versions/A/Help
0x0000000012abd000 	/System/Library/Frameworks/Carbon.framework/Versions/A/Frameworks/ImageCapture.framework/Versions/A/ImageCapture
0x0000000012abd000 	/System/Library/Frameworks/Carbon.framework/Versions/A/Frameworks/OpenScripting.framework/Versions/A/OpenScripting
0x0000000012abd000 	/System/Library/Frameworks/Carbon.framework/Versions/A/Frameworks/Print.framework/Versions/A/Print
0x0000000012abd000 	/System/Library/Frameworks/Carbon.framework/Versions/A/Frameworks/SecurityHI.framework/Versions/A/SecurityHI
0x00000001131c6000 	/Applications/IntelliJ IDEA CE.app/Contents/bin/libbreakgen64.jnilib
0x00000001131c9000 	/Library/Java/JavaVirtualMachines/jdk1.8.0_91.jdk/Contents/Home/jre/lib/libnet.dylib
0x0000000113228000 	/Library/Java/JavaVirtualMachines/jdk1.8.0_91.jdk/Contents/Home/jre/lib/libnio.dylib
0x0000000113238000 	/Users/hasankatie/lib/lwjgl-3.1.3/natives/liblwjgl.dylib
0x000000011330a000 	/Users/hasankatie/lib/lwjgl-3.1.3/natives/libjemalloc.dylib
0x0000000113b5e000 	/Users/hasankatie/lib/lwjgl-3.1.3/natives/libglfw.dylib
0x0000000012abd000 	/System/Library/PrivateFrameworks/CoreServicesInternal.framework/Versions/A/CoreServicesInternal
0x0000000012abd000 	/System/Library/PrivateFrameworks/FamilyControls.framework/Versions/A/FamilyControls
0x0000000012abd000 	/System/Library/PrivateFrameworks/CommerceKit.framework/Versions/A/Frameworks/CommerceCore.framework/Versions/A/CommerceCore
0x0000000012abd000 	/System/Library/PrivateFrameworks/SystemAdministration.framework/Versions/A/SystemAdministration
0x0000000012abd000 	/System/Library/PrivateFrameworks/AppContainer.framework/Versions/A/AppContainer
0x0000000012abd000 	/System/Library/PrivateFrameworks/SecCodeWrapper.framework/Versions/A/SecCodeWrapper
0x0000000012abd000 	/System/Library/Frameworks/DirectoryService.framework/Versions/A/DirectoryService
0x0000000012abd000 	/System/Library/PrivateFrameworks/DiskImages.framework/Versions/A/DiskImages
0x0000000012abd000 	/System/Library/PrivateFrameworks/LoginUIKit.framework/Versions/A/Frameworks/LoginUICore.framework/Versions/A/LoginUICore
0x0000000012abd000 	/usr/lib/libCoreStorage.dylib
0x0000000012abd000 	/usr/lib/libcsfde.dylib
0x0000000012abd000 	/usr/lib/libodfde.dylib
0x0000000012abd000 	/System/Library/Frameworks/DiscRecording.framework/Versions/A/DiscRecording
0x0000000012abd000 	/usr/lib/libcurl.4.dylib
0x0000000012abd000 	/System/Library/PrivateFrameworks/MediaKit.framework/Versions/A/MediaKit
0x0000000012abd000 	/System/Library/PrivateFrameworks/ProtectedCloudStorage.framework/Versions/A/ProtectedCloudStorage
0x0000000012abd000 	/System/Library/PrivateFrameworks/EFILogin.framework/Versions/A/EFILogin
0x0000000012abd000 	/usr/lib/libutil.dylib
0x0000000012abd000 	/System/Library/Frameworks/LDAP.framework/Versions/A/LDAP
0x0000000012abd000 	/usr/lib/libsasl2.2.dylib
0x0000000012abd000 	/System/Library/PrivateFrameworks/CoreDaemon.framework/Versions/B/CoreDaemon
0x0000000012abd000 	/System/Library/PrivateFrameworks/AppleSRP.framework/Versions/A/AppleSRP
0x0000000012abd000 	/System/Library/PrivateFrameworks/APFS.framework/Versions/A/APFS
0x0000000129ca8000 	/System/Library/Frameworks/Accelerate.framework/Frameworks/vImage.framework/Versions/A/Libraries/libCGInterfaces.dylib
0x000000012a1be000 	/System/Library/Frameworks/OpenGL.framework/Resources/GLEngine.bundle/GLEngine
0x0000000012abd000 	/System/Library/Frameworks/OpenGL.framework/Versions/A/Libraries/libGLProgrammability.dylib
0x000000012a3a3000 	/System/Library/Extensions/AppleIntelHD4000GraphicsGLDriver.bundle/Contents/MacOS/AppleIntelHD4000GraphicsGLDriver
0x0000000012abd000 	/System/Library/PrivateFrameworks/GPUSupport.framework/Versions/A/Libraries/libGPUSupportMercury.dylib
0x0000000129ccb000 	/System/Library/Frameworks/OpenGL.framework/Resources//GLRendererFloat.bundle/GLRendererFloat
0x0000000012abd000 	/System/Library/Frameworks/OpenCL.framework/Versions/A/Libraries/libcldcpuengine.dylib
0x0000000012abd000 	/usr/lib/libcrypto.0.9.8.dylib
0x0000000012abd000 	/System/Library/PrivateFrameworks/TrustEvaluationAgent.framework/Versions/A/TrustEvaluationAgent
0x0000000012abd000 	/System/Library/Frameworks/ApplicationServices.framework/Versions/A/Frameworks/ATS.framework/Versions/A/Resources/libTrueTypeScaler.dylib
0x000000012c2a3000 	/Users/hasankatie/lib/lwjgl-3.1.3/natives/liblwjgl_opengl.dylib

VM Arguments:
jvm_args: -Djava.library.path=/Users/hasankatie/lib/lwjgl-3.1.3/natives -Dorg.lwjgl.util.Debug=true -Didea.launcher.port=7532 -Didea.launcher.bin.path=/Applications/IntelliJ IDEA CE.app/Contents/bin -Dfile.encoding=UTF-8 
java_command: com.intellij.rt.execution.application.AppMain HelloWorld
java_class_path (initial): /Library/Java/JavaVirtualMachines/jdk1.8.0_91.jdk/Contents/Home/jre/lib/charsets.jar:/Library/Java/JavaVirtualMachines/jdk1.8.0_91.jdk/Contents/Home/jre/lib/deploy.jar:/Library/Java/JavaVirtualMachines/jdk1.8.0_91.jdk/Contents/Home/jre/lib/ext/cldrdata.jar:/Library/Java/JavaVirtualMachines/jdk1.8.0_91.jdk/Contents/Home/jre/lib/ext/dnsns.jar:/Library/Java/JavaVirtualMachines/jdk1.8.0_91.jdk/Contents/Home/jre/lib/ext/jaccess.jar:/Library/Java/JavaVirtualMachines/jdk1.8.0_91.jdk/Contents/Home/jre/lib/ext/jfxrt.jar:/Library/Java/JavaVirtualMachines/jdk1.8.0_91.jdk/Contents/Home/jre/lib/ext/localedata.jar:/Library/Java/JavaVirtualMachines/jdk1.8.0_91.jdk/Contents/Home/jre/lib/ext/nashorn.jar:/Library/Java/JavaVirtualMachines/jdk1.8.0_91.jdk/Contents/Home/jre/lib/ext/sunec.jar:/Library/Java/JavaVirtualMachines/jdk1.8.0_91.jdk/Contents/Home/jre/lib/ext/sunjce_provider.jar:/Library/Java/JavaVirtualMachines/jdk1.8.0_91.jdk/Contents/Home/jre/lib/ext/sunpkcs11.jar:/Library/Java/JavaVirtualMachines/jdk1.8.0_91.jdk/Contents/Home/jre/lib/ext/zipfs.jar:/Library/Java/JavaVirtualMachines/jdk1.8.0_91.jdk/Contents/Home/jre/lib/javaws.jar:/Library/Java/JavaVirtualMachines/jdk1.8.0_91.jdk/Contents/Home/jre/lib/jce.jar:/Library/Java/JavaVirtualMachines/jdk1.8.0_91.jdk/Contents/Home/jre/lib/jfr.jar:/Library/Java/JavaVirtualMachines/jdk1.8.0_91.jdk/Contents/Home/jre/lib/jfxswt.jar:/Library/Java/JavaVirtualMachines/jdk1.8.0_91.jdk/Contents/Home/jre/lib/jsse.jar:/Library/Java/JavaVirtualMachines/jdk1.8.0_91.jdk/Contents/Home/jre/lib/management-agent.jar:/Library/Java/JavaVirtualMachines/jdk1.8.0_91.jdk/Contents/Home/jre/lib/plugin.jar:/Library/Java/JavaVirtualMachines/jdk1.8.0_91.jdk/Contents/Home/jre/lib/resources.jar:/Library/Java/JavaVirtualMachines/jdk1.8.0_91.jdk/Contents/Home/jre/lib/rt.jar:/Library/Java/JavaVirtualMachines/jdk1.8.0_91.jdk/Contents/Home/lib/ant-javafx.jar:/Library/Java/JavaVirtualMachines/jdk1.8.0_91.jdk/Contents/Home/lib/dt.jar:/Library/Ja
Launcher Type: SUN_STANDARD

Environment Variables:
PATH=/usr/local/Cellar/vim/8.0.0071/bin:/Users/hasankatie/.npm-packages/bin:/Users/hasankatie/.rvm/gems/ruby-2.3.1/bin:/Users/hasankatie/.rvm/gems/ruby-2.3.1@global/bin:/Users/hasankatie/.rvm/rubies/ruby-2.3.1/bin:/usr/local/bin:/usr/bin:/bin:/usr/sbin:/sbin:/Applications/Racket v6.8/bin:/opt/X11/bin:/usr/local/share/dotnet:/Library/Frameworks/Mono.framework/Versions/Current/Commands:/Users/hasankatie/.rvm/bin:~/bin
SHELL=/bin/bash
DISPLAY=/private/tmp/com.apple.launchd.1UZVw2YHLb/org.macosforge.xquartz:0

Signal Handlers:
SIGSEGV: [libjvm.dylib+0x5a97a1], sa_mask[0]=11111111011111110111111111111111, sa_flags=SA_ONSTACK|SA_RESTART|SA_SIGINFO
SIGBUS: [libjvm.dylib+0x5a97a1], sa_mask[0]=11111111011111110111111111111111, sa_flags=SA_RESTART|SA_SIGINFO
SIGFPE: [libjvm.dylib+0x482594], sa_mask[0]=11111111011111110111111111111111, sa_flags=SA_RESTART|SA_SIGINFO
SIGPIPE: [libjvm.dylib+0x482594], sa_mask[0]=11111111011111110111111111111111, sa_flags=SA_RESTART|SA_SIGINFO
SIGXFSZ: [libjvm.dylib+0x482594], sa_mask[0]=11111111011111110111111111111111, sa_flags=SA_RESTART|SA_SIGINFO
SIGILL: [libjvm.dylib+0x482594], sa_mask[0]=11111111011111110111111111111111, sa_flags=SA_RESTART|SA_SIGINFO
SIGUSR1: SIG_DFL, sa_mask[0]=00000000000000000000000000000000, sa_flags=none
SIGUSR2: [libjvm.dylib+0x4820b2], sa_mask[0]=00100000000000000000000000000000, sa_flags=SA_RESTART|SA_SIGINFO
SIGHUP: [libjvm.dylib+0x480689], sa_mask[0]=11111111011111110111111111111111, sa_flags=SA_RESTART|SA_SIGINFO
SIGINT: [libjvm.dylib+0x480689], sa_mask[0]=11111111011111110111111111111111, sa_flags=SA_RESTART|SA_SIGINFO
SIGTERM: [libjvm.dylib+0x480689], sa_mask[0]=11111111011111110111111111111111, sa_flags=SA_RESTART|SA_SIGINFO
SIGQUIT: [libjvm.dylib+0x480689], sa_mask[0]=11111111011111110111111111111111, sa_flags=SA_RESTART|SA_SIGINFO


---------------  S Y S T E M  ---------------

OS:Bsduname:Darwin 16.7.0 Darwin Kernel Version 16.7.0: Thu Jun 15 17:36:27 PDT 2017; root:xnu-3789.70.16~2/RELEASE_X86_64 x86_64
rlimit: STACK 8192k, CORE 0k, NPROC 709, NOFILE 10240, AS infinity
load average:1.73 2.04 2.06

CPU:total 4 (2 cores per cpu, 2 threads per core) family 6 model 58 stepping 9, cmov, cx8, fxsr, mmx, sse, sse2, sse3, ssse3, sse4.1, sse4.2, popcnt, avx, aes, clmul, erms, ht, tsc, tscinvbit, tscinv

Memory: 4k page, physical 8388608k(286108k free)

/proc/meminfo:


vm_info: Java HotSpot(TM) 64-Bit Server VM (25.91-b14) for bsd-amd64 JRE (1.8.0_91-b14), built on Apr  1 2016 01:03:00 by "java_re" with gcc 4.2.1 (Based on Apple Inc. build 5658) (LLVM build 2336.11.00)

time: Sat Oct  7 23:18:23 2017
elapsed time: 0 seconds (0d 0h 0m 0s)

